<?xml version="1.0" encoding="UTF-8"?>
<!-- Generated by org.testng.reporters.JUnitXMLReporter -->
<testsuite hostname="INNOWAVE-383" ignored="0" name="SOI_66_TC05_AgreementCreation_Add_File_2_Agreement" tests="7" failures="0" timestamp="17 abr 2020 09:07:26 GMT" time="125.661" errors="0">
  <testcase name="step01" time="14.113" classname="delivery01.soi_66.SOI_66_TC05_AgreementCreation_Add_File_2_Agreement"/>
  <testcase name="step02" time="8.126" classname="delivery01.soi_66.SOI_66_TC05_AgreementCreation_Add_File_2_Agreement"/>
  <testcase name="step03" time="16.957" classname="delivery01.soi_66.SOI_66_TC05_AgreementCreation_Add_File_2_Agreement"/>
  <testcase name="step04" time="38.388" classname="delivery01.soi_66.SOI_66_TC05_AgreementCreation_Add_File_2_Agreement"/>
  <testcase name="step05" time="10.171" classname="delivery01.soi_66.SOI_66_TC05_AgreementCreation_Add_File_2_Agreement"/>
  <testcase name="step06" time="4.844" classname="delivery01.soi_66.SOI_66_TC05_AgreementCreation_Add_File_2_Agreement"/>
  <testcase name="step07" time="21.813" classname="delivery01.soi_66.SOI_66_TC05_AgreementCreation_Add_File_2_Agreement"/>
</testsuite> <!-- SOI_66_TC05_AgreementCreation_Add_File_2_Agreement -->
