<?xml version="1.0" encoding="UTF-8"?>
<!-- Generated by org.testng.reporters.JUnitXMLReporter -->
<testsuite hostname="INNOWAVE-383" ignored="0" name="SOI_66_TC02_AgreementCreation_Opportunity_Product_Not_MobileVoice" tests="5" failures="0" timestamp="17 abr 2020 09:03:13 GMT" time="116.801" errors="0">
  <testcase name="step01" time="11.583" classname="delivery01.soi_66.SOI_66_TC02_AgreementCreation_Opportunity_Product_Not_MobileVoice"/>
  <testcase name="step02" time="7.013" classname="delivery01.soi_66.SOI_66_TC02_AgreementCreation_Opportunity_Product_Not_MobileVoice"/>
  <testcase name="step03" time="17.809" classname="delivery01.soi_66.SOI_66_TC02_AgreementCreation_Opportunity_Product_Not_MobileVoice"/>
  <testcase name="step04" time="39.452" classname="delivery01.soi_66.SOI_66_TC02_AgreementCreation_Opportunity_Product_Not_MobileVoice"/>
  <testcase name="step05" time="30.016" classname="delivery01.soi_66.SOI_66_TC02_AgreementCreation_Opportunity_Product_Not_MobileVoice"/>
</testsuite> <!-- SOI_66_TC02_AgreementCreation_Opportunity_Product_Not_MobileVoice -->
