<?xml version="1.0" encoding="UTF-8"?>
<!-- Generated by org.testng.reporters.JUnitXMLReporter -->
<testsuite hostname="INNOWAVE-383" ignored="0" name="Default test" tests="9" failures="0" timestamp="26 fev 2020 11:58:50 GMT" time="95.728" errors="0">
  <testcase name="step01" time="12.858" classname="delivery01.soi_80.SOI_80_TC3_MobileOrderIntake_OrderListView_ConfigureListView_UserOrders_ColumnsConfig"/>
  <testcase name="step02" time="5.098" classname="delivery01.soi_80.SOI_80_TC3_MobileOrderIntake_OrderListView_ConfigureListView_UserOrders_ColumnsConfig"/>
  <testcase name="step03" time="3.145" classname="delivery01.soi_80.SOI_80_TC3_MobileOrderIntake_OrderListView_ConfigureListView_UserOrders_ColumnsConfig"/>
  <testcase name="step04" time="1.518" classname="delivery01.soi_80.SOI_80_TC3_MobileOrderIntake_OrderListView_ConfigureListView_UserOrders_ColumnsConfig"/>
  <testcase name="step05" time="27.842" classname="delivery01.soi_80.SOI_80_TC3_MobileOrderIntake_OrderListView_ConfigureListView_UserOrders_ColumnsConfig"/>
  <testcase name="step06" time="1.138" classname="delivery01.soi_80.SOI_80_TC3_MobileOrderIntake_OrderListView_ConfigureListView_UserOrders_ColumnsConfig"/>
  <testcase name="step07" time="27.965" classname="delivery01.soi_80.SOI_80_TC3_MobileOrderIntake_OrderListView_ConfigureListView_UserOrders_ColumnsConfig"/>
  <testcase name="step08" time="1.185" classname="delivery01.soi_80.SOI_80_TC3_MobileOrderIntake_OrderListView_ConfigureListView_UserOrders_ColumnsConfig"/>
  <testcase name="step09" time="2.493" classname="delivery01.soi_80.SOI_80_TC3_MobileOrderIntake_OrderListView_ConfigureListView_UserOrders_ColumnsConfig"/>
</testsuite> <!-- Default test -->
