###############################################################################
Simple Ordering Intake Project - Test Automation
###############################################################################
Test Case: SOI_1013_TC02_DS_Sync_ProductBasket_ProductNotValid_NegativeTest
Log Date: 04-01-2021 09:07:45
Test Status: Failed
###############################################################################
04-01-2021 09:07:59 - INFO - startTest - Test Case: SOI_1013_TC02_DS_Sync_ProductBasket_ProductNotValid_NegativeTest initiation
04-01-2021 09:08:06 - TRACE - goToLoginPage - Executed with success
04-01-2021 09:08:10 - TRACE - fillcredentials - Executed with success
04-01-2021 09:08:26 - TRACE - pressLoginButton - Executed with success
04-01-2021 09:08:26 - INFO - loginDirectSales on Step 1 - Executed with success
04-01-2021 09:08:31 - TRACE - homePageValidation - Executed with success
04-01-2021 09:08:31 - INFO - loginSFDS - Step 1 - Executed with success
04-01-2021 09:08:44 - TRACE - goToCompanyDetailsPage - Executed with success
04-01-2021 09:08:48 - TRACE - companyPageValidation - Executed with success
04-01-2021 09:08:48 - INFO - navigateToCompanyPage - Step 2 - Executed with success
04-01-2021 09:08:53 - TRACE - openQuickSaleOPTYScreen - Executed with success
04-01-2021 09:09:02 - TRACE - quickSaleFormValidation - Succeeded in Step: 3
04-01-2021 09:09:02 - INFO - startQuickSaleOPTY - Executed with success
04-01-2021 09:09:03 - ERROR - validateQuickSalePreFilledFields - Executed with errors - java.lang.Exception: Validate the pre filled fields - Failed in Step: 4
04-01-2021 09:09:03 - ERROR - SOI_1013_TC02_DS_Sync_ProductBasket_ProductNotValid_NegativeTest - Test Failed - java.lang.Exception: Validate the pre filled fields - Failed in Step: 4
04-01-2021 09:09:03 - ERROR - SOI_1013_TC02_DS_Sync_ProductBasket_ProductNotValid_NegativeTest - Test Failed - java.lang.Exception: SOI_1013_TC02_DS_Sync_ProductBasket_ProductNotValid_NegativeTest: Failed
04-01-2021 09:09:03 - ERROR - SOI_1013_TC02_DS_Sync_ProductBasket_ProductNotValid_NegativeTest - Test Failed - java.lang.Exception: SOI_1013_TC02_DS_Sync_ProductBasket_ProductNotValid_NegativeTest: Failed
04-01-2021 09:09:03 - ERROR - SOI_1013_TC02_DS_Sync_ProductBasket_ProductNotValid_NegativeTest - Test Failed - java.lang.Exception: SOI_1013_TC02_DS_Sync_ProductBasket_ProductNotValid_NegativeTest: Test Case Failed
04-01-2021 09:09:03 - ERROR - SOI_1013_TC02_DS_Sync_ProductBasket_ProductNotValid_NegativeTest - Test Failed - java.lang.Exception: SOI_1013_TC02_DS_Sync_ProductBasket_ProductNotValid_NegativeTest: Failed
04-01-2021 09:09:03 - ERROR - SOI_1013_TC02_DS_Sync_ProductBasket_ProductNotValid_NegativeTest - Test Execution Failed - java.lang.Exception: SOI_1013_TC02_DS_Sync_ProductBasket_ProductNotValid_NegativeTest: Test Case Failed
04-01-2021 09:09:03 - INFO - finishTest - Test Case: SOI_1013_TC02_DS_Sync_ProductBasket_ProductNotValid_NegativeTest completion
############################# End Of Log File #################################
