<?xml version="1.0" encoding="UTF-8"?>
<!-- Generated by org.testng.reporters.JUnitXMLReporter -->
<testsuite hostname="INNOWAVE-383" ignored="0" name="AgreementCreation_From_Oportunity_MobileVoice_Negative" tests="5" failures="0" timestamp="05 fev 2020 14:00:36 GMT" time="78.985" errors="0">
  <testcase name="step01" time="9.72" classname="delivery01.soi_66.AgreementCreation_From_Oportunity_MobileVoice_Negative"/>
  <testcase name="step02" time="8.352" classname="delivery01.soi_66.AgreementCreation_From_Oportunity_MobileVoice_Negative"/>
  <testcase name="step03" time="14.064" classname="delivery01.soi_66.AgreementCreation_From_Oportunity_MobileVoice_Negative"/>
  <testcase name="step04" time="34.761" classname="delivery01.soi_66.AgreementCreation_From_Oportunity_MobileVoice_Negative"/>
  <testcase name="step05" time="1.153" classname="delivery01.soi_66.AgreementCreation_From_Oportunity_MobileVoice_Negative"/>
</testsuite> <!-- AgreementCreation_From_Oportunity_MobileVoice_Negative -->
