<?xml version="1.0" encoding="UTF-8"?>
<!-- Generated by org.testng.reporters.JUnitXMLReporter -->
<testsuite hostname="INNOWAVE-383" ignored="0" name="AgreementCreation_From_Oportunity_MobileVoice_EditAgreement" tests="7" failures="1" timestamp="05 fev 2020 14:01:21 GMT" time="45.4" errors="0">
  <testcase name="step01" time="9.465" classname="delivery01.soi_66.AgreementCreation_From_Oportunity_MobileVoice_EditAgreement"/>
  <testcase name="step02" time="7.692" classname="delivery01.soi_66.AgreementCreation_From_Oportunity_MobileVoice_EditAgreement"/>
  <testcase name="step03" time="14.552" classname="delivery01.soi_66.AgreementCreation_From_Oportunity_MobileVoice_EditAgreement"/>
  <testcase name="step04" time="2.66" classname="delivery01.soi_66.AgreementCreation_From_Oportunity_MobileVoice_EditAgreement">
    <failure type="java.lang.Exception" message="Test Failed on Step 4">
      <![CDATA[java.lang.Exception: Test Failed on Step 4
at delivery01.soi_66.AgreementCreation_From_Oportunity_MobileVoice_EditAgreement.step04(AgreementCreation_From_Oportunity_MobileVoice_EditAgreement.java:213)
Caused by: java.lang.Exception: Add Product To Opportunity Failed
at actions.FunctionalActionsSFDS.addProductToOppie(FunctionalActionsSFDS.java:106)
at delivery01.soi_66.AgreementCreation_From_Oportunity_MobileVoice_EditAgreement.step04(AgreementCreation_From_Oportunity_MobileVoice_EditAgreement.java:186)
... 25 more
Caused by: org.openqa.selenium.ElementClickInterceptedException: element click intercepted: Element <div class="primaryLabel slds-truncate slds-lookup__result-text" title="Mobile Voice" data-aura-rendered-by="32:4111;a">...</div> is not clickable at point (484, 222). Other element would receive the click: <div class="slds-truncate" title="..." data-aura-rendered-by="2552:0">OPTY_20200205_TC3_Ex1</div>
  (Session info: chrome=79.0.3945.130)
Build info: version: '3.141.59', revision: 'e82be7d358', time: '2018-11-14T08:17:03'
System info: host: 'INNOWAVE-383', ip: '10.247.176.151', os.name: 'Windows 10', os.arch: 'amd64', os.version: '10.0', java.version: '1.8.0_212'
Driver info: org.openqa.selenium.chrome.ChromeDriver
Capabilities {acceptInsecureCerts: false, browserName: chrome, browserVersion: 79.0.3945.130, chrome: {chromedriverVersion: 79.0.3945.36 (3582db32b3389..., userDataDir: C:\Users\LUIS~1.ACH\AppData...}, goog:chromeOptions: {debuggerAddress: localhost:54392}, javascriptEnabled: true, networkConnectionEnabled: false, pageLoadStrategy: normal, platform: WINDOWS, platformName: WINDOWS, proxy: Proxy(), setWindowRect: true, strictFileInteractability: false, timeouts: {implicit: 0, pageLoad: 300000, script: 30000}, unhandledPromptBehavior: dismiss and notify}
Session ID: 4d7ff322f9c2e5203b6e17c11552edd1
at org.openqa.selenium.remote.http.W3CHttpResponseCodec.createException(W3CHttpResponseCodec.java:187)
at org.openqa.selenium.remote.http.W3CHttpResponseCodec.decode(W3CHttpResponseCodec.java:122)
at org.openqa.selenium.remote.http.W3CHttpResponseCodec.decode(W3CHttpResponseCodec.java:49)
at org.openqa.selenium.remote.HttpCommandExecutor.execute(HttpCommandExecutor.java:158)
at org.openqa.selenium.remote.service.DriverCommandExecutor.execute(DriverCommandExecutor.java:83)
at org.openqa.selenium.remote.RemoteWebDriver.execute(RemoteWebDriver.java:552)
at org.openqa.selenium.remote.RemoteWebElement.execute(RemoteWebElement.java:285)
at org.openqa.selenium.remote.RemoteWebElement.click(RemoteWebElement.java:84)
at actions.FunctionalActionsSFDS.addProductToOppie(FunctionalActionsSFDS.java:97)
... 26 more
... Removed 29 stack frames]]>
    </failure>
  </testcase> <!-- step04 -->
  <testcase name="step05" time="0.0" classname="delivery01.soi_66.AgreementCreation_From_Oportunity_MobileVoice_EditAgreement">
    <skipped/>
  </testcase> <!-- step05 -->
  <testcase name="step06" time="0.0" classname="delivery01.soi_66.AgreementCreation_From_Oportunity_MobileVoice_EditAgreement">
    <skipped/>
  </testcase> <!-- step06 -->
  <testcase name="step07" time="0.0" classname="delivery01.soi_66.AgreementCreation_From_Oportunity_MobileVoice_EditAgreement">
    <skipped/>
  </testcase> <!-- step07 -->
</testsuite> <!-- AgreementCreation_From_Oportunity_MobileVoice_EditAgreement -->
