<?xml version="1.0" encoding="UTF-8"?>
<!-- Generated by org.testng.reporters.JUnitXMLReporter -->
<testsuite hostname="INNOWAVE-383" ignored="0" name="AgreementCreation_From_Oportunity_MobileVoice_EditAgreement" tests="7" failures="1" timestamp="09 jan 2020 18:23:49 GMT" time="49.062" errors="0">
  <testcase name="step01" time="14.55" classname="delivery01.soi_66.AgreementCreation_From_Oportunity_MobileVoice_EditAgreement"/>
  <testcase name="step02" time="10.404" classname="delivery01.soi_66.AgreementCreation_From_Oportunity_MobileVoice_EditAgreement"/>
  <testcase name="step03" time="13.409" classname="delivery01.soi_66.AgreementCreation_From_Oportunity_MobileVoice_EditAgreement"/>
  <testcase name="step04" time="2.758" classname="delivery01.soi_66.AgreementCreation_From_Oportunity_MobileVoice_EditAgreement">
    <failure type="java.lang.Exception" message="Test Failed on Step 4">
      <![CDATA[java.lang.Exception: Test Failed on Step 4
at delivery01.soi_66.AgreementCreation_From_Oportunity_MobileVoice_EditAgreement.step04(AgreementCreation_From_Oportunity_MobileVoice_EditAgreement.java:213)
Caused by: java.lang.Exception: Add Product To Opportunity Failed
at actions.FunctionalActionsSFDS.addProductToOppie(FunctionalActionsSFDS.java:105)
at delivery01.soi_66.AgreementCreation_From_Oportunity_MobileVoice_EditAgreement.step04(AgreementCreation_From_Oportunity_MobileVoice_EditAgreement.java:186)
... 26 more
Caused by: org.openqa.selenium.ElementClickInterceptedException: element click intercepted: Element <div class="primaryLabel slds-truncate slds-lookup__result-text" title="Mobile Voice" data-aura-rendered-by="32:4621;a">...</div> is not clickable at point (484, 222). Other element would receive the click: <div class="slds-truncate" title="..." data-aura-rendered-by="3157:0">OPTY_20200109_TC3_Ex2</div>
  (Session info: chrome=79.0.3945.117)
Build info: version: '3.141.59', revision: 'e82be7d358', time: '2018-11-14T08:17:03'
System info: host: 'INNOWAVE-383', ip: '192.168.0.164', os.name: 'Windows 10', os.arch: 'amd64', os.version: '10.0', java.version: '1.8.0_212'
Driver info: org.openqa.selenium.chrome.ChromeDriver
Capabilities {acceptInsecureCerts: false, browserName: chrome, browserVersion: 79.0.3945.117, chrome: {chromedriverVersion: 79.0.3945.36 (3582db32b3389..., userDataDir: C:\Users\LUIS~1.ACH\AppData...}, goog:chromeOptions: {debuggerAddress: localhost:60233}, javascriptEnabled: true, networkConnectionEnabled: false, pageLoadStrategy: normal, platform: WINDOWS, platformName: WINDOWS, proxy: Proxy(), setWindowRect: true, strictFileInteractability: false, timeouts: {implicit: 0, pageLoad: 300000, script: 30000}, unhandledPromptBehavior: dismiss and notify}
Session ID: 5e4902138883b0958d873be3167bec31
at org.openqa.selenium.remote.http.W3CHttpResponseCodec.createException(W3CHttpResponseCodec.java:187)
at org.openqa.selenium.remote.http.W3CHttpResponseCodec.decode(W3CHttpResponseCodec.java:122)
at org.openqa.selenium.remote.http.W3CHttpResponseCodec.decode(W3CHttpResponseCodec.java:49)
at org.openqa.selenium.remote.HttpCommandExecutor.execute(HttpCommandExecutor.java:158)
at org.openqa.selenium.remote.service.DriverCommandExecutor.execute(DriverCommandExecutor.java:83)
at org.openqa.selenium.remote.RemoteWebDriver.execute(RemoteWebDriver.java:552)
at org.openqa.selenium.remote.RemoteWebElement.execute(RemoteWebElement.java:285)
at org.openqa.selenium.remote.RemoteWebElement.click(RemoteWebElement.java:84)
at actions.FunctionalActionsSFDS.addProductToOppie(FunctionalActionsSFDS.java:96)
... 27 more
... Removed 30 stack frames]]>
    </failure>
  </testcase> <!-- step04 -->
  <testcase name="step05" time="0.0" classname="delivery01.soi_66.AgreementCreation_From_Oportunity_MobileVoice_EditAgreement">
    <skipped/>
  </testcase> <!-- step05 -->
  <testcase name="step06" time="0.0" classname="delivery01.soi_66.AgreementCreation_From_Oportunity_MobileVoice_EditAgreement">
    <skipped/>
  </testcase> <!-- step06 -->
  <testcase name="step07" time="0.0" classname="delivery01.soi_66.AgreementCreation_From_Oportunity_MobileVoice_EditAgreement">
    <skipped/>
  </testcase> <!-- step07 -->
</testsuite> <!-- AgreementCreation_From_Oportunity_MobileVoice_EditAgreement -->
