<?xml version="1.0" encoding="UTF-8"?>
<!-- Generated by org.testng.reporters.JUnitXMLReporter -->
<testsuite hostname="INNOWAVE-383" ignored="0" name="AgreementCreation_From_Oportunity_MobileVoice" tests="6" failures="1" timestamp="05 fev 2020 13:59:17 GMT" time="44.761" errors="0">
  <testcase name="step01" time="12.721" classname="delivery01.soi_66.AgreementCreation_From_Oportunity_MobileVoice"/>
  <testcase name="step02" time="21.721" classname="delivery01.soi_66.AgreementCreation_From_Oportunity_MobileVoice">
    <failure type="java.lang.Exception" message="Test Failed on Step 2">
      <![CDATA[java.lang.Exception: Test Failed on Step 2
at delivery01.soi_66.AgreementCreation_From_Oportunity_MobileVoice.step02(AgreementCreation_From_Oportunity_MobileVoice.java:152)
Caused by: java.lang.Exception: Validation Failed on Step 2
at delivery01.soi_66.AgreementCreation_From_Oportunity_MobileVoice.step02(AgreementCreation_From_Oportunity_MobileVoice.java:146)
... 25 more
... Removed 25 stack frames]]>
    </failure>
  </testcase> <!-- step02 -->
  <testcase name="step03" time="0.0" classname="delivery01.soi_66.AgreementCreation_From_Oportunity_MobileVoice">
    <skipped/>
  </testcase> <!-- step03 -->
  <testcase name="step04" time="0.0" classname="delivery01.soi_66.AgreementCreation_From_Oportunity_MobileVoice">
    <skipped/>
  </testcase> <!-- step04 -->
  <testcase name="step05" time="0.0" classname="delivery01.soi_66.AgreementCreation_From_Oportunity_MobileVoice">
    <skipped/>
  </testcase> <!-- step05 -->
  <testcase name="step06" time="0.0" classname="delivery01.soi_66.AgreementCreation_From_Oportunity_MobileVoice">
    <skipped/>
  </testcase> <!-- step06 -->
</testsuite> <!-- AgreementCreation_From_Oportunity_MobileVoice -->
