<?xml version="1.0" encoding="UTF-8"?>
<!-- Generated by org.testng.reporters.JUnitXMLReporter -->
<testsuite hostname="INNOWAVE-383" ignored="0" name="J1835004000_64_TC02_QuickSaleOpportunity_OpportunityCreation" tests="1" failures="1" timestamp="21 dez 2020 23:11:34 GMT" time="30.811" errors="0">
  <testcase name="testCase" time="23.373" classname="sq.J1835004000_64.J1835004000_64_TC02_QuickSaleOpportunity_OpportunityCreation">
    <failure type="java.lang.Exception" message="J1835004000_64_TC02_QuickSaleOpportunity_OpportunityCreation - Execution Failed">
      <![CDATA[java.lang.Exception: J1835004000_64_TC02_QuickSaleOpportunity_OpportunityCreation - Execution Failed
at sq.J1835004000_64.J1835004000_64_TC02_QuickSaleOpportunity_OpportunityCreation.testCase(J1835004000_64_TC02_QuickSaleOpportunity_OpportunityCreation.java:60)
Caused by: java.lang.Exception: J1835004000_64_TC02_QuickSaleOpportunity_OpportunityCreation: Failed
at simpleQuoting.J1835004000_64.J1835004000_64_TC02_QuickSaleOpportunity_OpportunityCreation(J1835004000_64.java:74)
at sq.J1835004000_64.J1835004000_64_TC02_QuickSaleOpportunity_OpportunityCreation.testCase(J1835004000_64_TC02_QuickSaleOpportunity_OpportunityCreation.java:54)
... 25 more
... Removed 25 stack frames]]>
    </failure>
  </testcase> <!-- testCase -->
</testsuite> <!-- J1835004000_64_TC02_QuickSaleOpportunity_OpportunityCreation -->
