<?xml version="1.0" encoding="UTF-8"?>
<!-- Generated by org.testng.reporters.JUnitXMLReporter -->
<testsuite ignored="0" hostname="INNOWAVE-383" failures="1" tests="1" name="J1835004000_64_TC02_QuickSaleOpportunity_OpportunityCreation" time="97.53" errors="0" timestamp="04 jan 2021 09:17:46 GMT">
  <testcase classname="sq.J1835004000_64.J1835004000_64_TC02_QuickSaleOpportunity_OpportunityCreation" name="testCase" time="68.411">
    <failure type="java.lang.Exception" message="J1835004000_64_TC02_QuickSaleOpportunity_OpportunityCreation - Execution Failed">
      <![CDATA[java.lang.Exception: J1835004000_64_TC02_QuickSaleOpportunity_OpportunityCreation - Execution Failed
at sq.J1835004000_64.J1835004000_64_TC02_QuickSaleOpportunity_OpportunityCreation.testCase(J1835004000_64_TC02_QuickSaleOpportunity_OpportunityCreation.java:60)
Caused by: java.lang.Exception: J1835004000_64_TC02_QuickSaleOpportunity_OpportunityCreation: Failed
at simpleQuoting.J1835004000_64.J1835004000_64_TC02_QuickSaleOpportunity_OpportunityCreation(J1835004000_64.java:74)
at sq.J1835004000_64.J1835004000_64_TC02_QuickSaleOpportunity_OpportunityCreation.testCase(J1835004000_64_TC02_QuickSaleOpportunity_OpportunityCreation.java:54)
... 25 more
... Removed 25 stack frames]]>
    </failure>
  </testcase> <!-- testCase -->
</testsuite> <!-- J1835004000_64_TC02_QuickSaleOpportunity_OpportunityCreation -->
