<?xml version="1.0" encoding="UTF-8"?>
<!-- Generated by org.testng.reporters.JUnitXMLReporter -->
<testsuite hostname="INNOWAVE-383" ignored="0" name="J1835004000_64_TC01_QuickSaleOpportunity_PreFilledFields" tests="1" failures="1" timestamp="21 dez 2020 23:11:03 GMT" time="32.349" errors="0">
  <testcase name="testCase" time="23.952" classname="sq.J1835004000_64.J1835004000_64_TC01_QuickSaleOpportunity_PreFilledFields">
    <failure type="java.lang.Exception" message="J1835004000_64_TC01_QuickSaleOpportunity_PreFilledFields - Execution Failed">
      <![CDATA[java.lang.Exception: J1835004000_64_TC01_QuickSaleOpportunity_PreFilledFields - Execution Failed
at sq.J1835004000_64.J1835004000_64_TC01_QuickSaleOpportunity_PreFilledFields.testCase(J1835004000_64_TC01_QuickSaleOpportunity_PreFilledFields.java:62)
Caused by: java.lang.Exception: J1835004000_64_TC01_QuickSaleOpportunity_PreFilledFields: Failed
at simpleQuoting.J1835004000_64.J1835004000_64_TC01_QuickSaleOpportunity_PreFilledFields(J1835004000_64.java:43)
at sq.J1835004000_64.J1835004000_64_TC01_QuickSaleOpportunity_PreFilledFields.testCase(J1835004000_64_TC01_QuickSaleOpportunity_PreFilledFields.java:56)
... 25 more
... Removed 25 stack frames]]>
    </failure>
  </testcase> <!-- testCase -->
</testsuite> <!-- J1835004000_64_TC01_QuickSaleOpportunity_PreFilledFields -->
