<?xml version="1.0" encoding="UTF-8"?>
<!-- Generated by org.testng.reporters.JUnitXMLReporter -->
<testsuite ignored="0" hostname="INNOWAVE-383" failures="1" tests="1" name="J1835004000_64_TC01_QuickSaleOpportunity_PreFilledFields" time="73.841" errors="0" timestamp="04 jan 2021 09:16:08 GMT">
  <testcase classname="sq.J1835004000_64.J1835004000_64_TC01_QuickSaleOpportunity_PreFilledFields" name="testCase" time="55.101">
    <failure type="java.lang.Exception" message="J1835004000_64_TC01_QuickSaleOpportunity_PreFilledFields - Execution Failed">
      <![CDATA[java.lang.Exception: J1835004000_64_TC01_QuickSaleOpportunity_PreFilledFields - Execution Failed
at sq.J1835004000_64.J1835004000_64_TC01_QuickSaleOpportunity_PreFilledFields.testCase(J1835004000_64_TC01_QuickSaleOpportunity_PreFilledFields.java:62)
Caused by: java.lang.Exception: J1835004000_64_TC01_QuickSaleOpportunity_PreFilledFields: Failed
at simpleQuoting.J1835004000_64.J1835004000_64_TC01_QuickSaleOpportunity_PreFilledFields(J1835004000_64.java:43)
at sq.J1835004000_64.J1835004000_64_TC01_QuickSaleOpportunity_PreFilledFields.testCase(J1835004000_64_TC01_QuickSaleOpportunity_PreFilledFields.java:56)
... 25 more
... Removed 25 stack frames]]>
    </failure>
  </testcase> <!-- testCase -->
</testsuite> <!-- J1835004000_64_TC01_QuickSaleOpportunity_PreFilledFields -->
