<?xml version="1.0" encoding="UTF-8"?>
<!-- Generated by org.testng.reporters.JUnitXMLReporter -->
<testsuite hostname="INNOWAVE-383" ignored="0" name="SOI_150_TC1_MobileOrderIntake_MACD_Flow" tests="10" failures="1" timestamp="14 set 2020 14:40:38 GMT" time="49.718" errors="0">
  <testcase name="step01" time="10.778" classname="delivery01.soi_150.SOI_150_TC1_MobileOrderIntake_MACD_Flow"/>
  <testcase name="step02" time="27.385" classname="delivery01.soi_150.SOI_150_TC1_MobileOrderIntake_MACD_Flow">
    <failure type="java.lang.Exception" message="Test Failed on Step 2">
      <![CDATA[java.lang.Exception: Test Failed on Step 2
at delivery01.soi_150.SOI_150_TC1_MobileOrderIntake_MACD_Flow.step02(SOI_150_TC1_MobileOrderIntake_MACD_Flow.java:97)
Caused by: java.lang.Exception: Validation Failed on Step 2
at delivery01.soi_150.SOI_150_TC1_MobileOrderIntake_MACD_Flow.step02(SOI_150_TC1_MobileOrderIntake_MACD_Flow.java:91)
... 25 more
... Removed 25 stack frames]]>
    </failure>
  </testcase> <!-- step02 -->
  <testcase name="step03" time="0.0" classname="delivery01.soi_150.SOI_150_TC1_MobileOrderIntake_MACD_Flow">
    <skipped/>
  </testcase> <!-- step03 -->
  <testcase name="step04" time="0.0" classname="delivery01.soi_150.SOI_150_TC1_MobileOrderIntake_MACD_Flow">
    <skipped/>
  </testcase> <!-- step04 -->
  <testcase name="step05" time="0.0" classname="delivery01.soi_150.SOI_150_TC1_MobileOrderIntake_MACD_Flow">
    <skipped/>
  </testcase> <!-- step05 -->
  <testcase name="step06" time="0.0" classname="delivery01.soi_150.SOI_150_TC1_MobileOrderIntake_MACD_Flow">
    <skipped/>
  </testcase> <!-- step06 -->
  <testcase name="step07" time="0.0" classname="delivery01.soi_150.SOI_150_TC1_MobileOrderIntake_MACD_Flow">
    <skipped/>
  </testcase> <!-- step07 -->
  <testcase name="step08" time="0.0" classname="delivery01.soi_150.SOI_150_TC1_MobileOrderIntake_MACD_Flow">
    <skipped/>
  </testcase> <!-- step08 -->
  <testcase name="step09" time="0.0" classname="delivery01.soi_150.SOI_150_TC1_MobileOrderIntake_MACD_Flow">
    <skipped/>
  </testcase> <!-- step09 -->
  <testcase name="step10" time="0.0" classname="delivery01.soi_150.SOI_150_TC1_MobileOrderIntake_MACD_Flow">
    <skipped/>
  </testcase> <!-- step10 -->
</testsuite> <!-- SOI_150_TC1_MobileOrderIntake_MACD_Flow -->
