<?xml version="1.0" encoding="UTF-8"?>
<!-- Generated by org.testng.reporters.JUnitXMLReporter -->
<testsuite hostname="INNOWAVE-383" ignored="0" name="SOI_150_TC4_PC_MobileOrderIntake_MACD_Flow" tests="10" failures="0" timestamp="27 fev 2020 14:51:17 GMT" time="93.7" errors="0">
  <testcase name="step01" time="7.885" classname="delivery01.soi_150.SOI_150_TC4_PC_MobileOrderIntake_MACD_Flow"/>
  <testcase name="step02" time="6.928" classname="delivery01.soi_150.SOI_150_TC4_PC_MobileOrderIntake_MACD_Flow"/>
  <testcase name="step03" time="3.194" classname="delivery01.soi_150.SOI_150_TC4_PC_MobileOrderIntake_MACD_Flow"/>
  <testcase name="step04" time="1.226" classname="delivery01.soi_150.SOI_150_TC4_PC_MobileOrderIntake_MACD_Flow"/>
  <testcase name="step05" time="1.297" classname="delivery01.soi_150.SOI_150_TC4_PC_MobileOrderIntake_MACD_Flow"/>
  <testcase name="step06" time="3.271" classname="delivery01.soi_150.SOI_150_TC4_PC_MobileOrderIntake_MACD_Flow"/>
  <testcase name="step07" time="49.562" classname="delivery01.soi_150.SOI_150_TC4_PC_MobileOrderIntake_MACD_Flow"/>
  <testcase name="step08" time="2.567" classname="delivery01.soi_150.SOI_150_TC4_PC_MobileOrderIntake_MACD_Flow"/>
  <testcase name="step09" time="2.653" classname="delivery01.soi_150.SOI_150_TC4_PC_MobileOrderIntake_MACD_Flow"/>
  <testcase name="step10" time="4.117" classname="delivery01.soi_150.SOI_150_TC4_PC_MobileOrderIntake_MACD_Flow"/>
</testsuite> <!-- SOI_150_TC4_PC_MobileOrderIntake_MACD_Flow -->
