<?xml version="1.0" encoding="UTF-8"?>
<!-- Generated by org.testng.reporters.JUnitXMLReporter -->
<testsuite hostname="INNOWAVE-383" ignored="0" name="SOI_150_TC1_MobileOrderIntake_MACD_Flow" tests="10" failures="0" timestamp="15 abr 2020 10:47:32 GMT" time="149.224" errors="0">
  <testcase name="step01" time="21.335" classname="delivery01.soi_150.SOI_150_TC1_MobileOrderIntake_MACD_Flow"/>
  <testcase name="step02" time="12.611" classname="delivery01.soi_150.SOI_150_TC1_MobileOrderIntake_MACD_Flow"/>
  <testcase name="step03" time="4.243" classname="delivery01.soi_150.SOI_150_TC1_MobileOrderIntake_MACD_Flow"/>
  <testcase name="step04" time="2.078" classname="delivery01.soi_150.SOI_150_TC1_MobileOrderIntake_MACD_Flow"/>
  <testcase name="step05" time="2.04" classname="delivery01.soi_150.SOI_150_TC1_MobileOrderIntake_MACD_Flow"/>
  <testcase name="step06" time="27.573" classname="delivery01.soi_150.SOI_150_TC1_MobileOrderIntake_MACD_Flow"/>
  <testcase name="step07" time="51.494" classname="delivery01.soi_150.SOI_150_TC1_MobileOrderIntake_MACD_Flow"/>
  <testcase name="step08" time="5.011" classname="delivery01.soi_150.SOI_150_TC1_MobileOrderIntake_MACD_Flow"/>
  <testcase name="step09" time="6.676" classname="delivery01.soi_150.SOI_150_TC1_MobileOrderIntake_MACD_Flow"/>
  <testcase name="step10" time="6.086" classname="delivery01.soi_150.SOI_150_TC1_MobileOrderIntake_MACD_Flow"/>
</testsuite> <!-- SOI_150_TC1_MobileOrderIntake_MACD_Flow -->
