<?xml version="1.0" encoding="UTF-8"?>
<testng-results skipped="1" failed="1" ignored="0" total="6" passed="4">
  <reporter-output>
  </reporter-output>
  <suite name="Default suite" duration-ms="102676" started-at="2020-07-11T23:21:48Z" finished-at="2020-07-11T23:23:30Z">
    <groups>
    </groups>
    <test name="Default test" duration-ms="102676" started-at="2020-07-11T23:21:48Z" finished-at="2020-07-11T23:23:30Z">
      <class name="delivery01.soi_66.SOI_66_TC01_AgreementCreation_From_Oportunity_MobileVoice">
        <test-method status="PASS" signature="beforeTest()[pri:0, instance:delivery01.soi_66.SOI_66_TC01_AgreementCreation_From_Oportunity_MobileVoice@4dfa3a9d]" name="beforeTest" is-config="true" duration-ms="6181" started-at="2020-07-11T23:21:48Z" finished-at="2020-07-11T23:21:54Z">
          <reporter-output>
          </reporter-output>
        </test-method> <!-- beforeTest -->
        <test-method status="PASS" signature="step01()[pri:0, instance:delivery01.soi_66.SOI_66_TC01_AgreementCreation_From_Oportunity_MobileVoice@4dfa3a9d]" name="step01" duration-ms="12787" started-at="2020-07-11T23:21:54Z" finished-at="2020-07-11T23:22:07Z">
          <reporter-output>
          </reporter-output>
        </test-method> <!-- step01 -->
        <test-method status="PASS" signature="step02()[pri:0, instance:delivery01.soi_66.SOI_66_TC01_AgreementCreation_From_Oportunity_MobileVoice@4dfa3a9d]" name="step02" duration-ms="7819" started-at="2020-07-11T23:22:07Z" depends-on-methods="delivery01.soi_66.SOI_66_TC01_AgreementCreation_From_Oportunity_MobileVoice.step01" finished-at="2020-07-11T23:22:14Z">
          <reporter-output>
          </reporter-output>
        </test-method> <!-- step02 -->
        <test-method status="PASS" signature="step03()[pri:0, instance:delivery01.soi_66.SOI_66_TC01_AgreementCreation_From_Oportunity_MobileVoice@4dfa3a9d]" name="step03" duration-ms="17342" started-at="2020-07-11T23:22:14Z" depends-on-methods="delivery01.soi_66.SOI_66_TC01_AgreementCreation_From_Oportunity_MobileVoice.step02" finished-at="2020-07-11T23:22:32Z">
          <reporter-output>
          </reporter-output>
        </test-method> <!-- step03 -->
        <test-method status="PASS" signature="step04()[pri:0, instance:delivery01.soi_66.SOI_66_TC01_AgreementCreation_From_Oportunity_MobileVoice@4dfa3a9d]" name="step04" duration-ms="36677" started-at="2020-07-11T23:22:32Z" depends-on-methods="delivery01.soi_66.SOI_66_TC01_AgreementCreation_From_Oportunity_MobileVoice.step03" finished-at="2020-07-11T23:23:08Z">
          <reporter-output>
          </reporter-output>
        </test-method> <!-- step04 -->
        <test-method status="FAIL" signature="step05()[pri:0, instance:delivery01.soi_66.SOI_66_TC01_AgreementCreation_From_Oportunity_MobileVoice@4dfa3a9d]" name="step05" duration-ms="20512" started-at="2020-07-11T23:23:08Z" depends-on-methods="delivery01.soi_66.SOI_66_TC01_AgreementCreation_From_Oportunity_MobileVoice.step04" finished-at="2020-07-11T23:23:29Z">
          <exception class="java.lang.Exception">
            <message>
              <![CDATA[Test Failed on Step 5]]>
            </message>
            <full-stacktrace>
              <![CDATA[java.lang.Exception: Test Failed on Step 5
at delivery01.soi_66.SOI_66_TC01_AgreementCreation_From_Oportunity_MobileVoice.step05(SOI_66_TC01_AgreementCreation_From_Oportunity_MobileVoice.java:225)
at sun.reflect.NativeMethodAccessorImpl.invoke0(Native Method)
at sun.reflect.NativeMethodAccessorImpl.invoke(NativeMethodAccessorImpl.java:62)
at sun.reflect.DelegatingMethodAccessorImpl.invoke(DelegatingMethodAccessorImpl.java:43)
at java.lang.reflect.Method.invoke(Method.java:498)
at org.testng.internal.MethodInvocationHelper.invokeMethod(MethodInvocationHelper.java:124)
at org.testng.internal.Invoker.invokeMethod(Invoker.java:583)
at org.testng.internal.Invoker.invokeTestMethod(Invoker.java:719)
at org.testng.internal.Invoker.invokeTestMethods(Invoker.java:989)
at org.testng.internal.TestMethodWorker.invokeTestMethods(TestMethodWorker.java:125)
at org.testng.internal.TestMethodWorker.run(TestMethodWorker.java:109)
at org.testng.TestRunner.privateRun(TestRunner.java:648)
at org.testng.TestRunner.run(TestRunner.java:505)
at org.testng.SuiteRunner.runTest(SuiteRunner.java:455)
at org.testng.SuiteRunner.runSequentially(SuiteRunner.java:450)
at org.testng.SuiteRunner.privateRun(SuiteRunner.java:415)
at org.testng.SuiteRunner.run(SuiteRunner.java:364)
at org.testng.SuiteRunnerWorker.runSuite(SuiteRunnerWorker.java:52)
at org.testng.SuiteRunnerWorker.run(SuiteRunnerWorker.java:84)
at org.testng.TestNG.runSuitesSequentially(TestNG.java:1208)
at org.testng.TestNG.runSuitesLocally(TestNG.java:1137)
at org.testng.TestNG.runSuites(TestNG.java:1049)
at org.testng.TestNG.run(TestNG.java:1017)
at org.testng.remote.AbstractRemoteTestNG.run(AbstractRemoteTestNG.java:115)
at org.testng.remote.RemoteTestNG.initAndRun(RemoteTestNG.java:251)
at org.testng.remote.RemoteTestNG.main(RemoteTestNG.java:77)
Caused by: java.lang.Exception: Validation Failed on Step 5
at delivery01.soi_66.SOI_66_TC01_AgreementCreation_From_Oportunity_MobileVoice.step05(SOI_66_TC01_AgreementCreation_From_Oportunity_MobileVoice.java:219)
... 25 more
]]>
            </full-stacktrace>
          </exception> <!-- java.lang.Exception -->
          <reporter-output>
          </reporter-output>
        </test-method> <!-- step05 -->
        <test-method status="SKIP" signature="step06()[pri:0, instance:delivery01.soi_66.SOI_66_TC01_AgreementCreation_From_Oportunity_MobileVoice@4dfa3a9d]" name="step06" duration-ms="0" started-at="2020-07-11T23:23:29Z" depends-on-methods="delivery01.soi_66.SOI_66_TC01_AgreementCreation_From_Oportunity_MobileVoice.step05" finished-at="2020-07-11T23:23:29Z">
          <exception class="java.lang.Throwable">
            <message>
              <![CDATA[Method SOI_66_TC01_AgreementCreation_From_Oportunity_MobileVoice.step06()[pri:0, instance:delivery01.soi_66.SOI_66_TC01_AgreementCreation_From_Oportunity_MobileVoice@4dfa3a9d] depends on not successfully finished methods]]>
            </message>
            <full-stacktrace>
              <![CDATA[java.lang.Throwable: Method SOI_66_TC01_AgreementCreation_From_Oportunity_MobileVoice.step06()[pri:0, instance:delivery01.soi_66.SOI_66_TC01_AgreementCreation_From_Oportunity_MobileVoice@4dfa3a9d] depends on not successfully finished methods
at org.testng.internal.Invoker.invokeTestMethods(Invoker.java:888)
at org.testng.internal.TestMethodWorker.invokeTestMethods(TestMethodWorker.java:125)
at org.testng.internal.TestMethodWorker.run(TestMethodWorker.java:109)
at org.testng.TestRunner.privateRun(TestRunner.java:648)
at org.testng.TestRunner.run(TestRunner.java:505)
at org.testng.SuiteRunner.runTest(SuiteRunner.java:455)
at org.testng.SuiteRunner.runSequentially(SuiteRunner.java:450)
at org.testng.SuiteRunner.privateRun(SuiteRunner.java:415)
at org.testng.SuiteRunner.run(SuiteRunner.java:364)
at org.testng.SuiteRunnerWorker.runSuite(SuiteRunnerWorker.java:52)
at org.testng.SuiteRunnerWorker.run(SuiteRunnerWorker.java:84)
at org.testng.TestNG.runSuitesSequentially(TestNG.java:1208)
at org.testng.TestNG.runSuitesLocally(TestNG.java:1137)
at org.testng.TestNG.runSuites(TestNG.java:1049)
at org.testng.TestNG.run(TestNG.java:1017)
at org.testng.remote.AbstractRemoteTestNG.run(AbstractRemoteTestNG.java:115)
at org.testng.remote.RemoteTestNG.initAndRun(RemoteTestNG.java:251)
at org.testng.remote.RemoteTestNG.main(RemoteTestNG.java:77)
]]>
            </full-stacktrace>
          </exception> <!-- java.lang.Throwable -->
          <reporter-output>
          </reporter-output>
        </test-method> <!-- step06 -->
        <test-method status="PASS" signature="afterTest()[pri:0, instance:delivery01.soi_66.SOI_66_TC01_AgreementCreation_From_Oportunity_MobileVoice@4dfa3a9d]" name="afterTest" is-config="true" duration-ms="1290" started-at="2020-07-11T23:23:29Z" finished-at="2020-07-11T23:23:30Z">
          <reporter-output>
          </reporter-output>
        </test-method> <!-- afterTest -->
      </class> <!-- delivery01.soi_66.SOI_66_TC01_AgreementCreation_From_Oportunity_MobileVoice -->
    </test> <!-- Default test -->
  </suite> <!-- Default suite -->
</testng-results>
