<?xml version="1.0" encoding="UTF-8"?>
<testng-results ignored="0" total="1" passed="1" failed="0" skipped="0">
  <reporter-output>
  </reporter-output>
  <suite started-at="2021-01-20T10:51:46Z" name="Default suite" finished-at="2021-01-20T10:53:02Z" duration-ms="75819">
    <groups>
    </groups>
    <test started-at="2021-01-20T10:51:46Z" name="Default test" finished-at="2021-01-20T10:53:02Z" duration-ms="75819">
      <class name="d02.SOI_2205.SOI_2205_TC08_PC_ECS_Offerings_ECS_Pro_EnterpriseVoice">
        <test-method is-config="true" signature="beforeClass()[pri:0, instance:d02.SOI_2205.SOI_2205_TC08_PC_ECS_Offerings_ECS_Pro_EnterpriseVoice@198d6542]" started-at="2021-01-20T10:51:46Z" name="beforeClass" finished-at="2021-01-20T10:51:51Z" duration-ms="4549" status="PASS">
          <reporter-output>
          </reporter-output>
        </test-method> <!-- beforeClass -->
        <test-method signature="testCase()[pri:0, instance:d02.SOI_2205.SOI_2205_TC08_PC_ECS_Offerings_ECS_Pro_EnterpriseVoice@198d6542]" started-at="2021-01-20T10:51:51Z" name="testCase" finished-at="2021-01-20T10:52:58Z" duration-ms="67786" status="PASS">
          <reporter-output>
          </reporter-output>
        </test-method> <!-- testCase -->
        <test-method is-config="true" signature="afterClass()[pri:0, instance:d02.SOI_2205.SOI_2205_TC08_PC_ECS_Offerings_ECS_Pro_EnterpriseVoice@198d6542]" started-at="2021-01-20T10:52:58Z" name="afterClass" finished-at="2021-01-20T10:53:02Z" duration-ms="3439" status="PASS">
          <reporter-output>
          </reporter-output>
        </test-method> <!-- afterClass -->
      </class> <!-- d02.SOI_2205.SOI_2205_TC08_PC_ECS_Offerings_ECS_Pro_EnterpriseVoice -->
    </test> <!-- Default test -->
  </suite> <!-- Default suite -->
</testng-results>
