<?xml version="1.0" encoding="UTF-8"?>
<testng-results skipped="0" failed="0" ignored="0" total="9" passed="9">
  <reporter-output>
  </reporter-output>
  <suite name="Default suite" duration-ms="117116" started-at="2020-01-10T14:39:39Z" finished-at="2020-01-10T14:41:36Z">
    <groups>
    </groups>
    <test name="Default test" duration-ms="117116" started-at="2020-01-10T14:39:39Z" finished-at="2020-01-10T14:41:36Z">
      <class name="delivery01.soi_69.ServiceScreen_AddNewService_SFPC">
        <test-method status="PASS" signature="beforeTest()[pri:0, instance:delivery01.soi_69.ServiceScreen_AddNewService_SFPC@146ba0ac]" name="beforeTest" is-config="true" duration-ms="7230" started-at="2020-01-10T14:39:39Z" finished-at="2020-01-10T14:39:46Z">
          <reporter-output>
          </reporter-output>
        </test-method> <!-- beforeTest -->
        <test-method status="PASS" signature="step01()[pri:0, instance:delivery01.soi_69.ServiceScreen_AddNewService_SFPC@146ba0ac]" name="step01" duration-ms="9870" started-at="2020-01-10T14:39:46Z" finished-at="2020-01-10T14:39:56Z">
          <reporter-output>
          </reporter-output>
        </test-method> <!-- step01 -->
        <test-method status="PASS" signature="step02()[pri:0, instance:delivery01.soi_69.ServiceScreen_AddNewService_SFPC@146ba0ac]" name="step02" duration-ms="8002" started-at="2020-01-10T14:39:56Z" depends-on-methods="delivery01.soi_69.ServiceScreen_AddNewService_SFPC.step01" finished-at="2020-01-10T14:40:04Z">
          <reporter-output>
          </reporter-output>
        </test-method> <!-- step02 -->
        <test-method status="PASS" signature="step03()[pri:0, instance:delivery01.soi_69.ServiceScreen_AddNewService_SFPC@146ba0ac]" name="step03" duration-ms="10489" started-at="2020-01-10T14:40:04Z" depends-on-methods="delivery01.soi_69.ServiceScreen_AddNewService_SFPC.step02" finished-at="2020-01-10T14:40:14Z">
          <reporter-output>
          </reporter-output>
        </test-method> <!-- step03 -->
        <test-method status="PASS" signature="step04()[pri:0, instance:delivery01.soi_69.ServiceScreen_AddNewService_SFPC@146ba0ac]" name="step04" duration-ms="8245" started-at="2020-01-10T14:40:14Z" depends-on-methods="delivery01.soi_69.ServiceScreen_AddNewService_SFPC.step03" finished-at="2020-01-10T14:40:22Z">
          <reporter-output>
          </reporter-output>
        </test-method> <!-- step04 -->
        <test-method status="PASS" signature="step05()[pri:0, instance:delivery01.soi_69.ServiceScreen_AddNewService_SFPC@146ba0ac]" name="step05" duration-ms="2176" started-at="2020-01-10T14:40:22Z" depends-on-methods="delivery01.soi_69.ServiceScreen_AddNewService_SFPC.step04" finished-at="2020-01-10T14:40:25Z">
          <reporter-output>
          </reporter-output>
        </test-method> <!-- step05 -->
        <test-method status="PASS" signature="step06()[pri:0, instance:delivery01.soi_69.ServiceScreen_AddNewService_SFPC@146ba0ac]" name="step06" duration-ms="8499" started-at="2020-01-10T14:40:25Z" depends-on-methods="delivery01.soi_69.ServiceScreen_AddNewService_SFPC.step05" finished-at="2020-01-10T14:40:33Z">
          <reporter-output>
          </reporter-output>
        </test-method> <!-- step06 -->
        <test-method status="PASS" signature="step07()[pri:0, instance:delivery01.soi_69.ServiceScreen_AddNewService_SFPC@146ba0ac]" name="step07" duration-ms="53478" started-at="2020-01-10T14:40:33Z" depends-on-methods="delivery01.soi_69.ServiceScreen_AddNewService_SFPC.step06" finished-at="2020-01-10T14:41:27Z">
          <reporter-output>
          </reporter-output>
        </test-method> <!-- step07 -->
        <test-method status="PASS" signature="step08()[pri:0, instance:delivery01.soi_69.ServiceScreen_AddNewService_SFPC@146ba0ac]" name="step08" duration-ms="1452" started-at="2020-01-10T14:41:27Z" depends-on-methods="delivery01.soi_69.ServiceScreen_AddNewService_SFPC.step07" finished-at="2020-01-10T14:41:28Z">
          <reporter-output>
          </reporter-output>
        </test-method> <!-- step08 -->
        <test-method status="PASS" signature="step09()[pri:0, instance:delivery01.soi_69.ServiceScreen_AddNewService_SFPC@146ba0ac]" name="step09" duration-ms="2784" started-at="2020-01-10T14:41:28Z" depends-on-methods="delivery01.soi_69.ServiceScreen_AddNewService_SFPC.step08" finished-at="2020-01-10T14:41:31Z">
          <reporter-output>
          </reporter-output>
        </test-method> <!-- step09 -->
        <test-method status="PASS" signature="afterTest()[pri:0, instance:delivery01.soi_69.ServiceScreen_AddNewService_SFPC@146ba0ac]" name="afterTest" is-config="true" duration-ms="4779" started-at="2020-01-10T14:41:31Z" finished-at="2020-01-10T14:41:36Z">
          <reporter-output>
          </reporter-output>
        </test-method> <!-- afterTest -->
      </class> <!-- delivery01.soi_69.ServiceScreen_AddNewService_SFPC -->
    </test> <!-- Default test -->
  </suite> <!-- Default suite -->
</testng-results>
