<?xml version="1.0" encoding="UTF-8"?>
<testng-results skipped="0" failed="0" ignored="0" total="6" passed="6">
  <reporter-output>
  </reporter-output>
  <suite name="Default suite" duration-ms="144590" started-at="2020-04-20T00:17:09Z" finished-at="2020-04-20T00:19:34Z">
    <groups>
    </groups>
    <test name="Default test" duration-ms="144590" started-at="2020-04-20T00:17:09Z" finished-at="2020-04-20T00:19:34Z">
      <class name="delivery01.soi_68.SOI_68_TC2_OrderCreation_From_OPTYClosure_Won_NotMobileVoice">
        <test-method status="PASS" signature="beforeTest()[pri:0, instance:delivery01.soi_68.SOI_68_TC2_OrderCreation_From_OPTYClosure_Won_NotMobileVoice@4dfa3a9d]" name="beforeTest" is-config="true" duration-ms="7778" started-at="2020-04-20T00:17:09Z" finished-at="2020-04-20T00:17:17Z">
          <reporter-output>
          </reporter-output>
        </test-method> <!-- beforeTest -->
        <test-method status="PASS" signature="step01()[pri:0, instance:delivery01.soi_68.SOI_68_TC2_OrderCreation_From_OPTYClosure_Won_NotMobileVoice@4dfa3a9d]" name="step01" duration-ms="12313" started-at="2020-04-20T00:17:17Z" finished-at="2020-04-20T00:17:29Z">
          <reporter-output>
          </reporter-output>
        </test-method> <!-- step01 -->
        <test-method status="PASS" signature="step02()[pri:0, instance:delivery01.soi_68.SOI_68_TC2_OrderCreation_From_OPTYClosure_Won_NotMobileVoice@4dfa3a9d]" name="step02" duration-ms="8564" started-at="2020-04-20T00:17:29Z" depends-on-methods="delivery01.soi_68.SOI_68_TC2_OrderCreation_From_OPTYClosure_Won_NotMobileVoice.step01" finished-at="2020-04-20T00:17:38Z">
          <reporter-output>
          </reporter-output>
        </test-method> <!-- step02 -->
        <test-method status="PASS" signature="step03()[pri:0, instance:delivery01.soi_68.SOI_68_TC2_OrderCreation_From_OPTYClosure_Won_NotMobileVoice@4dfa3a9d]" name="step03" duration-ms="17897" started-at="2020-04-20T00:17:38Z" depends-on-methods="delivery01.soi_68.SOI_68_TC2_OrderCreation_From_OPTYClosure_Won_NotMobileVoice.step02" finished-at="2020-04-20T00:17:56Z">
          <reporter-output>
          </reporter-output>
        </test-method> <!-- step03 -->
        <test-method status="PASS" signature="step04()[pri:0, instance:delivery01.soi_68.SOI_68_TC2_OrderCreation_From_OPTYClosure_Won_NotMobileVoice@4dfa3a9d]" name="step04" duration-ms="38715" started-at="2020-04-20T00:17:56Z" depends-on-methods="delivery01.soi_68.SOI_68_TC2_OrderCreation_From_OPTYClosure_Won_NotMobileVoice.step03" finished-at="2020-04-20T00:18:34Z">
          <reporter-output>
          </reporter-output>
        </test-method> <!-- step04 -->
        <test-method status="PASS" signature="step05()[pri:0, instance:delivery01.soi_68.SOI_68_TC2_OrderCreation_From_OPTYClosure_Won_NotMobileVoice@4dfa3a9d]" name="step05" duration-ms="33648" started-at="2020-04-20T00:18:34Z" depends-on-methods="delivery01.soi_68.SOI_68_TC2_OrderCreation_From_OPTYClosure_Won_NotMobileVoice.step04" finished-at="2020-04-20T00:19:08Z">
          <reporter-output>
          </reporter-output>
        </test-method> <!-- step05 -->
        <test-method status="PASS" signature="step06()[pri:0, instance:delivery01.soi_68.SOI_68_TC2_OrderCreation_From_OPTYClosure_Won_NotMobileVoice@4dfa3a9d]" name="step06" duration-ms="20548" started-at="2020-04-20T00:19:08Z" depends-on-methods="delivery01.soi_68.SOI_68_TC2_OrderCreation_From_OPTYClosure_Won_NotMobileVoice.step05" finished-at="2020-04-20T00:19:29Z">
          <reporter-output>
          </reporter-output>
        </test-method> <!-- step06 -->
        <test-method status="PASS" signature="afterTest()[pri:0, instance:delivery01.soi_68.SOI_68_TC2_OrderCreation_From_OPTYClosure_Won_NotMobileVoice@4dfa3a9d]" name="afterTest" is-config="true" duration-ms="5024" started-at="2020-04-20T00:19:29Z" finished-at="2020-04-20T00:19:34Z">
          <reporter-output>
          </reporter-output>
        </test-method> <!-- afterTest -->
      </class> <!-- delivery01.soi_68.SOI_68_TC2_OrderCreation_From_OPTYClosure_Won_NotMobileVoice -->
    </test> <!-- Default test -->
  </suite> <!-- Default suite -->
</testng-results>
