<?xml version="1.0" encoding="UTF-8"?>
<testng-results skipped="0" failed="0" ignored="0" total="6" passed="6">
  <reporter-output>
  </reporter-output>
  <suite name="Default suite" duration-ms="101670" started-at="2020-03-13T17:51:04Z" finished-at="2020-03-13T17:52:45Z">
    <groups>
    </groups>
    <test name="Default test" duration-ms="101670" started-at="2020-03-13T17:51:04Z" finished-at="2020-03-13T17:52:45Z">
      <class name="delivery01.soi_66.SOI_66_TC1_AgreementCreation_From_Oportunity_MobileVoice">
        <test-method status="PASS" signature="beforeTest()[pri:0, instance:delivery01.soi_66.SOI_66_TC1_AgreementCreation_From_Oportunity_MobileVoice@4dfa3a9d]" name="beforeTest" is-config="true" duration-ms="7562" started-at="2020-03-13T17:51:04Z" finished-at="2020-03-13T17:51:11Z">
          <reporter-output>
          </reporter-output>
        </test-method> <!-- beforeTest -->
        <test-method status="PASS" signature="step01()[pri:0, instance:delivery01.soi_66.SOI_66_TC1_AgreementCreation_From_Oportunity_MobileVoice@4dfa3a9d]" name="step01" duration-ms="11659" started-at="2020-03-13T17:51:11Z" finished-at="2020-03-13T17:51:23Z">
          <reporter-output>
          </reporter-output>
        </test-method> <!-- step01 -->
        <test-method status="PASS" signature="step02()[pri:0, instance:delivery01.soi_66.SOI_66_TC1_AgreementCreation_From_Oportunity_MobileVoice@4dfa3a9d]" name="step02" duration-ms="8207" started-at="2020-03-13T17:51:23Z" depends-on-methods="delivery01.soi_66.SOI_66_TC1_AgreementCreation_From_Oportunity_MobileVoice.step01" finished-at="2020-03-13T17:51:31Z">
          <reporter-output>
          </reporter-output>
        </test-method> <!-- step02 -->
        <test-method status="PASS" signature="step03()[pri:0, instance:delivery01.soi_66.SOI_66_TC1_AgreementCreation_From_Oportunity_MobileVoice@4dfa3a9d]" name="step03" duration-ms="16690" started-at="2020-03-13T17:51:31Z" depends-on-methods="delivery01.soi_66.SOI_66_TC1_AgreementCreation_From_Oportunity_MobileVoice.step02" finished-at="2020-03-13T17:51:48Z">
          <reporter-output>
          </reporter-output>
        </test-method> <!-- step03 -->
        <test-method status="PASS" signature="step04()[pri:0, instance:delivery01.soi_66.SOI_66_TC1_AgreementCreation_From_Oportunity_MobileVoice@4dfa3a9d]" name="step04" duration-ms="37585" started-at="2020-03-13T17:51:48Z" depends-on-methods="delivery01.soi_66.SOI_66_TC1_AgreementCreation_From_Oportunity_MobileVoice.step03" finished-at="2020-03-13T17:52:25Z">
          <reporter-output>
          </reporter-output>
        </test-method> <!-- step04 -->
        <test-method status="PASS" signature="step05()[pri:0, instance:delivery01.soi_66.SOI_66_TC1_AgreementCreation_From_Oportunity_MobileVoice@4dfa3a9d]" name="step05" duration-ms="10225" started-at="2020-03-13T17:52:25Z" depends-on-methods="delivery01.soi_66.SOI_66_TC1_AgreementCreation_From_Oportunity_MobileVoice.step04" finished-at="2020-03-13T17:52:36Z">
          <reporter-output>
          </reporter-output>
        </test-method> <!-- step05 -->
        <test-method status="PASS" signature="step06()[pri:0, instance:delivery01.soi_66.SOI_66_TC1_AgreementCreation_From_Oportunity_MobileVoice@4dfa3a9d]" name="step06" duration-ms="4925" started-at="2020-03-13T17:52:36Z" depends-on-methods="delivery01.soi_66.SOI_66_TC1_AgreementCreation_From_Oportunity_MobileVoice.step05" finished-at="2020-03-13T17:52:41Z">
          <reporter-output>
          </reporter-output>
        </test-method> <!-- step06 -->
        <test-method status="PASS" signature="afterTest()[pri:0, instance:delivery01.soi_66.SOI_66_TC1_AgreementCreation_From_Oportunity_MobileVoice@4dfa3a9d]" name="afterTest" is-config="true" duration-ms="4737" started-at="2020-03-13T17:52:41Z" finished-at="2020-03-13T17:52:45Z">
          <reporter-output>
          </reporter-output>
        </test-method> <!-- afterTest -->
      </class> <!-- delivery01.soi_66.SOI_66_TC1_AgreementCreation_From_Oportunity_MobileVoice -->
    </test> <!-- Default test -->
  </suite> <!-- Default suite -->
</testng-results>
