<?xml version="1.0" encoding="UTF-8"?>
<testng-results skipped="0" failed="0" ignored="1" total="4" passed="3">
  <reporter-output>
  </reporter-output>
  <suite name="Default suite" duration-ms="56431" started-at="2020-05-03T19:19:15Z" finished-at="2020-05-03T19:20:12Z">
    <groups>
    </groups>
    <test name="Default test" duration-ms="56431" started-at="2020-05-03T19:19:15Z" finished-at="2020-05-03T19:20:12Z">
      <class name="notInclude.NewTest">
        <test-method status="PASS" signature="beforeTest()[pri:0, instance:notInclude.NewTest@f6c48ac]" name="beforeTest" is-config="true" duration-ms="32" started-at="2020-05-03T19:19:15Z" finished-at="2020-05-03T19:19:15Z">
          <reporter-output>
          </reporter-output>
        </test-method> <!-- beforeTest -->
        <test-method status="PASS" signature="setupDriver()[pri:0, instance:notInclude.NewTest@f6c48ac]" name="setupDriver" is-config="true" duration-ms="8735" started-at="2020-05-03T19:19:15Z" finished-at="2020-05-03T19:19:24Z">
          <reporter-output>
          </reporter-output>
        </test-method> <!-- setupDriver -->
        <test-method status="PASS" signature="step01()[pri:0, instance:notInclude.NewTest@f6c48ac]" name="step01" duration-ms="17108" started-at="2020-05-03T19:19:24Z" finished-at="2020-05-03T19:19:41Z">
          <reporter-output>
          </reporter-output>
        </test-method> <!-- step01 -->
        <test-method status="PASS" signature="step02()[pri:0, instance:notInclude.NewTest@f6c48ac]" name="step02" duration-ms="4473" started-at="2020-05-03T19:19:41Z" depends-on-methods="notInclude.LoginAndLogoutDS.step01" finished-at="2020-05-03T19:19:46Z">
          <reporter-output>
          </reporter-output>
        </test-method> <!-- step02 -->
        <test-method status="PASS" signature="afterClass()[pri:0, instance:notInclude.NewTest@f6c48ac]" name="afterClass" is-config="true" duration-ms="750" started-at="2020-05-03T19:19:46Z" finished-at="2020-05-03T19:19:46Z">
          <reporter-output>
          </reporter-output>
        </test-method> <!-- afterClass -->
      </class> <!-- notInclude.NewTest -->
      <class name="notInclude.LoginAndLogoutDS">
        <test-method status="PASS" signature="setupDriver()[pri:0, instance:notInclude.LoginAndLogoutDS@13deb50e]" name="setupDriver" is-config="true" duration-ms="5817" started-at="2020-05-03T19:19:46Z" finished-at="2020-05-03T19:19:52Z">
          <reporter-output>
          </reporter-output>
        </test-method> <!-- setupDriver -->
        <test-method status="PASS" signature="step01()[pri:0, instance:notInclude.LoginAndLogoutDS@13deb50e]" name="step01" duration-ms="14056" started-at="2020-05-03T19:19:52Z" finished-at="2020-05-03T19:20:06Z">
          <reporter-output>
          </reporter-output>
        </test-method> <!-- step01 -->
        <test-method status="PASS" signature="afterClass()[pri:0, instance:notInclude.LoginAndLogoutDS@13deb50e]" name="afterClass" is-config="true" duration-ms="5384" started-at="2020-05-03T19:20:06Z" finished-at="2020-05-03T19:20:12Z">
          <reporter-output>
          </reporter-output>
        </test-method> <!-- afterClass -->
      </class> <!-- notInclude.LoginAndLogoutDS -->
    </test> <!-- Default test -->
  </suite> <!-- Default suite -->
</testng-results>
