<?xml version="1.0" encoding="UTF-8"?>
<testng-results skipped="0" failed="1" ignored="0" total="7" passed="6">
  <reporter-output>
  </reporter-output>
  <suite name="Default suite" duration-ms="93378" started-at="2020-01-08T20:27:11Z" finished-at="2020-01-08T20:28:45Z">
    <groups>
    </groups>
    <test name="Default test" duration-ms="93378" started-at="2020-01-08T20:27:11Z" finished-at="2020-01-08T20:28:45Z">
      <class name="delivery01.soi_69.ServiceScreen_AddNewService">
        <test-method status="PASS" signature="beforeTest()[pri:0, instance:delivery01.soi_69.ServiceScreen_AddNewService@754ba872]" name="beforeTest" is-config="true" duration-ms="7339" started-at="2020-01-08T20:27:11Z" finished-at="2020-01-08T20:27:19Z">
          <reporter-output>
          </reporter-output>
        </test-method> <!-- beforeTest -->
        <test-method status="PASS" signature="step01()[pri:0, instance:delivery01.soi_69.ServiceScreen_AddNewService@754ba872]" name="step01" duration-ms="11501" started-at="2020-01-08T20:27:19Z" finished-at="2020-01-08T20:27:30Z">
          <reporter-output>
          </reporter-output>
        </test-method> <!-- step01 -->
        <test-method status="PASS" signature="step02()[pri:0, instance:delivery01.soi_69.ServiceScreen_AddNewService@754ba872]" name="step02" duration-ms="9928" started-at="2020-01-08T20:27:30Z" depends-on-methods="delivery01.soi_69.ServiceScreen_AddNewService.step01" finished-at="2020-01-08T20:27:40Z">
          <reporter-output>
          </reporter-output>
        </test-method> <!-- step02 -->
        <test-method status="PASS" signature="step03()[pri:0, instance:delivery01.soi_69.ServiceScreen_AddNewService@754ba872]" name="step03" duration-ms="12773" started-at="2020-01-08T20:27:40Z" depends-on-methods="delivery01.soi_69.ServiceScreen_AddNewService.step02" finished-at="2020-01-08T20:27:53Z">
          <reporter-output>
          </reporter-output>
        </test-method> <!-- step03 -->
        <test-method status="PASS" signature="step04()[pri:0, instance:delivery01.soi_69.ServiceScreen_AddNewService@754ba872]" name="step04" duration-ms="13902" started-at="2020-01-08T20:27:53Z" depends-on-methods="delivery01.soi_69.ServiceScreen_AddNewService.step03" finished-at="2020-01-08T20:28:07Z">
          <reporter-output>
          </reporter-output>
        </test-method> <!-- step04 -->
        <test-method status="PASS" signature="step05()[pri:0, instance:delivery01.soi_69.ServiceScreen_AddNewService@754ba872]" name="step05" duration-ms="2207" started-at="2020-01-08T20:28:07Z" depends-on-methods="delivery01.soi_69.ServiceScreen_AddNewService.step04" finished-at="2020-01-08T20:28:09Z">
          <reporter-output>
          </reporter-output>
        </test-method> <!-- step05 -->
        <test-method status="PASS" signature="step06()[pri:0, instance:delivery01.soi_69.ServiceScreen_AddNewService@754ba872]" name="step06" duration-ms="1682" started-at="2020-01-08T20:28:09Z" depends-on-methods="delivery01.soi_69.ServiceScreen_AddNewService.step05" finished-at="2020-01-08T20:28:11Z">
          <reporter-output>
          </reporter-output>
        </test-method> <!-- step06 -->
        <test-method status="FAIL" signature="step07()[pri:0, instance:delivery01.soi_69.ServiceScreen_AddNewService@754ba872]" name="step07" duration-ms="29295" started-at="2020-01-08T20:28:11Z" depends-on-methods="delivery01.soi_69.ServiceScreen_AddNewService.step06" finished-at="2020-01-08T20:28:40Z">
          <exception class="java.lang.Exception">
            <message>
              <![CDATA[Test Failed on Step 7]]>
            </message>
            <full-stacktrace>
              <![CDATA[java.lang.Exception: Test Failed on Step 7
at delivery01.soi_69.ServiceScreen_AddNewService.step07(ServiceScreen_AddNewService.java:341)
at sun.reflect.NativeMethodAccessorImpl.invoke0(Native Method)
at sun.reflect.NativeMethodAccessorImpl.invoke(NativeMethodAccessorImpl.java:62)
at sun.reflect.DelegatingMethodAccessorImpl.invoke(DelegatingMethodAccessorImpl.java:43)
at java.lang.reflect.Method.invoke(Method.java:498)
at org.testng.internal.MethodInvocationHelper.invokeMethod(MethodInvocationHelper.java:124)
at org.testng.internal.Invoker.invokeMethod(Invoker.java:583)
at org.testng.internal.Invoker.invokeTestMethod(Invoker.java:719)
at org.testng.internal.Invoker.invokeTestMethods(Invoker.java:989)
at org.testng.internal.TestMethodWorker.invokeTestMethods(TestMethodWorker.java:125)
at org.testng.internal.TestMethodWorker.run(TestMethodWorker.java:109)
at org.testng.TestRunner.privateRun(TestRunner.java:648)
at org.testng.TestRunner.run(TestRunner.java:505)
at org.testng.SuiteRunner.runTest(SuiteRunner.java:455)
at org.testng.SuiteRunner.runSequentially(SuiteRunner.java:450)
at org.testng.SuiteRunner.privateRun(SuiteRunner.java:415)
at org.testng.SuiteRunner.run(SuiteRunner.java:364)
at org.testng.SuiteRunnerWorker.runSuite(SuiteRunnerWorker.java:52)
at org.testng.SuiteRunnerWorker.run(SuiteRunnerWorker.java:84)
at org.testng.TestNG.runSuitesSequentially(TestNG.java:1208)
at org.testng.TestNG.runSuitesLocally(TestNG.java:1137)
at org.testng.TestNG.runSuites(TestNG.java:1049)
at org.testng.TestNG.run(TestNG.java:1017)
at org.testng.remote.AbstractRemoteTestNG.run(AbstractRemoteTestNG.java:115)
at org.testng.remote.RemoteTestNG.initAndRun(RemoteTestNG.java:251)
at org.testng.remote.RemoteTestNG.main(RemoteTestNG.java:77)
Caused by: org.openqa.selenium.TimeoutException: Expected condition failed: waiting for visibility of element located by By.linkText: SimpleOrdering_Dummy_File (tried for 15 second(s) with 500 milliseconds interval)
at org.openqa.selenium.support.ui.WebDriverWait.timeoutException(WebDriverWait.java:95)
at org.openqa.selenium.support.ui.FluentWait.until(FluentWait.java:272)
at delivery01.soi_69.ServiceScreen_AddNewService.step07(ServiceScreen_AddNewService.java:314)
... 25 more
Caused by: org.openqa.selenium.NoSuchElementException: no such element: Unable to locate element: {"method":"link text","selector":"SimpleOrdering_Dummy_File"}
  (Session info: chrome=79.0.3945.88)
For documentation on this error, please visit: https://www.seleniumhq.org/exceptions/no_such_element.html
Build info: version: '3.141.59', revision: 'e82be7d358', time: '2018-11-14T08:17:03'
System info: host: 'INNOWAVE-383', ip: '192.168.0.164', os.name: 'Windows 10', os.arch: 'amd64', os.version: '10.0', java.version: '1.8.0_212'
Driver info: org.openqa.selenium.chrome.ChromeDriver
Capabilities {acceptInsecureCerts: false, browserName: chrome, browserVersion: 79.0.3945.88, chrome: {chromedriverVersion: 79.0.3945.36 (3582db32b3389..., userDataDir: C:\Users\luis.achas\AppData...}, goog:chromeOptions: {debuggerAddress: localhost:55871}, javascriptEnabled: true, networkConnectionEnabled: false, pageLoadStrategy: normal, platform: WINDOWS, platformName: WINDOWS, proxy: Proxy(), setWindowRect: true, strictFileInteractability: false, timeouts: {implicit: 0, pageLoad: 300000, script: 30000}, unhandledPromptBehavior: dismiss and notify}
Session ID: e89c5cdebf9ed481b4892d4511b8f97a
*** Element info: {Using=link text, value=SimpleOrdering_Dummy_File}
at sun.reflect.NativeConstructorAccessorImpl.newInstance0(Native Method)
at sun.reflect.NativeConstructorAccessorImpl.newInstance(NativeConstructorAccessorImpl.java:62)
at sun.reflect.DelegatingConstructorAccessorImpl.newInstance(DelegatingConstructorAccessorImpl.java:45)
at java.lang.reflect.Constructor.newInstance(Constructor.java:423)
at org.openqa.selenium.remote.http.W3CHttpResponseCodec.createException(W3CHttpResponseCodec.java:187)
at org.openqa.selenium.remote.http.W3CHttpResponseCodec.decode(W3CHttpResponseCodec.java:122)
at org.openqa.selenium.remote.http.W3CHttpResponseCodec.decode(W3CHttpResponseCodec.java:49)
at org.openqa.selenium.remote.HttpCommandExecutor.execute(HttpCommandExecutor.java:158)
at org.openqa.selenium.remote.service.DriverCommandExecutor.execute(DriverCommandExecutor.java:83)
at org.openqa.selenium.remote.RemoteWebDriver.execute(RemoteWebDriver.java:552)
at org.openqa.selenium.remote.RemoteWebDriver.findElement(RemoteWebDriver.java:323)
at org.openqa.selenium.remote.RemoteWebDriver.findElementByLinkText(RemoteWebDriver.java:380)
at org.openqa.selenium.By$ByLinkText.findElement(By.java:220)
at org.openqa.selenium.remote.RemoteWebDriver.findElement(RemoteWebDriver.java:315)
at org.openqa.selenium.support.ui.ExpectedConditions$7.apply(ExpectedConditions.java:205)
at org.openqa.selenium.support.ui.ExpectedConditions$7.apply(ExpectedConditions.java:201)
at org.openqa.selenium.support.ui.FluentWait.until(FluentWait.java:249)
... 26 more
]]>
            </full-stacktrace>
          </exception> <!-- java.lang.Exception -->
          <reporter-output>
          </reporter-output>
        </test-method> <!-- step07 -->
        <test-method status="PASS" signature="afterTest()[pri:0, instance:delivery01.soi_69.ServiceScreen_AddNewService@754ba872]" name="afterTest" is-config="true" duration-ms="4678" started-at="2020-01-08T20:28:40Z" finished-at="2020-01-08T20:28:45Z">
          <reporter-output>
          </reporter-output>
        </test-method> <!-- afterTest -->
      </class> <!-- delivery01.soi_69.ServiceScreen_AddNewService -->
    </test> <!-- Default test -->
  </suite> <!-- Default suite -->
</testng-results>
