<?xml version="1.0" encoding="UTF-8"?>
<testng-results ignored="0" total="1" passed="1" failed="0" skipped="0">
  <reporter-output>
  </reporter-output>
  <suite started-at="2021-01-07T14:52:53Z" name="Default suite" finished-at="2021-01-07T14:54:48Z" duration-ms="115137">
    <groups>
    </groups>
    <test started-at="2021-01-07T14:52:53Z" name="Default test" finished-at="2021-01-07T14:54:48Z" duration-ms="115137">
      <class name="testingFrameworkPackage.GeneralTestingClass">
        <test-method is-config="true" signature="beforeClass()[pri:0, instance:testingFrameworkPackage.GeneralTestingClass@5117dd67]" started-at="2021-01-07T14:52:53Z" name="beforeClass" finished-at="2021-01-07T14:53:01Z" duration-ms="7454" status="PASS">
          <reporter-output>
          </reporter-output>
        </test-method> <!-- beforeClass -->
        <test-method signature="ProductInProductBasket()[pri:0, instance:testingFrameworkPackage.GeneralTestingClass@5117dd67]" started-at="2021-01-07T14:53:01Z" name="ProductInProductBasket" finished-at="2021-01-07T14:54:42Z" duration-ms="101497" status="PASS">
          <reporter-output>
          </reporter-output>
        </test-method> <!-- ProductInProductBasket -->
        <test-method is-config="true" signature="afterClass()[pri:0, instance:testingFrameworkPackage.GeneralTestingClass@5117dd67]" started-at="2021-01-07T14:54:42Z" name="afterClass" finished-at="2021-01-07T14:54:48Z" duration-ms="6117" status="PASS">
          <reporter-output>
          </reporter-output>
        </test-method> <!-- afterClass -->
      </class> <!-- testingFrameworkPackage.GeneralTestingClass -->
    </test> <!-- Default test -->
  </suite> <!-- Default suite -->
</testng-results>
