<?xml version="1.0" encoding="UTF-8"?>
<testng-results skipped="0" failed="0" ignored="0" total="2" passed="2">
  <reporter-output>
  </reporter-output>
  <suite name="Default suite" duration-ms="31114" started-at="2020-03-16T23:02:05Z" finished-at="2020-03-16T23:02:36Z">
    <groups>
    </groups>
    <test name="Default test" duration-ms="31114" started-at="2020-03-16T23:02:05Z" finished-at="2020-03-16T23:02:36Z">
      <class name="notInclude.TestingMACDJSQuery">
        <test-method status="PASS" signature="beforeTest()[pri:0, instance:notInclude.TestingMACDJSQuery@4dfa3a9d]" name="beforeTest" is-config="true" duration-ms="7871" started-at="2020-03-16T23:02:05Z" finished-at="2020-03-16T23:02:13Z">
          <reporter-output>
          </reporter-output>
        </test-method> <!-- beforeTest -->
        <test-method status="PASS" signature="step01()[pri:0, instance:notInclude.TestingMACDJSQuery@4dfa3a9d]" name="step01" duration-ms="16063" started-at="2020-03-16T23:02:13Z" finished-at="2020-03-16T23:02:29Z">
          <reporter-output>
          </reporter-output>
        </test-method> <!-- step01 -->
        <test-method status="PASS" signature="step02()[pri:0, instance:notInclude.TestingMACDJSQuery@4dfa3a9d]" name="step02" duration-ms="7112" started-at="2020-03-16T23:02:29Z" depends-on-methods="notInclude.TestingMACDJSQuery.step01" finished-at="2020-03-16T23:02:36Z">
          <reporter-output>
          </reporter-output>
        </test-method> <!-- step02 -->
        <test-method status="PASS" signature="afterTest()[pri:0, instance:notInclude.TestingMACDJSQuery@4dfa3a9d]" name="afterTest" is-config="true" duration-ms="9" started-at="2020-03-16T23:02:36Z" finished-at="2020-03-16T23:02:36Z">
          <reporter-output>
          </reporter-output>
        </test-method> <!-- afterTest -->
      </class> <!-- notInclude.TestingMACDJSQuery -->
    </test> <!-- Default test -->
  </suite> <!-- Default suite -->
</testng-results>
