<?xml version="1.0" encoding="UTF-8"?>
<testng-results skipped="0" failed="0" ignored="0" total="7" passed="7">
  <reporter-output>
  </reporter-output>
  <suite name="Default suite" duration-ms="86830" started-at="2020-07-29T14:06:29Z" finished-at="2020-07-29T14:07:55Z">
    <groups>
    </groups>
    <test name="Default test" duration-ms="86830" started-at="2020-07-29T14:06:29Z" finished-at="2020-07-29T14:07:55Z">
      <class name="delivery02.soi_175.SOI_175_DS_Configure_Standalone_Internet">
        <test-method status="PASS" signature="setupDriver()[pri:0, instance:delivery02.soi_175.SOI_175_DS_Configure_Standalone_Internet@464bee09]" name="setupDriver" is-config="true" duration-ms="7421" started-at="2020-07-29T14:06:21Z" finished-at="2020-07-29T14:06:29Z">
          <reporter-output>
          </reporter-output>
        </test-method> <!-- setupDriver -->
        <test-method status="PASS" signature="beforeTest()[pri:0, instance:delivery02.soi_175.SOI_175_DS_Configure_Standalone_Internet@464bee09]" name="beforeTest" is-config="true" duration-ms="7" started-at="2020-07-29T14:06:29Z" finished-at="2020-07-29T14:06:29Z">
          <reporter-output>
          </reporter-output>
        </test-method> <!-- beforeTest -->
        <test-method status="PASS" signature="step01()[pri:0, instance:delivery02.soi_175.SOI_175_DS_Configure_Standalone_Internet@464bee09]" name="step01" duration-ms="20010" started-at="2020-07-29T14:06:29Z" finished-at="2020-07-29T14:06:49Z">
          <reporter-output>
          </reporter-output>
        </test-method> <!-- step01 -->
        <test-method status="PASS" signature="step02()[pri:0, instance:delivery02.soi_175.SOI_175_DS_Configure_Standalone_Internet@464bee09]" name="step02" duration-ms="11626" started-at="2020-07-29T14:06:49Z" depends-on-methods="delivery02.soi_175.SOI_175_DS_Configure_Standalone_Internet.step01" finished-at="2020-07-29T14:07:00Z">
          <reporter-output>
          </reporter-output>
        </test-method> <!-- step02 -->
        <test-method status="PASS" signature="step03()[pri:0, instance:delivery02.soi_175.SOI_175_DS_Configure_Standalone_Internet@464bee09]" name="step03" duration-ms="10550" started-at="2020-07-29T14:07:00Z" depends-on-methods="delivery02.soi_175.SOI_175_DS_Configure_Standalone_Internet.step02" finished-at="2020-07-29T14:07:11Z">
          <reporter-output>
          </reporter-output>
        </test-method> <!-- step03 -->
        <test-method status="PASS" signature="step04()[pri:0, instance:delivery02.soi_175.SOI_175_DS_Configure_Standalone_Internet@464bee09]" name="step04" duration-ms="19881" started-at="2020-07-29T14:07:11Z" depends-on-methods="delivery02.soi_175.SOI_175_DS_Configure_Standalone_Internet.step03" finished-at="2020-07-29T14:07:31Z">
          <reporter-output>
          </reporter-output>
        </test-method> <!-- step04 -->
        <test-method status="PASS" signature="step05()[pri:0, instance:delivery02.soi_175.SOI_175_DS_Configure_Standalone_Internet@464bee09]" name="step05" duration-ms="1599" started-at="2020-07-29T14:07:31Z" depends-on-methods="delivery02.soi_175.SOI_175_DS_Configure_Standalone_Internet.step04" finished-at="2020-07-29T14:07:32Z">
          <reporter-output>
          </reporter-output>
        </test-method> <!-- step05 -->
        <test-method status="PASS" signature="step06()[pri:0, instance:delivery02.soi_175.SOI_175_DS_Configure_Standalone_Internet@464bee09]" name="step06" duration-ms="10118" started-at="2020-07-29T14:07:32Z" depends-on-methods="delivery02.soi_175.SOI_175_DS_Configure_Standalone_Internet.step05" finished-at="2020-07-29T14:07:42Z">
          <reporter-output>
          </reporter-output>
        </test-method> <!-- step06 -->
        <test-method status="PASS" signature="step07()[pri:0, instance:delivery02.soi_175.SOI_175_DS_Configure_Standalone_Internet@464bee09]" name="step07" duration-ms="8174" started-at="2020-07-29T14:07:42Z" depends-on-methods="delivery02.soi_175.SOI_175_DS_Configure_Standalone_Internet.step06" finished-at="2020-07-29T14:07:51Z">
          <reporter-output>
          </reporter-output>
        </test-method> <!-- step07 -->
        <test-method status="PASS" signature="afterClass()[pri:0, instance:delivery02.soi_175.SOI_175_DS_Configure_Standalone_Internet@464bee09]" name="afterClass" is-config="true" duration-ms="4777" started-at="2020-07-29T14:07:51Z" finished-at="2020-07-29T14:07:55Z">
          <reporter-output>
          </reporter-output>
        </test-method> <!-- afterClass -->
      </class> <!-- delivery02.soi_175.SOI_175_DS_Configure_Standalone_Internet -->
    </test> <!-- Default test -->
  </suite> <!-- Default suite -->
</testng-results>
