<?xml version="1.0" encoding="UTF-8"?>
<testng-results skipped="0" failed="0" ignored="0" total="5" passed="5">
  <reporter-output>
  </reporter-output>
  <suite name="Default suite" duration-ms="28728" started-at="2020-07-27T10:50:11Z" finished-at="2020-07-27T10:50:40Z">
    <groups>
    </groups>
    <test name="Default test" duration-ms="28728" started-at="2020-07-27T10:50:11Z" finished-at="2020-07-27T10:50:40Z">
      <class name="delivery02.soi_1312.SOI_1312_TC04_DS_ChineseWallsDuringQuoting_CustomerSupportProfile">
        <test-method status="PASS" signature="setupDriver()[pri:0, instance:delivery02.soi_1312.SOI_1312_TC04_DS_ChineseWallsDuringQuoting_CustomerSupportProfile@77cd7a0]" name="setupDriver" is-config="true" duration-ms="4172" started-at="2020-07-27T10:50:07Z" finished-at="2020-07-27T10:50:11Z">
          <reporter-output>
          </reporter-output>
        </test-method> <!-- setupDriver -->
        <test-method status="PASS" signature="beforeTest()[pri:0, instance:delivery02.soi_1312.SOI_1312_TC04_DS_ChineseWallsDuringQuoting_CustomerSupportProfile@77cd7a0]" name="beforeTest" is-config="true" duration-ms="3" started-at="2020-07-27T10:50:11Z" finished-at="2020-07-27T10:50:11Z">
          <reporter-output>
          </reporter-output>
        </test-method> <!-- beforeTest -->
        <test-method status="PASS" signature="step01()[pri:0, instance:delivery02.soi_1312.SOI_1312_TC04_DS_ChineseWallsDuringQuoting_CustomerSupportProfile@77cd7a0]" name="step01" duration-ms="7970" started-at="2020-07-27T10:50:11Z" finished-at="2020-07-27T10:50:19Z">
          <reporter-output>
          </reporter-output>
        </test-method> <!-- step01 -->
        <test-method status="PASS" signature="step02()[pri:0, instance:delivery02.soi_1312.SOI_1312_TC04_DS_ChineseWallsDuringQuoting_CustomerSupportProfile@77cd7a0]" name="step02" duration-ms="3922" started-at="2020-07-27T10:50:19Z" depends-on-methods="delivery02.soi_1312.SOI_1312_TC04_DS_ChineseWallsDuringQuoting_CustomerSupportProfile.step01" finished-at="2020-07-27T10:50:23Z">
          <reporter-output>
          </reporter-output>
        </test-method> <!-- step02 -->
        <test-method status="PASS" signature="step03()[pri:0, instance:delivery02.soi_1312.SOI_1312_TC04_DS_ChineseWallsDuringQuoting_CustomerSupportProfile@77cd7a0]" name="step03" duration-ms="5250" started-at="2020-07-27T10:50:23Z" depends-on-methods="delivery02.soi_1312.SOI_1312_TC04_DS_ChineseWallsDuringQuoting_CustomerSupportProfile.step02" finished-at="2020-07-27T10:50:28Z">
          <reporter-output>
          </reporter-output>
        </test-method> <!-- step03 -->
        <test-method status="PASS" signature="step04()[pri:0, instance:delivery02.soi_1312.SOI_1312_TC04_DS_ChineseWallsDuringQuoting_CustomerSupportProfile@77cd7a0]" name="step04" duration-ms="5724" started-at="2020-07-27T10:50:28Z" depends-on-methods="delivery02.soi_1312.SOI_1312_TC04_DS_ChineseWallsDuringQuoting_CustomerSupportProfile.step03" finished-at="2020-07-27T10:50:34Z">
          <reporter-output>
          </reporter-output>
        </test-method> <!-- step04 -->
        <test-method status="PASS" signature="step05()[pri:0, instance:delivery02.soi_1312.SOI_1312_TC04_DS_ChineseWallsDuringQuoting_CustomerSupportProfile@77cd7a0]" name="step05" duration-ms="1231" started-at="2020-07-27T10:50:34Z" depends-on-methods="delivery02.soi_1312.SOI_1312_TC04_DS_ChineseWallsDuringQuoting_CustomerSupportProfile.step04" finished-at="2020-07-27T10:50:35Z">
          <reporter-output>
          </reporter-output>
        </test-method> <!-- step05 -->
        <test-method status="PASS" signature="afterClass()[pri:0, instance:delivery02.soi_1312.SOI_1312_TC04_DS_ChineseWallsDuringQuoting_CustomerSupportProfile@77cd7a0]" name="afterClass" is-config="true" duration-ms="4600" started-at="2020-07-27T10:50:35Z" finished-at="2020-07-27T10:50:40Z">
          <reporter-output>
          </reporter-output>
        </test-method> <!-- afterClass -->
      </class> <!-- delivery02.soi_1312.SOI_1312_TC04_DS_ChineseWallsDuringQuoting_CustomerSupportProfile -->
    </test> <!-- Default test -->
  </suite> <!-- Default suite -->
</testng-results>
