<?xml version="1.0" encoding="UTF-8"?>
<testng-results skipped="0" failed="0" ignored="0" total="1" passed="1">
  <reporter-output>
  </reporter-output>
  <suite name="Default suite" duration-ms="37770" started-at="2020-12-21T17:24:18Z" finished-at="2020-12-21T17:24:55Z">
    <groups>
    </groups>
    <test name="Default test" duration-ms="37770" started-at="2020-12-21T17:24:18Z" finished-at="2020-12-21T17:24:55Z">
      <class name="sq.J1835004000_64.J1835004000_64_TC01_QuickSaleOpportunity_PreFilledFields">
        <test-method status="PASS" signature="beforeClass()[pri:0, instance:sq.J1835004000_64.J1835004000_64_TC01_QuickSaleOpportunity_PreFilledFields@143640d5]" name="beforeClass" is-config="true" duration-ms="4762" started-at="2020-12-21T17:24:18Z" finished-at="2020-12-21T17:24:22Z">
          <reporter-output>
          </reporter-output>
        </test-method> <!-- beforeClass -->
        <test-method status="PASS" signature="testCase()[pri:0, instance:sq.J1835004000_64.J1835004000_64_TC01_QuickSaleOpportunity_PreFilledFields@143640d5]" name="testCase" duration-ms="29346" started-at="2020-12-21T17:24:22Z" finished-at="2020-12-21T17:24:52Z">
          <reporter-output>
          </reporter-output>
        </test-method> <!-- testCase -->
        <test-method status="PASS" signature="afterClass()[pri:0, instance:sq.J1835004000_64.J1835004000_64_TC01_QuickSaleOpportunity_PreFilledFields@143640d5]" name="afterClass" is-config="true" duration-ms="3615" started-at="2020-12-21T17:24:52Z" finished-at="2020-12-21T17:24:55Z">
          <reporter-output>
          </reporter-output>
        </test-method> <!-- afterClass -->
      </class> <!-- sq.J1835004000_64.J1835004000_64_TC01_QuickSaleOpportunity_PreFilledFields -->
    </test> <!-- Default test -->
  </suite> <!-- Default suite -->
</testng-results>
