<?xml version="1.0" encoding="UTF-8"?>
<testng-results skipped="0" failed="0" ignored="0" total="5" passed="5">
  <reporter-output>
  </reporter-output>
  <suite name="Default suite" duration-ms="72391" started-at="2020-02-27T17:30:32Z" finished-at="2020-02-27T17:31:44Z">
    <groups>
    </groups>
    <test name="Default test" duration-ms="72391" started-at="2020-02-27T17:30:32Z" finished-at="2020-02-27T17:31:44Z">
      <class name="delivery01.soi_66.SOI_66_TC2_AgreementCreation_Opportunity_Product_Not_MobileVoice">
        <test-method status="PASS" signature="beforeTest()[pri:0, instance:delivery01.soi_66.SOI_66_TC2_AgreementCreation_Opportunity_Product_Not_MobileVoice@4dfa3a9d]" name="beforeTest" is-config="true" duration-ms="7848" started-at="2020-02-27T17:30:32Z" finished-at="2020-02-27T17:30:40Z">
          <reporter-output>
          </reporter-output>
        </test-method> <!-- beforeTest -->
        <test-method status="PASS" signature="step01()[pri:0, instance:delivery01.soi_66.SOI_66_TC2_AgreementCreation_Opportunity_Product_Not_MobileVoice@4dfa3a9d]" name="step01" duration-ms="12365" started-at="2020-02-27T17:30:40Z" finished-at="2020-02-27T17:30:52Z">
          <reporter-output>
          </reporter-output>
        </test-method> <!-- step01 -->
        <test-method status="PASS" signature="step02()[pri:0, instance:delivery01.soi_66.SOI_66_TC2_AgreementCreation_Opportunity_Product_Not_MobileVoice@4dfa3a9d]" name="step02" duration-ms="7522" started-at="2020-02-27T17:30:52Z" depends-on-methods="delivery01.soi_66.SOI_66_TC2_AgreementCreation_Opportunity_Product_Not_MobileVoice.step01" finished-at="2020-02-27T17:31:00Z">
          <reporter-output>
          </reporter-output>
        </test-method> <!-- step02 -->
        <test-method status="PASS" signature="step03()[pri:0, instance:delivery01.soi_66.SOI_66_TC2_AgreementCreation_Opportunity_Product_Not_MobileVoice@4dfa3a9d]" name="step03" duration-ms="17292" started-at="2020-02-27T17:31:00Z" depends-on-methods="delivery01.soi_66.SOI_66_TC2_AgreementCreation_Opportunity_Product_Not_MobileVoice.step02" finished-at="2020-02-27T17:31:17Z">
          <reporter-output>
          </reporter-output>
        </test-method> <!-- step03 -->
        <test-method status="PASS" signature="step04()[pri:0, instance:delivery01.soi_66.SOI_66_TC2_AgreementCreation_Opportunity_Product_Not_MobileVoice@4dfa3a9d]" name="step04" duration-ms="16412" started-at="2020-02-27T17:31:17Z" depends-on-methods="delivery01.soi_66.SOI_66_TC2_AgreementCreation_Opportunity_Product_Not_MobileVoice.step03" finished-at="2020-02-27T17:31:33Z">
          <reporter-output>
          </reporter-output>
        </test-method> <!-- step04 -->
        <test-method status="PASS" signature="step05()[pri:0, instance:delivery01.soi_66.SOI_66_TC2_AgreementCreation_Opportunity_Product_Not_MobileVoice@4dfa3a9d]" name="step05" duration-ms="5929" started-at="2020-02-27T17:31:33Z" depends-on-methods="delivery01.soi_66.SOI_66_TC2_AgreementCreation_Opportunity_Product_Not_MobileVoice.step04" finished-at="2020-02-27T17:31:39Z">
          <reporter-output>
          </reporter-output>
        </test-method> <!-- step05 -->
        <test-method status="PASS" signature="afterTest()[pri:0, instance:delivery01.soi_66.SOI_66_TC2_AgreementCreation_Opportunity_Product_Not_MobileVoice@4dfa3a9d]" name="afterTest" is-config="true" duration-ms="4959" started-at="2020-02-27T17:31:39Z" finished-at="2020-02-27T17:31:44Z">
          <reporter-output>
          </reporter-output>
        </test-method> <!-- afterTest -->
      </class> <!-- delivery01.soi_66.SOI_66_TC2_AgreementCreation_Opportunity_Product_Not_MobileVoice -->
    </test> <!-- Default test -->
  </suite> <!-- Default suite -->
</testng-results>
