<?xml version="1.0" encoding="UTF-8"?>
<testng-results skipped="0" failed="0" ignored="0" total="2" passed="2">
  <reporter-output>
  </reporter-output>
  <suite name="Default suite" duration-ms="47822" started-at="2020-02-23T16:59:45Z" finished-at="2020-02-23T17:00:32Z">
    <groups>
    </groups>
    <test name="Default test" duration-ms="47822" started-at="2020-02-23T16:59:45Z" finished-at="2020-02-23T17:00:32Z">
      <class name="notInclude.EditAgreement">
        <test-method status="PASS" signature="beforeTest()[pri:0, instance:notInclude.EditAgreement@4dfa3a9d]" name="beforeTest" is-config="true" duration-ms="7386" started-at="2020-02-23T16:59:45Z" finished-at="2020-02-23T16:59:52Z">
          <reporter-output>
          </reporter-output>
        </test-method> <!-- beforeTest -->
        <test-method status="PASS" signature="step01()[pri:0, instance:notInclude.EditAgreement@4dfa3a9d]" name="step01" duration-ms="10967" started-at="2020-02-23T16:59:52Z" finished-at="2020-02-23T17:00:03Z">
          <reporter-output>
          </reporter-output>
        </test-method> <!-- step01 -->
        <test-method status="PASS" signature="step02()[pri:0, instance:notInclude.EditAgreement@4dfa3a9d]" name="step02" duration-ms="29391" started-at="2020-02-23T17:00:03Z" depends-on-methods="notInclude.EditAgreement.step01" finished-at="2020-02-23T17:00:32Z">
          <reporter-output>
          </reporter-output>
        </test-method> <!-- step02 -->
        <test-method status="PASS" signature="afterTest()[pri:0, instance:notInclude.EditAgreement@4dfa3a9d]" name="afterTest" is-config="true" duration-ms="27" started-at="2020-02-23T17:00:32Z" finished-at="2020-02-23T17:00:32Z">
          <reporter-output>
          </reporter-output>
        </test-method> <!-- afterTest -->
      </class> <!-- notInclude.EditAgreement -->
    </test> <!-- Default test -->
  </suite> <!-- Default suite -->
</testng-results>
