<?xml version="1.0" encoding="UTF-8"?>
<testng-results skipped="0" failed="0" ignored="0" total="0" passed="0">
  <reporter-output>
  </reporter-output>
  <suite name="Default suite" duration-ms="6169" started-at="2019-12-20T12:51:31Z" finished-at="2019-12-20T12:51:38Z">
    <groups>
    </groups>
    <test name="Default test" duration-ms="6169" started-at="2019-12-20T12:51:31Z" finished-at="2019-12-20T12:51:38Z">
      <class name="delivery01.soi_66.AgreementCreation_From_Oportunity_MobileVoice_EditAgreement">
        <test-method status="PASS" signature="beforeTest()[pri:0, instance:delivery01.soi_66.AgreementCreation_From_Oportunity_MobileVoice_EditAgreement@4501b7af]" name="beforeTest" is-config="true" duration-ms="6165" started-at="2019-12-20T12:51:31Z" finished-at="2019-12-20T12:51:38Z">
          <reporter-output>
          </reporter-output>
        </test-method> <!-- beforeTest -->
      </class> <!-- delivery01.soi_66.AgreementCreation_From_Oportunity_MobileVoice_EditAgreement -->
    </test> <!-- Default test -->
  </suite> <!-- Default suite -->
</testng-results>
