<?xml version="1.0" encoding="UTF-8"?>
<testng-results skipped="0" failed="0" ignored="0" total="8" passed="8">
  <reporter-output>
  </reporter-output>
  <suite name="Default suite" duration-ms="103013" started-at="2020-01-09T14:58:23Z" finished-at="2020-01-09T15:00:06Z">
    <groups>
    </groups>
    <test name="Default test" duration-ms="103013" started-at="2020-01-09T14:58:23Z" finished-at="2020-01-09T15:00:06Z">
      <class name="delivery01.soi_69.ServiceScreen_AddNewService">
        <test-method status="PASS" signature="beforeTest()[pri:0, instance:delivery01.soi_69.ServiceScreen_AddNewService@146ba0ac]" name="beforeTest" is-config="true" duration-ms="7956" started-at="2020-01-09T14:58:23Z" finished-at="2020-01-09T14:58:31Z">
          <reporter-output>
          </reporter-output>
        </test-method> <!-- beforeTest -->
        <test-method status="PASS" signature="step01()[pri:0, instance:delivery01.soi_69.ServiceScreen_AddNewService@146ba0ac]" name="step01" duration-ms="14069" started-at="2020-01-09T14:58:31Z" finished-at="2020-01-09T14:58:45Z">
          <reporter-output>
          </reporter-output>
        </test-method> <!-- step01 -->
        <test-method status="PASS" signature="step02()[pri:0, instance:delivery01.soi_69.ServiceScreen_AddNewService@146ba0ac]" name="step02" duration-ms="13253" started-at="2020-01-09T14:58:45Z" depends-on-methods="delivery01.soi_69.ServiceScreen_AddNewService.step01" finished-at="2020-01-09T14:58:58Z">
          <reporter-output>
          </reporter-output>
        </test-method> <!-- step02 -->
        <test-method status="PASS" signature="step03()[pri:0, instance:delivery01.soi_69.ServiceScreen_AddNewService@146ba0ac]" name="step03" duration-ms="16046" started-at="2020-01-09T14:58:58Z" depends-on-methods="delivery01.soi_69.ServiceScreen_AddNewService.step02" finished-at="2020-01-09T14:59:14Z">
          <reporter-output>
          </reporter-output>
        </test-method> <!-- step03 -->
        <test-method status="PASS" signature="step04()[pri:0, instance:delivery01.soi_69.ServiceScreen_AddNewService@146ba0ac]" name="step04" duration-ms="18427" started-at="2020-01-09T14:59:14Z" depends-on-methods="delivery01.soi_69.ServiceScreen_AddNewService.step03" finished-at="2020-01-09T14:59:32Z">
          <reporter-output>
          </reporter-output>
        </test-method> <!-- step04 -->
        <test-method status="PASS" signature="step05()[pri:0, instance:delivery01.soi_69.ServiceScreen_AddNewService@146ba0ac]" name="step05" duration-ms="2451" started-at="2020-01-09T14:59:32Z" depends-on-methods="delivery01.soi_69.ServiceScreen_AddNewService.step04" finished-at="2020-01-09T14:59:35Z">
          <reporter-output>
          </reporter-output>
        </test-method> <!-- step05 -->
        <test-method status="PASS" signature="step06()[pri:0, instance:delivery01.soi_69.ServiceScreen_AddNewService@146ba0ac]" name="step06" duration-ms="2036" started-at="2020-01-09T14:59:35Z" depends-on-methods="delivery01.soi_69.ServiceScreen_AddNewService.step05" finished-at="2020-01-09T14:59:37Z">
          <reporter-output>
          </reporter-output>
        </test-method> <!-- step06 -->
        <test-method status="PASS" signature="step07()[pri:0, instance:delivery01.soi_69.ServiceScreen_AddNewService@146ba0ac]" name="step07" duration-ms="19907" started-at="2020-01-09T14:59:37Z" depends-on-methods="delivery01.soi_69.ServiceScreen_AddNewService.step06" finished-at="2020-01-09T14:59:57Z">
          <reporter-output>
          </reporter-output>
        </test-method> <!-- step07 -->
        <test-method status="PASS" signature="step08()[pri:0, instance:delivery01.soi_69.ServiceScreen_AddNewService@146ba0ac]" name="step08" duration-ms="3501" started-at="2020-01-09T14:59:57Z" depends-on-methods="delivery01.soi_69.ServiceScreen_AddNewService.step07" finished-at="2020-01-09T15:00:00Z">
          <reporter-output>
          </reporter-output>
        </test-method> <!-- step08 -->
        <test-method status="PASS" signature="afterTest()[pri:0, instance:delivery01.soi_69.ServiceScreen_AddNewService@146ba0ac]" name="afterTest" is-config="true" duration-ms="5303" started-at="2020-01-09T15:00:00Z" finished-at="2020-01-09T15:00:06Z">
          <reporter-output>
          </reporter-output>
        </test-method> <!-- afterTest -->
      </class> <!-- delivery01.soi_69.ServiceScreen_AddNewService -->
    </test> <!-- Default test -->
  </suite> <!-- Default suite -->
</testng-results>
