<?xml version="1.0" encoding="UTF-8"?>
<testng-results skipped="12" failed="6" ignored="0" total="36" passed="18">
  <reporter-output>
  </reporter-output>
  <suite name="SOI-66: Mobile Order Intake: Agreement Creation" duration-ms="0" started-at="2020-01-09T18:26:25Z" finished-at="2020-01-09T18:26:25Z">
    <groups>
    </groups>
  </suite> <!-- SOI-66: Mobile Order Intake: Agreement Creation -->
  <suite name="SOI-66 Direct Sales Suite (0)" duration-ms="155887" started-at="2020-01-09T18:23:49Z" finished-at="2020-01-09T18:26:25Z">
    <groups>
    </groups>
    <test name="AgreementCreation_From_Oportunity_MobileVoice" duration-ms="49726" started-at="2020-01-09T18:23:49Z" finished-at="2020-01-09T18:24:39Z">
      <class name="delivery01.soi_66.AgreementCreation_From_Oportunity_MobileVoice">
        <test-method status="PASS" signature="beforeTest()[pri:0, instance:delivery01.soi_66.AgreementCreation_From_Oportunity_MobileVoice@55d56113]" name="beforeTest" is-config="true" duration-ms="5586" started-at="2020-01-09T18:23:49Z" finished-at="2020-01-09T18:23:55Z">
          <reporter-output>
          </reporter-output>
        </test-method> <!-- beforeTest -->
        <test-method status="PASS" signature="step01()[pri:0, instance:delivery01.soi_66.AgreementCreation_From_Oportunity_MobileVoice@55d56113]" name="step01" duration-ms="12697" started-at="2020-01-09T18:23:55Z" finished-at="2020-01-09T18:24:07Z">
          <reporter-output>
          </reporter-output>
        </test-method> <!-- step01 -->
        <test-method status="PASS" signature="step02()[pri:0, instance:delivery01.soi_66.AgreementCreation_From_Oportunity_MobileVoice@55d56113]" name="step02" duration-ms="11041" started-at="2020-01-09T18:24:07Z" depends-on-methods="delivery01.soi_66.AgreementCreation_From_Oportunity_MobileVoice.step01" finished-at="2020-01-09T18:24:18Z">
          <reporter-output>
          </reporter-output>
        </test-method> <!-- step02 -->
        <test-method status="PASS" signature="step03()[pri:0, instance:delivery01.soi_66.AgreementCreation_From_Oportunity_MobileVoice@55d56113]" name="step03" duration-ms="12838" started-at="2020-01-09T18:24:18Z" depends-on-methods="delivery01.soi_66.AgreementCreation_From_Oportunity_MobileVoice.step02" finished-at="2020-01-09T18:24:31Z">
          <reporter-output>
          </reporter-output>
        </test-method> <!-- step03 -->
        <test-method status="FAIL" signature="step04()[pri:0, instance:delivery01.soi_66.AgreementCreation_From_Oportunity_MobileVoice@55d56113]" name="step04" duration-ms="2592" started-at="2020-01-09T18:24:31Z" depends-on-methods="delivery01.soi_66.AgreementCreation_From_Oportunity_MobileVoice.step03" finished-at="2020-01-09T18:24:34Z">
          <exception class="java.lang.Exception">
            <message>
              <![CDATA[Test Failed on Step 4]]>
            </message>
            <full-stacktrace>
              <![CDATA[java.lang.Exception: Test Failed on Step 4
at delivery01.soi_66.AgreementCreation_From_Oportunity_MobileVoice.step04(AgreementCreation_From_Oportunity_MobileVoice.java:215)
at sun.reflect.NativeMethodAccessorImpl.invoke0(Native Method)
at sun.reflect.NativeMethodAccessorImpl.invoke(NativeMethodAccessorImpl.java:62)
at sun.reflect.DelegatingMethodAccessorImpl.invoke(DelegatingMethodAccessorImpl.java:43)
at java.lang.reflect.Method.invoke(Method.java:498)
at org.testng.internal.MethodInvocationHelper.invokeMethod(MethodInvocationHelper.java:124)
at org.testng.internal.Invoker.invokeMethod(Invoker.java:583)
at org.testng.internal.Invoker.invokeTestMethod(Invoker.java:719)
at org.testng.internal.Invoker.invokeTestMethods(Invoker.java:989)
at org.testng.internal.TestMethodWorker.invokeTestMethods(TestMethodWorker.java:125)
at org.testng.internal.TestMethodWorker.run(TestMethodWorker.java:109)
at org.testng.TestRunner.privateRun(TestRunner.java:648)
at org.testng.TestRunner.run(TestRunner.java:505)
at org.testng.SuiteRunner.runTest(SuiteRunner.java:455)
at org.testng.SuiteRunner.runSequentially(SuiteRunner.java:450)
at org.testng.SuiteRunner.privateRun(SuiteRunner.java:415)
at org.testng.SuiteRunner.run(SuiteRunner.java:364)
at org.testng.SuiteRunnerWorker.runSuite(SuiteRunnerWorker.java:52)
at org.testng.SuiteRunnerWorker.run(SuiteRunnerWorker.java:84)
at org.testng.TestNG.runSuitesSequentially(TestNG.java:1208)
at org.testng.TestNG.runSuitesSequentially(TestNG.java:1204)
at org.testng.TestNG.runSuitesLocally(TestNG.java:1137)
at org.testng.TestNG.runSuites(TestNG.java:1049)
at org.testng.TestNG.run(TestNG.java:1017)
at org.testng.remote.AbstractRemoteTestNG.run(AbstractRemoteTestNG.java:115)
at org.testng.remote.RemoteTestNG.initAndRun(RemoteTestNG.java:251)
at org.testng.remote.RemoteTestNG.main(RemoteTestNG.java:77)
Caused by: java.lang.Exception: Add Product To Opportunity Failed
at actions.FunctionalActionsSFDS.addProductToOppie(FunctionalActionsSFDS.java:105)
at delivery01.soi_66.AgreementCreation_From_Oportunity_MobileVoice.step04(AgreementCreation_From_Oportunity_MobileVoice.java:188)
... 26 more
Caused by: org.openqa.selenium.ElementClickInterceptedException: element click intercepted: Element <div class="primaryLabel slds-truncate slds-lookup__result-text" title="Mobile Voice" data-aura-rendered-by="32:4622;a">...</div> is not clickable at point (484, 222). Other element would receive the click: <div class="slds-truncate" title="..." data-aura-rendered-by="3157:0">OPTY_20200109_TC1_Ex5</div>
  (Session info: chrome=79.0.3945.117)
Build info: version: '3.141.59', revision: 'e82be7d358', time: '2018-11-14T08:17:03'
System info: host: 'INNOWAVE-383', ip: '192.168.0.164', os.name: 'Windows 10', os.arch: 'amd64', os.version: '10.0', java.version: '1.8.0_212'
Driver info: org.openqa.selenium.chrome.ChromeDriver
Capabilities {acceptInsecureCerts: false, browserName: chrome, browserVersion: 79.0.3945.117, chrome: {chromedriverVersion: 79.0.3945.36 (3582db32b3389..., userDataDir: C:\Users\LUIS~1.ACH\AppData...}, goog:chromeOptions: {debuggerAddress: localhost:60887}, javascriptEnabled: true, networkConnectionEnabled: false, pageLoadStrategy: normal, platform: WINDOWS, platformName: WINDOWS, proxy: Proxy(), setWindowRect: true, strictFileInteractability: false, timeouts: {implicit: 0, pageLoad: 300000, script: 30000}, unhandledPromptBehavior: dismiss and notify}
Session ID: d1fefd06d1654417203bbe85ce6ad6a8
at sun.reflect.NativeConstructorAccessorImpl.newInstance0(Native Method)
at sun.reflect.NativeConstructorAccessorImpl.newInstance(NativeConstructorAccessorImpl.java:62)
at sun.reflect.DelegatingConstructorAccessorImpl.newInstance(DelegatingConstructorAccessorImpl.java:45)
at java.lang.reflect.Constructor.newInstance(Constructor.java:423)
at org.openqa.selenium.remote.http.W3CHttpResponseCodec.createException(W3CHttpResponseCodec.java:187)
at org.openqa.selenium.remote.http.W3CHttpResponseCodec.decode(W3CHttpResponseCodec.java:122)
at org.openqa.selenium.remote.http.W3CHttpResponseCodec.decode(W3CHttpResponseCodec.java:49)
at org.openqa.selenium.remote.HttpCommandExecutor.execute(HttpCommandExecutor.java:158)
at org.openqa.selenium.remote.service.DriverCommandExecutor.execute(DriverCommandExecutor.java:83)
at org.openqa.selenium.remote.RemoteWebDriver.execute(RemoteWebDriver.java:552)
at org.openqa.selenium.remote.RemoteWebElement.execute(RemoteWebElement.java:285)
at org.openqa.selenium.remote.RemoteWebElement.click(RemoteWebElement.java:84)
at actions.FunctionalActionsSFDS.addProductToOppie(FunctionalActionsSFDS.java:96)
... 27 more
]]>
            </full-stacktrace>
          </exception> <!-- java.lang.Exception -->
          <reporter-output>
          </reporter-output>
        </test-method> <!-- step04 -->
        <test-method status="SKIP" signature="step05()[pri:0, instance:delivery01.soi_66.AgreementCreation_From_Oportunity_MobileVoice@55d56113]" name="step05" duration-ms="0" started-at="2020-01-09T18:24:34Z" depends-on-methods="delivery01.soi_66.AgreementCreation_From_Oportunity_MobileVoice.step04" finished-at="2020-01-09T18:24:34Z">
          <exception class="java.lang.Throwable">
            <message>
              <![CDATA[Method AgreementCreation_From_Oportunity_MobileVoice.step05()[pri:0, instance:delivery01.soi_66.AgreementCreation_From_Oportunity_MobileVoice@55d56113] depends on not successfully finished methods]]>
            </message>
            <full-stacktrace>
              <![CDATA[java.lang.Throwable: Method AgreementCreation_From_Oportunity_MobileVoice.step05()[pri:0, instance:delivery01.soi_66.AgreementCreation_From_Oportunity_MobileVoice@55d56113] depends on not successfully finished methods
at org.testng.internal.Invoker.invokeTestMethods(Invoker.java:888)
at org.testng.internal.TestMethodWorker.invokeTestMethods(TestMethodWorker.java:125)
at org.testng.internal.TestMethodWorker.run(TestMethodWorker.java:109)
at org.testng.TestRunner.privateRun(TestRunner.java:648)
at org.testng.TestRunner.run(TestRunner.java:505)
at org.testng.SuiteRunner.runTest(SuiteRunner.java:455)
at org.testng.SuiteRunner.runSequentially(SuiteRunner.java:450)
at org.testng.SuiteRunner.privateRun(SuiteRunner.java:415)
at org.testng.SuiteRunner.run(SuiteRunner.java:364)
at org.testng.SuiteRunnerWorker.runSuite(SuiteRunnerWorker.java:52)
at org.testng.SuiteRunnerWorker.run(SuiteRunnerWorker.java:84)
at org.testng.TestNG.runSuitesSequentially(TestNG.java:1208)
at org.testng.TestNG.runSuitesSequentially(TestNG.java:1204)
at org.testng.TestNG.runSuitesLocally(TestNG.java:1137)
at org.testng.TestNG.runSuites(TestNG.java:1049)
at org.testng.TestNG.run(TestNG.java:1017)
at org.testng.remote.AbstractRemoteTestNG.run(AbstractRemoteTestNG.java:115)
at org.testng.remote.RemoteTestNG.initAndRun(RemoteTestNG.java:251)
at org.testng.remote.RemoteTestNG.main(RemoteTestNG.java:77)
]]>
            </full-stacktrace>
          </exception> <!-- java.lang.Throwable -->
          <reporter-output>
          </reporter-output>
        </test-method> <!-- step05 -->
        <test-method status="SKIP" signature="step06()[pri:0, instance:delivery01.soi_66.AgreementCreation_From_Oportunity_MobileVoice@55d56113]" name="step06" duration-ms="0" started-at="2020-01-09T18:24:34Z" depends-on-methods="delivery01.soi_66.AgreementCreation_From_Oportunity_MobileVoice.step05" finished-at="2020-01-09T18:24:34Z">
          <exception class="java.lang.Throwable">
            <message>
              <![CDATA[Method AgreementCreation_From_Oportunity_MobileVoice.step06()[pri:0, instance:delivery01.soi_66.AgreementCreation_From_Oportunity_MobileVoice@55d56113] depends on not successfully finished methods]]>
            </message>
            <full-stacktrace>
              <![CDATA[java.lang.Throwable: Method AgreementCreation_From_Oportunity_MobileVoice.step06()[pri:0, instance:delivery01.soi_66.AgreementCreation_From_Oportunity_MobileVoice@55d56113] depends on not successfully finished methods
at org.testng.internal.Invoker.invokeTestMethods(Invoker.java:888)
at org.testng.internal.TestMethodWorker.invokeTestMethods(TestMethodWorker.java:125)
at org.testng.internal.TestMethodWorker.run(TestMethodWorker.java:109)
at org.testng.TestRunner.privateRun(TestRunner.java:648)
at org.testng.TestRunner.run(TestRunner.java:505)
at org.testng.SuiteRunner.runTest(SuiteRunner.java:455)
at org.testng.SuiteRunner.runSequentially(SuiteRunner.java:450)
at org.testng.SuiteRunner.privateRun(SuiteRunner.java:415)
at org.testng.SuiteRunner.run(SuiteRunner.java:364)
at org.testng.SuiteRunnerWorker.runSuite(SuiteRunnerWorker.java:52)
at org.testng.SuiteRunnerWorker.run(SuiteRunnerWorker.java:84)
at org.testng.TestNG.runSuitesSequentially(TestNG.java:1208)
at org.testng.TestNG.runSuitesSequentially(TestNG.java:1204)
at org.testng.TestNG.runSuitesLocally(TestNG.java:1137)
at org.testng.TestNG.runSuites(TestNG.java:1049)
at org.testng.TestNG.run(TestNG.java:1017)
at org.testng.remote.AbstractRemoteTestNG.run(AbstractRemoteTestNG.java:115)
at org.testng.remote.RemoteTestNG.initAndRun(RemoteTestNG.java:251)
at org.testng.remote.RemoteTestNG.main(RemoteTestNG.java:77)
]]>
            </full-stacktrace>
          </exception> <!-- java.lang.Throwable -->
          <reporter-output>
          </reporter-output>
        </test-method> <!-- step06 -->
        <test-method status="PASS" signature="afterTest()[pri:0, instance:delivery01.soi_66.AgreementCreation_From_Oportunity_MobileVoice@55d56113]" name="afterTest" is-config="true" duration-ms="4963" started-at="2020-01-09T18:24:34Z" finished-at="2020-01-09T18:24:39Z">
          <reporter-output>
          </reporter-output>
        </test-method> <!-- afterTest -->
      </class> <!-- delivery01.soi_66.AgreementCreation_From_Oportunity_MobileVoice -->
    </test> <!-- AgreementCreation_From_Oportunity_MobileVoice -->
    <test name="AgreementCreation_From_Oportunity_MobileVoice_Negative" duration-ms="53238" started-at="2020-01-09T18:24:39Z" finished-at="2020-01-09T18:25:32Z">
      <class name="delivery01.soi_66.AgreementCreation_From_Oportunity_MobileVoice_Negative">
        <test-method status="PASS" signature="beforeTest()[pri:0, instance:delivery01.soi_66.AgreementCreation_From_Oportunity_MobileVoice_Negative@2038ae61]" name="beforeTest" is-config="true" duration-ms="5851" started-at="2020-01-09T18:24:39Z" finished-at="2020-01-09T18:24:45Z">
          <reporter-output>
          </reporter-output>
        </test-method> <!-- beforeTest -->
        <test-method status="PASS" signature="step01()[pri:0, instance:delivery01.soi_66.AgreementCreation_From_Oportunity_MobileVoice_Negative@2038ae61]" name="step01" duration-ms="9763" started-at="2020-01-09T18:24:45Z" finished-at="2020-01-09T18:24:54Z">
          <reporter-output>
          </reporter-output>
        </test-method> <!-- step01 -->
        <test-method status="PASS" signature="step02()[pri:0, instance:delivery01.soi_66.AgreementCreation_From_Oportunity_MobileVoice_Negative@2038ae61]" name="step02" duration-ms="9226" started-at="2020-01-09T18:24:54Z" depends-on-methods="delivery01.soi_66.AgreementCreation_From_Oportunity_MobileVoice_Negative.step01" finished-at="2020-01-09T18:25:04Z">
          <reporter-output>
          </reporter-output>
        </test-method> <!-- step02 -->
        <test-method status="PASS" signature="step03()[pri:0, instance:delivery01.soi_66.AgreementCreation_From_Oportunity_MobileVoice_Negative@2038ae61]" name="step03" duration-ms="12665" started-at="2020-01-09T18:25:04Z" depends-on-methods="delivery01.soi_66.AgreementCreation_From_Oportunity_MobileVoice_Negative.step02" finished-at="2020-01-09T18:25:16Z">
          <reporter-output>
          </reporter-output>
        </test-method> <!-- step03 -->
        <test-method status="FAIL" signature="step04()[pri:0, instance:delivery01.soi_66.AgreementCreation_From_Oportunity_MobileVoice_Negative@2038ae61]" name="step04" duration-ms="10921" started-at="2020-01-09T18:25:16Z" depends-on-methods="delivery01.soi_66.AgreementCreation_From_Oportunity_MobileVoice_Negative.step03" finished-at="2020-01-09T18:25:27Z">
          <exception class="java.lang.Exception">
            <message>
              <![CDATA[Test Failed on Step 4]]>
            </message>
            <full-stacktrace>
              <![CDATA[java.lang.Exception: Test Failed on Step 4
at delivery01.soi_66.AgreementCreation_From_Oportunity_MobileVoice_Negative.step04(AgreementCreation_From_Oportunity_MobileVoice_Negative.java:216)
at sun.reflect.NativeMethodAccessorImpl.invoke0(Native Method)
at sun.reflect.NativeMethodAccessorImpl.invoke(NativeMethodAccessorImpl.java:62)
at sun.reflect.DelegatingMethodAccessorImpl.invoke(DelegatingMethodAccessorImpl.java:43)
at java.lang.reflect.Method.invoke(Method.java:498)
at org.testng.internal.MethodInvocationHelper.invokeMethod(MethodInvocationHelper.java:124)
at org.testng.internal.Invoker.invokeMethod(Invoker.java:583)
at org.testng.internal.Invoker.invokeTestMethod(Invoker.java:719)
at org.testng.internal.Invoker.invokeTestMethods(Invoker.java:989)
at org.testng.internal.TestMethodWorker.invokeTestMethods(TestMethodWorker.java:125)
at org.testng.internal.TestMethodWorker.run(TestMethodWorker.java:109)
at org.testng.TestRunner.privateRun(TestRunner.java:648)
at org.testng.TestRunner.run(TestRunner.java:505)
at org.testng.SuiteRunner.runTest(SuiteRunner.java:455)
at org.testng.SuiteRunner.runSequentially(SuiteRunner.java:450)
at org.testng.SuiteRunner.privateRun(SuiteRunner.java:415)
at org.testng.SuiteRunner.run(SuiteRunner.java:364)
at org.testng.SuiteRunnerWorker.runSuite(SuiteRunnerWorker.java:52)
at org.testng.SuiteRunnerWorker.run(SuiteRunnerWorker.java:84)
at org.testng.TestNG.runSuitesSequentially(TestNG.java:1208)
at org.testng.TestNG.runSuitesSequentially(TestNG.java:1204)
at org.testng.TestNG.runSuitesLocally(TestNG.java:1137)
at org.testng.TestNG.runSuites(TestNG.java:1049)
at org.testng.TestNG.run(TestNG.java:1017)
at org.testng.remote.AbstractRemoteTestNG.run(AbstractRemoteTestNG.java:115)
at org.testng.remote.RemoteTestNG.initAndRun(RemoteTestNG.java:251)
at org.testng.remote.RemoteTestNG.main(RemoteTestNG.java:77)
Caused by: org.openqa.selenium.StaleElementReferenceException: stale element reference: element is not attached to the page document
  (Session info: chrome=79.0.3945.117)
For documentation on this error, please visit: https://www.seleniumhq.org/exceptions/stale_element_reference.html
Build info: version: '3.141.59', revision: 'e82be7d358', time: '2018-11-14T08:17:03'
System info: host: 'INNOWAVE-383', ip: '192.168.0.164', os.name: 'Windows 10', os.arch: 'amd64', os.version: '10.0', java.version: '1.8.0_212'
Driver info: org.openqa.selenium.chrome.ChromeDriver
Capabilities {acceptInsecureCerts: false, browserName: chrome, browserVersion: 79.0.3945.117, chrome: {chromedriverVersion: 79.0.3945.36 (3582db32b3389..., userDataDir: C:\Users\luis.achas\AppData...}, goog:chromeOptions: {debuggerAddress: localhost:61578}, javascriptEnabled: true, networkConnectionEnabled: false, pageLoadStrategy: normal, platform: WINDOWS, platformName: WINDOWS, proxy: Proxy(), setWindowRect: true, strictFileInteractability: false, timeouts: {implicit: 0, pageLoad: 300000, script: 30000}, unhandledPromptBehavior: dismiss and notify}
Session ID: f7b9236a06d04c0ccd05f2d0bc5d7c7d
at sun.reflect.NativeConstructorAccessorImpl.newInstance0(Native Method)
at sun.reflect.NativeConstructorAccessorImpl.newInstance(NativeConstructorAccessorImpl.java:62)
at sun.reflect.DelegatingConstructorAccessorImpl.newInstance(DelegatingConstructorAccessorImpl.java:45)
at java.lang.reflect.Constructor.newInstance(Constructor.java:423)
at org.openqa.selenium.remote.http.W3CHttpResponseCodec.createException(W3CHttpResponseCodec.java:187)
at org.openqa.selenium.remote.http.W3CHttpResponseCodec.decode(W3CHttpResponseCodec.java:122)
at org.openqa.selenium.remote.http.W3CHttpResponseCodec.decode(W3CHttpResponseCodec.java:49)
at org.openqa.selenium.remote.HttpCommandExecutor.execute(HttpCommandExecutor.java:158)
at org.openqa.selenium.remote.service.DriverCommandExecutor.execute(DriverCommandExecutor.java:83)
at org.openqa.selenium.remote.RemoteWebDriver.execute(RemoteWebDriver.java:552)
at org.openqa.selenium.remote.RemoteWebElement.execute(RemoteWebElement.java:285)
at org.openqa.selenium.remote.RemoteWebElement.click(RemoteWebElement.java:84)
at delivery01.soi_66.AgreementCreation_From_Oportunity_MobileVoice_Negative.step04(AgreementCreation_From_Oportunity_MobileVoice_Negative.java:195)
... 26 more
]]>
            </full-stacktrace>
          </exception> <!-- java.lang.Exception -->
          <reporter-output>
          </reporter-output>
        </test-method> <!-- step04 -->
        <test-method status="SKIP" signature="step05()[pri:0, instance:delivery01.soi_66.AgreementCreation_From_Oportunity_MobileVoice_Negative@2038ae61]" name="step05" duration-ms="0" started-at="2020-01-09T18:25:27Z" depends-on-methods="delivery01.soi_66.AgreementCreation_From_Oportunity_MobileVoice_Negative.step04" finished-at="2020-01-09T18:25:27Z">
          <exception class="java.lang.Throwable">
            <message>
              <![CDATA[Method AgreementCreation_From_Oportunity_MobileVoice_Negative.step05()[pri:0, instance:delivery01.soi_66.AgreementCreation_From_Oportunity_MobileVoice_Negative@2038ae61] depends on not successfully finished methods]]>
            </message>
            <full-stacktrace>
              <![CDATA[java.lang.Throwable: Method AgreementCreation_From_Oportunity_MobileVoice_Negative.step05()[pri:0, instance:delivery01.soi_66.AgreementCreation_From_Oportunity_MobileVoice_Negative@2038ae61] depends on not successfully finished methods
at org.testng.internal.Invoker.invokeTestMethods(Invoker.java:888)
at org.testng.internal.TestMethodWorker.invokeTestMethods(TestMethodWorker.java:125)
at org.testng.internal.TestMethodWorker.run(TestMethodWorker.java:109)
at org.testng.TestRunner.privateRun(TestRunner.java:648)
at org.testng.TestRunner.run(TestRunner.java:505)
at org.testng.SuiteRunner.runTest(SuiteRunner.java:455)
at org.testng.SuiteRunner.runSequentially(SuiteRunner.java:450)
at org.testng.SuiteRunner.privateRun(SuiteRunner.java:415)
at org.testng.SuiteRunner.run(SuiteRunner.java:364)
at org.testng.SuiteRunnerWorker.runSuite(SuiteRunnerWorker.java:52)
at org.testng.SuiteRunnerWorker.run(SuiteRunnerWorker.java:84)
at org.testng.TestNG.runSuitesSequentially(TestNG.java:1208)
at org.testng.TestNG.runSuitesSequentially(TestNG.java:1204)
at org.testng.TestNG.runSuitesLocally(TestNG.java:1137)
at org.testng.TestNG.runSuites(TestNG.java:1049)
at org.testng.TestNG.run(TestNG.java:1017)
at org.testng.remote.AbstractRemoteTestNG.run(AbstractRemoteTestNG.java:115)
at org.testng.remote.RemoteTestNG.initAndRun(RemoteTestNG.java:251)
at org.testng.remote.RemoteTestNG.main(RemoteTestNG.java:77)
]]>
            </full-stacktrace>
          </exception> <!-- java.lang.Throwable -->
          <reporter-output>
          </reporter-output>
        </test-method> <!-- step05 -->
        <test-method status="PASS" signature="afterTest()[pri:0, instance:delivery01.soi_66.AgreementCreation_From_Oportunity_MobileVoice_Negative@2038ae61]" name="afterTest" is-config="true" duration-ms="4805" started-at="2020-01-09T18:25:27Z" finished-at="2020-01-09T18:25:32Z">
          <reporter-output>
          </reporter-output>
        </test-method> <!-- afterTest -->
      </class> <!-- delivery01.soi_66.AgreementCreation_From_Oportunity_MobileVoice_Negative -->
    </test> <!-- AgreementCreation_From_Oportunity_MobileVoice_Negative -->
    <test name="AgreementCreation_From_Oportunity_MobileVoice_EditAgreement" duration-ms="52892" started-at="2020-01-09T18:25:32Z" finished-at="2020-01-09T18:26:25Z">
      <class name="delivery01.soi_66.AgreementCreation_From_Oportunity_MobileVoice_EditAgreement">
        <test-method status="PASS" signature="beforeTest()[pri:0, instance:delivery01.soi_66.AgreementCreation_From_Oportunity_MobileVoice_EditAgreement@3327bd23]" name="beforeTest" is-config="true" duration-ms="5498" started-at="2020-01-09T18:25:32Z" finished-at="2020-01-09T18:25:38Z">
          <reporter-output>
          </reporter-output>
        </test-method> <!-- beforeTest -->
        <test-method status="PASS" signature="step01()[pri:0, instance:delivery01.soi_66.AgreementCreation_From_Oportunity_MobileVoice_EditAgreement@3327bd23]" name="step01" duration-ms="13599" started-at="2020-01-09T18:25:38Z" finished-at="2020-01-09T18:25:51Z">
          <reporter-output>
          </reporter-output>
        </test-method> <!-- step01 -->
        <test-method status="PASS" signature="step02()[pri:0, instance:delivery01.soi_66.AgreementCreation_From_Oportunity_MobileVoice_EditAgreement@3327bd23]" name="step02" duration-ms="12060" started-at="2020-01-09T18:25:51Z" depends-on-methods="delivery01.soi_66.AgreementCreation_From_Oportunity_MobileVoice_EditAgreement.step01" finished-at="2020-01-09T18:26:03Z">
          <reporter-output>
          </reporter-output>
        </test-method> <!-- step02 -->
        <test-method status="PASS" signature="step03()[pri:0, instance:delivery01.soi_66.AgreementCreation_From_Oportunity_MobileVoice_EditAgreement@3327bd23]" name="step03" duration-ms="14081" started-at="2020-01-09T18:26:03Z" depends-on-methods="delivery01.soi_66.AgreementCreation_From_Oportunity_MobileVoice_EditAgreement.step02" finished-at="2020-01-09T18:26:17Z">
          <reporter-output>
          </reporter-output>
        </test-method> <!-- step03 -->
        <test-method status="FAIL" signature="step04()[pri:0, instance:delivery01.soi_66.AgreementCreation_From_Oportunity_MobileVoice_EditAgreement@3327bd23]" name="step04" duration-ms="2659" started-at="2020-01-09T18:26:17Z" depends-on-methods="delivery01.soi_66.AgreementCreation_From_Oportunity_MobileVoice_EditAgreement.step03" finished-at="2020-01-09T18:26:20Z">
          <exception class="java.lang.Exception">
            <message>
              <![CDATA[Test Failed on Step 4]]>
            </message>
            <full-stacktrace>
              <![CDATA[java.lang.Exception: Test Failed on Step 4
at delivery01.soi_66.AgreementCreation_From_Oportunity_MobileVoice_EditAgreement.step04(AgreementCreation_From_Oportunity_MobileVoice_EditAgreement.java:213)
at sun.reflect.NativeMethodAccessorImpl.invoke0(Native Method)
at sun.reflect.NativeMethodAccessorImpl.invoke(NativeMethodAccessorImpl.java:62)
at sun.reflect.DelegatingMethodAccessorImpl.invoke(DelegatingMethodAccessorImpl.java:43)
at java.lang.reflect.Method.invoke(Method.java:498)
at org.testng.internal.MethodInvocationHelper.invokeMethod(MethodInvocationHelper.java:124)
at org.testng.internal.Invoker.invokeMethod(Invoker.java:583)
at org.testng.internal.Invoker.invokeTestMethod(Invoker.java:719)
at org.testng.internal.Invoker.invokeTestMethods(Invoker.java:989)
at org.testng.internal.TestMethodWorker.invokeTestMethods(TestMethodWorker.java:125)
at org.testng.internal.TestMethodWorker.run(TestMethodWorker.java:109)
at org.testng.TestRunner.privateRun(TestRunner.java:648)
at org.testng.TestRunner.run(TestRunner.java:505)
at org.testng.SuiteRunner.runTest(SuiteRunner.java:455)
at org.testng.SuiteRunner.runSequentially(SuiteRunner.java:450)
at org.testng.SuiteRunner.privateRun(SuiteRunner.java:415)
at org.testng.SuiteRunner.run(SuiteRunner.java:364)
at org.testng.SuiteRunnerWorker.runSuite(SuiteRunnerWorker.java:52)
at org.testng.SuiteRunnerWorker.run(SuiteRunnerWorker.java:84)
at org.testng.TestNG.runSuitesSequentially(TestNG.java:1208)
at org.testng.TestNG.runSuitesSequentially(TestNG.java:1204)
at org.testng.TestNG.runSuitesLocally(TestNG.java:1137)
at org.testng.TestNG.runSuites(TestNG.java:1049)
at org.testng.TestNG.run(TestNG.java:1017)
at org.testng.remote.AbstractRemoteTestNG.run(AbstractRemoteTestNG.java:115)
at org.testng.remote.RemoteTestNG.initAndRun(RemoteTestNG.java:251)
at org.testng.remote.RemoteTestNG.main(RemoteTestNG.java:77)
Caused by: java.lang.Exception: Add Product To Opportunity Failed
at actions.FunctionalActionsSFDS.addProductToOppie(FunctionalActionsSFDS.java:105)
at delivery01.soi_66.AgreementCreation_From_Oportunity_MobileVoice_EditAgreement.step04(AgreementCreation_From_Oportunity_MobileVoice_EditAgreement.java:186)
... 26 more
Caused by: org.openqa.selenium.ElementClickInterceptedException: element click intercepted: Element <div class="primaryLabel slds-truncate slds-lookup__result-text" title="Mobile Voice" data-aura-rendered-by="32:4621;a">...</div> is not clickable at point (484, 222). Other element would receive the click: <div class="slds-truncate" title="..." data-aura-rendered-by="3157:0">OPTY_20200109_TC3_Ex3</div>
  (Session info: chrome=79.0.3945.117)
Build info: version: '3.141.59', revision: 'e82be7d358', time: '2018-11-14T08:17:03'
System info: host: 'INNOWAVE-383', ip: '192.168.0.164', os.name: 'Windows 10', os.arch: 'amd64', os.version: '10.0', java.version: '1.8.0_212'
Driver info: org.openqa.selenium.chrome.ChromeDriver
Capabilities {acceptInsecureCerts: false, browserName: chrome, browserVersion: 79.0.3945.117, chrome: {chromedriverVersion: 79.0.3945.36 (3582db32b3389..., userDataDir: C:\Users\LUIS~1.ACH\AppData...}, goog:chromeOptions: {debuggerAddress: localhost:62304}, javascriptEnabled: true, networkConnectionEnabled: false, pageLoadStrategy: normal, platform: WINDOWS, platformName: WINDOWS, proxy: Proxy(), setWindowRect: true, strictFileInteractability: false, timeouts: {implicit: 0, pageLoad: 300000, script: 30000}, unhandledPromptBehavior: dismiss and notify}
Session ID: c201ef7029fb01c85b8214b4bd622311
at sun.reflect.NativeConstructorAccessorImpl.newInstance0(Native Method)
at sun.reflect.NativeConstructorAccessorImpl.newInstance(NativeConstructorAccessorImpl.java:62)
at sun.reflect.DelegatingConstructorAccessorImpl.newInstance(DelegatingConstructorAccessorImpl.java:45)
at java.lang.reflect.Constructor.newInstance(Constructor.java:423)
at org.openqa.selenium.remote.http.W3CHttpResponseCodec.createException(W3CHttpResponseCodec.java:187)
at org.openqa.selenium.remote.http.W3CHttpResponseCodec.decode(W3CHttpResponseCodec.java:122)
at org.openqa.selenium.remote.http.W3CHttpResponseCodec.decode(W3CHttpResponseCodec.java:49)
at org.openqa.selenium.remote.HttpCommandExecutor.execute(HttpCommandExecutor.java:158)
at org.openqa.selenium.remote.service.DriverCommandExecutor.execute(DriverCommandExecutor.java:83)
at org.openqa.selenium.remote.RemoteWebDriver.execute(RemoteWebDriver.java:552)
at org.openqa.selenium.remote.RemoteWebElement.execute(RemoteWebElement.java:285)
at org.openqa.selenium.remote.RemoteWebElement.click(RemoteWebElement.java:84)
at actions.FunctionalActionsSFDS.addProductToOppie(FunctionalActionsSFDS.java:96)
... 27 more
]]>
            </full-stacktrace>
          </exception> <!-- java.lang.Exception -->
          <reporter-output>
          </reporter-output>
        </test-method> <!-- step04 -->
        <test-method status="SKIP" signature="step05()[pri:0, instance:delivery01.soi_66.AgreementCreation_From_Oportunity_MobileVoice_EditAgreement@3327bd23]" name="step05" duration-ms="0" started-at="2020-01-09T18:26:20Z" depends-on-methods="delivery01.soi_66.AgreementCreation_From_Oportunity_MobileVoice_EditAgreement.step04" finished-at="2020-01-09T18:26:20Z">
          <exception class="java.lang.Throwable">
            <message>
              <![CDATA[Method AgreementCreation_From_Oportunity_MobileVoice_EditAgreement.step05()[pri:0, instance:delivery01.soi_66.AgreementCreation_From_Oportunity_MobileVoice_EditAgreement@3327bd23] depends on not successfully finished methods]]>
            </message>
            <full-stacktrace>
              <![CDATA[java.lang.Throwable: Method AgreementCreation_From_Oportunity_MobileVoice_EditAgreement.step05()[pri:0, instance:delivery01.soi_66.AgreementCreation_From_Oportunity_MobileVoice_EditAgreement@3327bd23] depends on not successfully finished methods
at org.testng.internal.Invoker.invokeTestMethods(Invoker.java:888)
at org.testng.internal.TestMethodWorker.invokeTestMethods(TestMethodWorker.java:125)
at org.testng.internal.TestMethodWorker.run(TestMethodWorker.java:109)
at org.testng.TestRunner.privateRun(TestRunner.java:648)
at org.testng.TestRunner.run(TestRunner.java:505)
at org.testng.SuiteRunner.runTest(SuiteRunner.java:455)
at org.testng.SuiteRunner.runSequentially(SuiteRunner.java:450)
at org.testng.SuiteRunner.privateRun(SuiteRunner.java:415)
at org.testng.SuiteRunner.run(SuiteRunner.java:364)
at org.testng.SuiteRunnerWorker.runSuite(SuiteRunnerWorker.java:52)
at org.testng.SuiteRunnerWorker.run(SuiteRunnerWorker.java:84)
at org.testng.TestNG.runSuitesSequentially(TestNG.java:1208)
at org.testng.TestNG.runSuitesSequentially(TestNG.java:1204)
at org.testng.TestNG.runSuitesLocally(TestNG.java:1137)
at org.testng.TestNG.runSuites(TestNG.java:1049)
at org.testng.TestNG.run(TestNG.java:1017)
at org.testng.remote.AbstractRemoteTestNG.run(AbstractRemoteTestNG.java:115)
at org.testng.remote.RemoteTestNG.initAndRun(RemoteTestNG.java:251)
at org.testng.remote.RemoteTestNG.main(RemoteTestNG.java:77)
]]>
            </full-stacktrace>
          </exception> <!-- java.lang.Throwable -->
          <reporter-output>
          </reporter-output>
        </test-method> <!-- step05 -->
        <test-method status="SKIP" signature="step06()[pri:0, instance:delivery01.soi_66.AgreementCreation_From_Oportunity_MobileVoice_EditAgreement@3327bd23]" name="step06" duration-ms="0" started-at="2020-01-09T18:26:20Z" depends-on-methods="delivery01.soi_66.AgreementCreation_From_Oportunity_MobileVoice_EditAgreement.step05" finished-at="2020-01-09T18:26:20Z">
          <exception class="java.lang.Throwable">
            <message>
              <![CDATA[Method AgreementCreation_From_Oportunity_MobileVoice_EditAgreement.step06()[pri:0, instance:delivery01.soi_66.AgreementCreation_From_Oportunity_MobileVoice_EditAgreement@3327bd23] depends on not successfully finished methods]]>
            </message>
            <full-stacktrace>
              <![CDATA[java.lang.Throwable: Method AgreementCreation_From_Oportunity_MobileVoice_EditAgreement.step06()[pri:0, instance:delivery01.soi_66.AgreementCreation_From_Oportunity_MobileVoice_EditAgreement@3327bd23] depends on not successfully finished methods
at org.testng.internal.Invoker.invokeTestMethods(Invoker.java:888)
at org.testng.internal.TestMethodWorker.invokeTestMethods(TestMethodWorker.java:125)
at org.testng.internal.TestMethodWorker.run(TestMethodWorker.java:109)
at org.testng.TestRunner.privateRun(TestRunner.java:648)
at org.testng.TestRunner.run(TestRunner.java:505)
at org.testng.SuiteRunner.runTest(SuiteRunner.java:455)
at org.testng.SuiteRunner.runSequentially(SuiteRunner.java:450)
at org.testng.SuiteRunner.privateRun(SuiteRunner.java:415)
at org.testng.SuiteRunner.run(SuiteRunner.java:364)
at org.testng.SuiteRunnerWorker.runSuite(SuiteRunnerWorker.java:52)
at org.testng.SuiteRunnerWorker.run(SuiteRunnerWorker.java:84)
at org.testng.TestNG.runSuitesSequentially(TestNG.java:1208)
at org.testng.TestNG.runSuitesSequentially(TestNG.java:1204)
at org.testng.TestNG.runSuitesLocally(TestNG.java:1137)
at org.testng.TestNG.runSuites(TestNG.java:1049)
at org.testng.TestNG.run(TestNG.java:1017)
at org.testng.remote.AbstractRemoteTestNG.run(AbstractRemoteTestNG.java:115)
at org.testng.remote.RemoteTestNG.initAndRun(RemoteTestNG.java:251)
at org.testng.remote.RemoteTestNG.main(RemoteTestNG.java:77)
]]>
            </full-stacktrace>
          </exception> <!-- java.lang.Throwable -->
          <reporter-output>
          </reporter-output>
        </test-method> <!-- step06 -->
        <test-method status="SKIP" signature="step07()[pri:0, instance:delivery01.soi_66.AgreementCreation_From_Oportunity_MobileVoice_EditAgreement@3327bd23]" name="step07" duration-ms="0" started-at="2020-01-09T18:26:20Z" depends-on-methods="delivery01.soi_66.AgreementCreation_From_Oportunity_MobileVoice_EditAgreement.step06" finished-at="2020-01-09T18:26:20Z">
          <exception class="java.lang.Throwable">
            <message>
              <![CDATA[Method AgreementCreation_From_Oportunity_MobileVoice_EditAgreement.step07()[pri:0, instance:delivery01.soi_66.AgreementCreation_From_Oportunity_MobileVoice_EditAgreement@3327bd23] depends on not successfully finished methods]]>
            </message>
            <full-stacktrace>
              <![CDATA[java.lang.Throwable: Method AgreementCreation_From_Oportunity_MobileVoice_EditAgreement.step07()[pri:0, instance:delivery01.soi_66.AgreementCreation_From_Oportunity_MobileVoice_EditAgreement@3327bd23] depends on not successfully finished methods
at org.testng.internal.Invoker.invokeTestMethods(Invoker.java:888)
at org.testng.internal.TestMethodWorker.invokeTestMethods(TestMethodWorker.java:125)
at org.testng.internal.TestMethodWorker.run(TestMethodWorker.java:109)
at org.testng.TestRunner.privateRun(TestRunner.java:648)
at org.testng.TestRunner.run(TestRunner.java:505)
at org.testng.SuiteRunner.runTest(SuiteRunner.java:455)
at org.testng.SuiteRunner.runSequentially(SuiteRunner.java:450)
at org.testng.SuiteRunner.privateRun(SuiteRunner.java:415)
at org.testng.SuiteRunner.run(SuiteRunner.java:364)
at org.testng.SuiteRunnerWorker.runSuite(SuiteRunnerWorker.java:52)
at org.testng.SuiteRunnerWorker.run(SuiteRunnerWorker.java:84)
at org.testng.TestNG.runSuitesSequentially(TestNG.java:1208)
at org.testng.TestNG.runSuitesSequentially(TestNG.java:1204)
at org.testng.TestNG.runSuitesLocally(TestNG.java:1137)
at org.testng.TestNG.runSuites(TestNG.java:1049)
at org.testng.TestNG.run(TestNG.java:1017)
at org.testng.remote.AbstractRemoteTestNG.run(AbstractRemoteTestNG.java:115)
at org.testng.remote.RemoteTestNG.initAndRun(RemoteTestNG.java:251)
at org.testng.remote.RemoteTestNG.main(RemoteTestNG.java:77)
]]>
            </full-stacktrace>
          </exception> <!-- java.lang.Throwable -->
          <reporter-output>
          </reporter-output>
        </test-method> <!-- step07 -->
        <test-method status="PASS" signature="afterTest()[pri:0, instance:delivery01.soi_66.AgreementCreation_From_Oportunity_MobileVoice_EditAgreement@3327bd23]" name="afterTest" is-config="true" duration-ms="4986" started-at="2020-01-09T18:26:20Z" finished-at="2020-01-09T18:26:25Z">
          <reporter-output>
          </reporter-output>
        </test-method> <!-- afterTest -->
      </class> <!-- delivery01.soi_66.AgreementCreation_From_Oportunity_MobileVoice_EditAgreement -->
    </test> <!-- AgreementCreation_From_Oportunity_MobileVoice_EditAgreement -->
  </suite> <!-- SOI-66 Direct Sales Suite (0) -->
  <suite name="SOI-66 Direct Sales Suite" duration-ms="193773" started-at="2020-01-09T18:20:35Z" finished-at="2020-01-09T18:23:49Z">
    <groups>
    </groups>
    <test name="AgreementCreation_From_Oportunity_MobileVoice" duration-ms="84390" started-at="2020-01-09T18:20:35Z" finished-at="2020-01-09T18:22:00Z">
      <class name="delivery01.soi_66.AgreementCreation_From_Oportunity_MobileVoice">
        <test-method status="PASS" signature="beforeTest()[pri:0, instance:delivery01.soi_66.AgreementCreation_From_Oportunity_MobileVoice@464bee09]" name="beforeTest" is-config="true" duration-ms="7372" started-at="2020-01-09T18:20:35Z" finished-at="2020-01-09T18:20:43Z">
          <reporter-output>
          </reporter-output>
        </test-method> <!-- beforeTest -->
        <test-method status="PASS" signature="step01()[pri:0, instance:delivery01.soi_66.AgreementCreation_From_Oportunity_MobileVoice@464bee09]" name="step01" duration-ms="16132" started-at="2020-01-09T18:20:43Z" finished-at="2020-01-09T18:20:59Z">
          <reporter-output>
          </reporter-output>
        </test-method> <!-- step01 -->
        <test-method status="PASS" signature="step02()[pri:0, instance:delivery01.soi_66.AgreementCreation_From_Oportunity_MobileVoice@464bee09]" name="step02" duration-ms="11616" started-at="2020-01-09T18:20:59Z" depends-on-methods="delivery01.soi_66.AgreementCreation_From_Oportunity_MobileVoice.step01" finished-at="2020-01-09T18:21:10Z">
          <reporter-output>
          </reporter-output>
        </test-method> <!-- step02 -->
        <test-method status="PASS" signature="step03()[pri:0, instance:delivery01.soi_66.AgreementCreation_From_Oportunity_MobileVoice@464bee09]" name="step03" duration-ms="14938" started-at="2020-01-09T18:21:10Z" depends-on-methods="delivery01.soi_66.AgreementCreation_From_Oportunity_MobileVoice.step02" finished-at="2020-01-09T18:21:25Z">
          <reporter-output>
          </reporter-output>
        </test-method> <!-- step03 -->
        <test-method status="FAIL" signature="step04()[pri:0, instance:delivery01.soi_66.AgreementCreation_From_Oportunity_MobileVoice@464bee09]" name="step04" duration-ms="19181" started-at="2020-01-09T18:21:25Z" depends-on-methods="delivery01.soi_66.AgreementCreation_From_Oportunity_MobileVoice.step03" finished-at="2020-01-09T18:21:45Z">
          <exception class="java.lang.Exception">
            <message>
              <![CDATA[Test Failed on Step 4]]>
            </message>
            <full-stacktrace>
              <![CDATA[java.lang.Exception: Test Failed on Step 4
at delivery01.soi_66.AgreementCreation_From_Oportunity_MobileVoice.step04(AgreementCreation_From_Oportunity_MobileVoice.java:215)
at sun.reflect.NativeMethodAccessorImpl.invoke0(Native Method)
at sun.reflect.NativeMethodAccessorImpl.invoke(NativeMethodAccessorImpl.java:62)
at sun.reflect.DelegatingMethodAccessorImpl.invoke(DelegatingMethodAccessorImpl.java:43)
at java.lang.reflect.Method.invoke(Method.java:498)
at org.testng.internal.MethodInvocationHelper.invokeMethod(MethodInvocationHelper.java:124)
at org.testng.internal.Invoker.invokeMethod(Invoker.java:583)
at org.testng.internal.Invoker.invokeTestMethod(Invoker.java:719)
at org.testng.internal.Invoker.invokeTestMethods(Invoker.java:989)
at org.testng.internal.TestMethodWorker.invokeTestMethods(TestMethodWorker.java:125)
at org.testng.internal.TestMethodWorker.run(TestMethodWorker.java:109)
at org.testng.TestRunner.privateRun(TestRunner.java:648)
at org.testng.TestRunner.run(TestRunner.java:505)
at org.testng.SuiteRunner.runTest(SuiteRunner.java:455)
at org.testng.SuiteRunner.runSequentially(SuiteRunner.java:450)
at org.testng.SuiteRunner.privateRun(SuiteRunner.java:415)
at org.testng.SuiteRunner.run(SuiteRunner.java:364)
at org.testng.SuiteRunnerWorker.runSuite(SuiteRunnerWorker.java:52)
at org.testng.SuiteRunnerWorker.run(SuiteRunnerWorker.java:84)
at org.testng.TestNG.runSuitesSequentially(TestNG.java:1208)
at org.testng.TestNG.runSuitesSequentially(TestNG.java:1204)
at org.testng.TestNG.runSuitesLocally(TestNG.java:1137)
at org.testng.TestNG.runSuites(TestNG.java:1049)
at org.testng.TestNG.run(TestNG.java:1017)
at org.testng.remote.AbstractRemoteTestNG.run(AbstractRemoteTestNG.java:115)
at org.testng.remote.RemoteTestNG.initAndRun(RemoteTestNG.java:251)
at org.testng.remote.RemoteTestNG.main(RemoteTestNG.java:77)
Caused by: java.lang.Exception: Edit Product Configuration Failed
at actions.FunctionalActionsSFDS.editProductConfiguration(FunctionalActionsSFDS.java:143)
at delivery01.soi_66.AgreementCreation_From_Oportunity_MobileVoice.step04(AgreementCreation_From_Oportunity_MobileVoice.java:190)
... 26 more
Caused by: org.openqa.selenium.TimeoutException: Expected condition failed: waiting for element to no longer be visible: By.xpath: //h2[@id='modal-title'] (tried for 10 second(s) with 500 milliseconds interval)
Build info: version: '3.141.59', revision: 'e82be7d358', time: '2018-11-14T08:17:03'
System info: host: 'INNOWAVE-383', ip: '192.168.0.164', os.name: 'Windows 10', os.arch: 'amd64', os.version: '10.0', java.version: '1.8.0_212'
Driver info: org.openqa.selenium.chrome.ChromeDriver
Capabilities {acceptInsecureCerts: false, browserName: chrome, browserVersion: 79.0.3945.117, chrome: {chromedriverVersion: 79.0.3945.36 (3582db32b3389..., userDataDir: C:\Users\LUIS~1.ACH\AppData...}, goog:chromeOptions: {debuggerAddress: localhost:58459}, javascriptEnabled: true, networkConnectionEnabled: false, pageLoadStrategy: normal, platform: WINDOWS, platformName: WINDOWS, proxy: Proxy(), setWindowRect: true, strictFileInteractability: false, timeouts: {implicit: 0, pageLoad: 300000, script: 30000}, unhandledPromptBehavior: dismiss and notify}
Session ID: 292c1a0f8e18619138d7b36d4d81edd9
at org.openqa.selenium.support.ui.WebDriverWait.timeoutException(WebDriverWait.java:95)
at org.openqa.selenium.support.ui.FluentWait.until(FluentWait.java:272)
at actions.FunctionalActionsSFDS.editProductConfiguration(FunctionalActionsSFDS.java:138)
... 27 more
]]>
            </full-stacktrace>
          </exception> <!-- java.lang.Exception -->
          <reporter-output>
          </reporter-output>
        </test-method> <!-- step04 -->
        <test-method status="SKIP" signature="step05()[pri:0, instance:delivery01.soi_66.AgreementCreation_From_Oportunity_MobileVoice@464bee09]" name="step05" duration-ms="0" started-at="2020-01-09T18:21:45Z" depends-on-methods="delivery01.soi_66.AgreementCreation_From_Oportunity_MobileVoice.step04" finished-at="2020-01-09T18:21:45Z">
          <exception class="java.lang.Throwable">
            <message>
              <![CDATA[Method AgreementCreation_From_Oportunity_MobileVoice.step05()[pri:0, instance:delivery01.soi_66.AgreementCreation_From_Oportunity_MobileVoice@464bee09] depends on not successfully finished methods]]>
            </message>
            <full-stacktrace>
              <![CDATA[java.lang.Throwable: Method AgreementCreation_From_Oportunity_MobileVoice.step05()[pri:0, instance:delivery01.soi_66.AgreementCreation_From_Oportunity_MobileVoice@464bee09] depends on not successfully finished methods
at org.testng.internal.Invoker.invokeTestMethods(Invoker.java:888)
at org.testng.internal.TestMethodWorker.invokeTestMethods(TestMethodWorker.java:125)
at org.testng.internal.TestMethodWorker.run(TestMethodWorker.java:109)
at org.testng.TestRunner.privateRun(TestRunner.java:648)
at org.testng.TestRunner.run(TestRunner.java:505)
at org.testng.SuiteRunner.runTest(SuiteRunner.java:455)
at org.testng.SuiteRunner.runSequentially(SuiteRunner.java:450)
at org.testng.SuiteRunner.privateRun(SuiteRunner.java:415)
at org.testng.SuiteRunner.run(SuiteRunner.java:364)
at org.testng.SuiteRunnerWorker.runSuite(SuiteRunnerWorker.java:52)
at org.testng.SuiteRunnerWorker.run(SuiteRunnerWorker.java:84)
at org.testng.TestNG.runSuitesSequentially(TestNG.java:1208)
at org.testng.TestNG.runSuitesSequentially(TestNG.java:1204)
at org.testng.TestNG.runSuitesLocally(TestNG.java:1137)
at org.testng.TestNG.runSuites(TestNG.java:1049)
at org.testng.TestNG.run(TestNG.java:1017)
at org.testng.remote.AbstractRemoteTestNG.run(AbstractRemoteTestNG.java:115)
at org.testng.remote.RemoteTestNG.initAndRun(RemoteTestNG.java:251)
at org.testng.remote.RemoteTestNG.main(RemoteTestNG.java:77)
]]>
            </full-stacktrace>
          </exception> <!-- java.lang.Throwable -->
          <reporter-output>
          </reporter-output>
        </test-method> <!-- step05 -->
        <test-method status="SKIP" signature="step06()[pri:0, instance:delivery01.soi_66.AgreementCreation_From_Oportunity_MobileVoice@464bee09]" name="step06" duration-ms="0" started-at="2020-01-09T18:21:45Z" depends-on-methods="delivery01.soi_66.AgreementCreation_From_Oportunity_MobileVoice.step05" finished-at="2020-01-09T18:21:45Z">
          <exception class="java.lang.Throwable">
            <message>
              <![CDATA[Method AgreementCreation_From_Oportunity_MobileVoice.step06()[pri:0, instance:delivery01.soi_66.AgreementCreation_From_Oportunity_MobileVoice@464bee09] depends on not successfully finished methods]]>
            </message>
            <full-stacktrace>
              <![CDATA[java.lang.Throwable: Method AgreementCreation_From_Oportunity_MobileVoice.step06()[pri:0, instance:delivery01.soi_66.AgreementCreation_From_Oportunity_MobileVoice@464bee09] depends on not successfully finished methods
at org.testng.internal.Invoker.invokeTestMethods(Invoker.java:888)
at org.testng.internal.TestMethodWorker.invokeTestMethods(TestMethodWorker.java:125)
at org.testng.internal.TestMethodWorker.run(TestMethodWorker.java:109)
at org.testng.TestRunner.privateRun(TestRunner.java:648)
at org.testng.TestRunner.run(TestRunner.java:505)
at org.testng.SuiteRunner.runTest(SuiteRunner.java:455)
at org.testng.SuiteRunner.runSequentially(SuiteRunner.java:450)
at org.testng.SuiteRunner.privateRun(SuiteRunner.java:415)
at org.testng.SuiteRunner.run(SuiteRunner.java:364)
at org.testng.SuiteRunnerWorker.runSuite(SuiteRunnerWorker.java:52)
at org.testng.SuiteRunnerWorker.run(SuiteRunnerWorker.java:84)
at org.testng.TestNG.runSuitesSequentially(TestNG.java:1208)
at org.testng.TestNG.runSuitesSequentially(TestNG.java:1204)
at org.testng.TestNG.runSuitesLocally(TestNG.java:1137)
at org.testng.TestNG.runSuites(TestNG.java:1049)
at org.testng.TestNG.run(TestNG.java:1017)
at org.testng.remote.AbstractRemoteTestNG.run(AbstractRemoteTestNG.java:115)
at org.testng.remote.RemoteTestNG.initAndRun(RemoteTestNG.java:251)
at org.testng.remote.RemoteTestNG.main(RemoteTestNG.java:77)
]]>
            </full-stacktrace>
          </exception> <!-- java.lang.Throwable -->
          <reporter-output>
          </reporter-output>
        </test-method> <!-- step06 -->
        <test-method status="PASS" signature="afterTest()[pri:0, instance:delivery01.soi_66.AgreementCreation_From_Oportunity_MobileVoice@464bee09]" name="afterTest" is-config="true" duration-ms="15085" started-at="2020-01-09T18:21:45Z" finished-at="2020-01-09T18:22:00Z">
          <reporter-output>
          </reporter-output>
        </test-method> <!-- afterTest -->
      </class> <!-- delivery01.soi_66.AgreementCreation_From_Oportunity_MobileVoice -->
    </test> <!-- AgreementCreation_From_Oportunity_MobileVoice -->
    <test name="AgreementCreation_From_Oportunity_MobileVoice_Negative" duration-ms="60241" started-at="2020-01-09T18:22:00Z" finished-at="2020-01-09T18:23:00Z">
      <class name="delivery01.soi_66.AgreementCreation_From_Oportunity_MobileVoice_Negative">
        <test-method status="PASS" signature="beforeTest()[pri:0, instance:delivery01.soi_66.AgreementCreation_From_Oportunity_MobileVoice_Negative@25bbe1b6]" name="beforeTest" is-config="true" duration-ms="5963" started-at="2020-01-09T18:22:00Z" finished-at="2020-01-09T18:22:06Z">
          <reporter-output>
          </reporter-output>
        </test-method> <!-- beforeTest -->
        <test-method status="PASS" signature="step01()[pri:0, instance:delivery01.soi_66.AgreementCreation_From_Oportunity_MobileVoice_Negative@25bbe1b6]" name="step01" duration-ms="11075" started-at="2020-01-09T18:22:06Z" finished-at="2020-01-09T18:22:17Z">
          <reporter-output>
          </reporter-output>
        </test-method> <!-- step01 -->
        <test-method status="PASS" signature="step02()[pri:0, instance:delivery01.soi_66.AgreementCreation_From_Oportunity_MobileVoice_Negative@25bbe1b6]" name="step02" duration-ms="12251" started-at="2020-01-09T18:22:17Z" depends-on-methods="delivery01.soi_66.AgreementCreation_From_Oportunity_MobileVoice_Negative.step01" finished-at="2020-01-09T18:22:29Z">
          <reporter-output>
          </reporter-output>
        </test-method> <!-- step02 -->
        <test-method status="PASS" signature="step03()[pri:0, instance:delivery01.soi_66.AgreementCreation_From_Oportunity_MobileVoice_Negative@25bbe1b6]" name="step03" duration-ms="14444" started-at="2020-01-09T18:22:29Z" depends-on-methods="delivery01.soi_66.AgreementCreation_From_Oportunity_MobileVoice_Negative.step02" finished-at="2020-01-09T18:22:43Z">
          <reporter-output>
          </reporter-output>
        </test-method> <!-- step03 -->
        <test-method status="FAIL" signature="step04()[pri:0, instance:delivery01.soi_66.AgreementCreation_From_Oportunity_MobileVoice_Negative@25bbe1b6]" name="step04" duration-ms="11768" started-at="2020-01-09T18:22:43Z" depends-on-methods="delivery01.soi_66.AgreementCreation_From_Oportunity_MobileVoice_Negative.step03" finished-at="2020-01-09T18:22:55Z">
          <exception class="java.lang.Exception">
            <message>
              <![CDATA[Test Failed on Step 4]]>
            </message>
            <full-stacktrace>
              <![CDATA[java.lang.Exception: Test Failed on Step 4
at delivery01.soi_66.AgreementCreation_From_Oportunity_MobileVoice_Negative.step04(AgreementCreation_From_Oportunity_MobileVoice_Negative.java:216)
at sun.reflect.NativeMethodAccessorImpl.invoke0(Native Method)
at sun.reflect.NativeMethodAccessorImpl.invoke(NativeMethodAccessorImpl.java:62)
at sun.reflect.DelegatingMethodAccessorImpl.invoke(DelegatingMethodAccessorImpl.java:43)
at java.lang.reflect.Method.invoke(Method.java:498)
at org.testng.internal.MethodInvocationHelper.invokeMethod(MethodInvocationHelper.java:124)
at org.testng.internal.Invoker.invokeMethod(Invoker.java:583)
at org.testng.internal.Invoker.invokeTestMethod(Invoker.java:719)
at org.testng.internal.Invoker.invokeTestMethods(Invoker.java:989)
at org.testng.internal.TestMethodWorker.invokeTestMethods(TestMethodWorker.java:125)
at org.testng.internal.TestMethodWorker.run(TestMethodWorker.java:109)
at org.testng.TestRunner.privateRun(TestRunner.java:648)
at org.testng.TestRunner.run(TestRunner.java:505)
at org.testng.SuiteRunner.runTest(SuiteRunner.java:455)
at org.testng.SuiteRunner.runSequentially(SuiteRunner.java:450)
at org.testng.SuiteRunner.privateRun(SuiteRunner.java:415)
at org.testng.SuiteRunner.run(SuiteRunner.java:364)
at org.testng.SuiteRunnerWorker.runSuite(SuiteRunnerWorker.java:52)
at org.testng.SuiteRunnerWorker.run(SuiteRunnerWorker.java:84)
at org.testng.TestNG.runSuitesSequentially(TestNG.java:1208)
at org.testng.TestNG.runSuitesSequentially(TestNG.java:1204)
at org.testng.TestNG.runSuitesLocally(TestNG.java:1137)
at org.testng.TestNG.runSuites(TestNG.java:1049)
at org.testng.TestNG.run(TestNG.java:1017)
at org.testng.remote.AbstractRemoteTestNG.run(AbstractRemoteTestNG.java:115)
at org.testng.remote.RemoteTestNG.initAndRun(RemoteTestNG.java:251)
at org.testng.remote.RemoteTestNG.main(RemoteTestNG.java:77)
Caused by: org.openqa.selenium.StaleElementReferenceException: stale element reference: element is not attached to the page document
  (Session info: chrome=79.0.3945.117)
For documentation on this error, please visit: https://www.seleniumhq.org/exceptions/stale_element_reference.html
Build info: version: '3.141.59', revision: 'e82be7d358', time: '2018-11-14T08:17:03'
System info: host: 'INNOWAVE-383', ip: '192.168.0.164', os.name: 'Windows 10', os.arch: 'amd64', os.version: '10.0', java.version: '1.8.0_212'
Driver info: org.openqa.selenium.chrome.ChromeDriver
Capabilities {acceptInsecureCerts: false, browserName: chrome, browserVersion: 79.0.3945.117, chrome: {chromedriverVersion: 79.0.3945.36 (3582db32b3389..., userDataDir: C:\Users\luis.achas\AppData...}, goog:chromeOptions: {debuggerAddress: localhost:59496}, javascriptEnabled: true, networkConnectionEnabled: false, pageLoadStrategy: normal, platform: WINDOWS, platformName: WINDOWS, proxy: Proxy(), setWindowRect: true, strictFileInteractability: false, timeouts: {implicit: 0, pageLoad: 300000, script: 30000}, unhandledPromptBehavior: dismiss and notify}
Session ID: def59e341d8eb3de0337ed382f1996b2
at sun.reflect.NativeConstructorAccessorImpl.newInstance0(Native Method)
at sun.reflect.NativeConstructorAccessorImpl.newInstance(NativeConstructorAccessorImpl.java:62)
at sun.reflect.DelegatingConstructorAccessorImpl.newInstance(DelegatingConstructorAccessorImpl.java:45)
at java.lang.reflect.Constructor.newInstance(Constructor.java:423)
at org.openqa.selenium.remote.http.W3CHttpResponseCodec.createException(W3CHttpResponseCodec.java:187)
at org.openqa.selenium.remote.http.W3CHttpResponseCodec.decode(W3CHttpResponseCodec.java:122)
at org.openqa.selenium.remote.http.W3CHttpResponseCodec.decode(W3CHttpResponseCodec.java:49)
at org.openqa.selenium.remote.HttpCommandExecutor.execute(HttpCommandExecutor.java:158)
at org.openqa.selenium.remote.service.DriverCommandExecutor.execute(DriverCommandExecutor.java:83)
at org.openqa.selenium.remote.RemoteWebDriver.execute(RemoteWebDriver.java:552)
at org.openqa.selenium.remote.RemoteWebElement.execute(RemoteWebElement.java:285)
at org.openqa.selenium.remote.RemoteWebElement.click(RemoteWebElement.java:84)
at delivery01.soi_66.AgreementCreation_From_Oportunity_MobileVoice_Negative.step04(AgreementCreation_From_Oportunity_MobileVoice_Negative.java:195)
... 26 more
]]>
            </full-stacktrace>
          </exception> <!-- java.lang.Exception -->
          <reporter-output>
          </reporter-output>
        </test-method> <!-- step04 -->
        <test-method status="SKIP" signature="step05()[pri:0, instance:delivery01.soi_66.AgreementCreation_From_Oportunity_MobileVoice_Negative@25bbe1b6]" name="step05" duration-ms="0" started-at="2020-01-09T18:22:55Z" depends-on-methods="delivery01.soi_66.AgreementCreation_From_Oportunity_MobileVoice_Negative.step04" finished-at="2020-01-09T18:22:55Z">
          <exception class="java.lang.Throwable">
            <message>
              <![CDATA[Method AgreementCreation_From_Oportunity_MobileVoice_Negative.step05()[pri:0, instance:delivery01.soi_66.AgreementCreation_From_Oportunity_MobileVoice_Negative@25bbe1b6] depends on not successfully finished methods]]>
            </message>
            <full-stacktrace>
              <![CDATA[java.lang.Throwable: Method AgreementCreation_From_Oportunity_MobileVoice_Negative.step05()[pri:0, instance:delivery01.soi_66.AgreementCreation_From_Oportunity_MobileVoice_Negative@25bbe1b6] depends on not successfully finished methods
at org.testng.internal.Invoker.invokeTestMethods(Invoker.java:888)
at org.testng.internal.TestMethodWorker.invokeTestMethods(TestMethodWorker.java:125)
at org.testng.internal.TestMethodWorker.run(TestMethodWorker.java:109)
at org.testng.TestRunner.privateRun(TestRunner.java:648)
at org.testng.TestRunner.run(TestRunner.java:505)
at org.testng.SuiteRunner.runTest(SuiteRunner.java:455)
at org.testng.SuiteRunner.runSequentially(SuiteRunner.java:450)
at org.testng.SuiteRunner.privateRun(SuiteRunner.java:415)
at org.testng.SuiteRunner.run(SuiteRunner.java:364)
at org.testng.SuiteRunnerWorker.runSuite(SuiteRunnerWorker.java:52)
at org.testng.SuiteRunnerWorker.run(SuiteRunnerWorker.java:84)
at org.testng.TestNG.runSuitesSequentially(TestNG.java:1208)
at org.testng.TestNG.runSuitesSequentially(TestNG.java:1204)
at org.testng.TestNG.runSuitesLocally(TestNG.java:1137)
at org.testng.TestNG.runSuites(TestNG.java:1049)
at org.testng.TestNG.run(TestNG.java:1017)
at org.testng.remote.AbstractRemoteTestNG.run(AbstractRemoteTestNG.java:115)
at org.testng.remote.RemoteTestNG.initAndRun(RemoteTestNG.java:251)
at org.testng.remote.RemoteTestNG.main(RemoteTestNG.java:77)
]]>
            </full-stacktrace>
          </exception> <!-- java.lang.Throwable -->
          <reporter-output>
          </reporter-output>
        </test-method> <!-- step05 -->
        <test-method status="PASS" signature="afterTest()[pri:0, instance:delivery01.soi_66.AgreementCreation_From_Oportunity_MobileVoice_Negative@25bbe1b6]" name="afterTest" is-config="true" duration-ms="4728" started-at="2020-01-09T18:22:55Z" finished-at="2020-01-09T18:23:00Z">
          <reporter-output>
          </reporter-output>
        </test-method> <!-- afterTest -->
      </class> <!-- delivery01.soi_66.AgreementCreation_From_Oportunity_MobileVoice_Negative -->
    </test> <!-- AgreementCreation_From_Oportunity_MobileVoice_Negative -->
    <test name="AgreementCreation_From_Oportunity_MobileVoice_EditAgreement" duration-ms="49062" started-at="2020-01-09T18:23:00Z" finished-at="2020-01-09T18:23:49Z">
      <class name="delivery01.soi_66.AgreementCreation_From_Oportunity_MobileVoice_EditAgreement">
        <test-method status="PASS" signature="beforeTest()[pri:0, instance:delivery01.soi_66.AgreementCreation_From_Oportunity_MobileVoice_EditAgreement@6adede5]" name="beforeTest" is-config="true" duration-ms="5527" started-at="2020-01-09T18:23:00Z" finished-at="2020-01-09T18:23:06Z">
          <reporter-output>
          </reporter-output>
        </test-method> <!-- beforeTest -->
        <test-method status="PASS" signature="step01()[pri:0, instance:delivery01.soi_66.AgreementCreation_From_Oportunity_MobileVoice_EditAgreement@6adede5]" name="step01" duration-ms="14550" started-at="2020-01-09T18:23:06Z" finished-at="2020-01-09T18:23:20Z">
          <reporter-output>
          </reporter-output>
        </test-method> <!-- step01 -->
        <test-method status="PASS" signature="step02()[pri:0, instance:delivery01.soi_66.AgreementCreation_From_Oportunity_MobileVoice_EditAgreement@6adede5]" name="step02" duration-ms="10404" started-at="2020-01-09T18:23:20Z" depends-on-methods="delivery01.soi_66.AgreementCreation_From_Oportunity_MobileVoice_EditAgreement.step01" finished-at="2020-01-09T18:23:30Z">
          <reporter-output>
          </reporter-output>
        </test-method> <!-- step02 -->
        <test-method status="PASS" signature="step03()[pri:0, instance:delivery01.soi_66.AgreementCreation_From_Oportunity_MobileVoice_EditAgreement@6adede5]" name="step03" duration-ms="13409" started-at="2020-01-09T18:23:30Z" depends-on-methods="delivery01.soi_66.AgreementCreation_From_Oportunity_MobileVoice_EditAgreement.step02" finished-at="2020-01-09T18:23:44Z">
          <reporter-output>
          </reporter-output>
        </test-method> <!-- step03 -->
        <test-method status="FAIL" signature="step04()[pri:0, instance:delivery01.soi_66.AgreementCreation_From_Oportunity_MobileVoice_EditAgreement@6adede5]" name="step04" duration-ms="2758" started-at="2020-01-09T18:23:44Z" depends-on-methods="delivery01.soi_66.AgreementCreation_From_Oportunity_MobileVoice_EditAgreement.step03" finished-at="2020-01-09T18:23:47Z">
          <exception class="java.lang.Exception">
            <message>
              <![CDATA[Test Failed on Step 4]]>
            </message>
            <full-stacktrace>
              <![CDATA[java.lang.Exception: Test Failed on Step 4
at delivery01.soi_66.AgreementCreation_From_Oportunity_MobileVoice_EditAgreement.step04(AgreementCreation_From_Oportunity_MobileVoice_EditAgreement.java:213)
at sun.reflect.NativeMethodAccessorImpl.invoke0(Native Method)
at sun.reflect.NativeMethodAccessorImpl.invoke(NativeMethodAccessorImpl.java:62)
at sun.reflect.DelegatingMethodAccessorImpl.invoke(DelegatingMethodAccessorImpl.java:43)
at java.lang.reflect.Method.invoke(Method.java:498)
at org.testng.internal.MethodInvocationHelper.invokeMethod(MethodInvocationHelper.java:124)
at org.testng.internal.Invoker.invokeMethod(Invoker.java:583)
at org.testng.internal.Invoker.invokeTestMethod(Invoker.java:719)
at org.testng.internal.Invoker.invokeTestMethods(Invoker.java:989)
at org.testng.internal.TestMethodWorker.invokeTestMethods(TestMethodWorker.java:125)
at org.testng.internal.TestMethodWorker.run(TestMethodWorker.java:109)
at org.testng.TestRunner.privateRun(TestRunner.java:648)
at org.testng.TestRunner.run(TestRunner.java:505)
at org.testng.SuiteRunner.runTest(SuiteRunner.java:455)
at org.testng.SuiteRunner.runSequentially(SuiteRunner.java:450)
at org.testng.SuiteRunner.privateRun(SuiteRunner.java:415)
at org.testng.SuiteRunner.run(SuiteRunner.java:364)
at org.testng.SuiteRunnerWorker.runSuite(SuiteRunnerWorker.java:52)
at org.testng.SuiteRunnerWorker.run(SuiteRunnerWorker.java:84)
at org.testng.TestNG.runSuitesSequentially(TestNG.java:1208)
at org.testng.TestNG.runSuitesSequentially(TestNG.java:1204)
at org.testng.TestNG.runSuitesLocally(TestNG.java:1137)
at org.testng.TestNG.runSuites(TestNG.java:1049)
at org.testng.TestNG.run(TestNG.java:1017)
at org.testng.remote.AbstractRemoteTestNG.run(AbstractRemoteTestNG.java:115)
at org.testng.remote.RemoteTestNG.initAndRun(RemoteTestNG.java:251)
at org.testng.remote.RemoteTestNG.main(RemoteTestNG.java:77)
Caused by: java.lang.Exception: Add Product To Opportunity Failed
at actions.FunctionalActionsSFDS.addProductToOppie(FunctionalActionsSFDS.java:105)
at delivery01.soi_66.AgreementCreation_From_Oportunity_MobileVoice_EditAgreement.step04(AgreementCreation_From_Oportunity_MobileVoice_EditAgreement.java:186)
... 26 more
Caused by: org.openqa.selenium.ElementClickInterceptedException: element click intercepted: Element <div class="primaryLabel slds-truncate slds-lookup__result-text" title="Mobile Voice" data-aura-rendered-by="32:4621;a">...</div> is not clickable at point (484, 222). Other element would receive the click: <div class="slds-truncate" title="..." data-aura-rendered-by="3157:0">OPTY_20200109_TC3_Ex2</div>
  (Session info: chrome=79.0.3945.117)
Build info: version: '3.141.59', revision: 'e82be7d358', time: '2018-11-14T08:17:03'
System info: host: 'INNOWAVE-383', ip: '192.168.0.164', os.name: 'Windows 10', os.arch: 'amd64', os.version: '10.0', java.version: '1.8.0_212'
Driver info: org.openqa.selenium.chrome.ChromeDriver
Capabilities {acceptInsecureCerts: false, browserName: chrome, browserVersion: 79.0.3945.117, chrome: {chromedriverVersion: 79.0.3945.36 (3582db32b3389..., userDataDir: C:\Users\LUIS~1.ACH\AppData...}, goog:chromeOptions: {debuggerAddress: localhost:60233}, javascriptEnabled: true, networkConnectionEnabled: false, pageLoadStrategy: normal, platform: WINDOWS, platformName: WINDOWS, proxy: Proxy(), setWindowRect: true, strictFileInteractability: false, timeouts: {implicit: 0, pageLoad: 300000, script: 30000}, unhandledPromptBehavior: dismiss and notify}
Session ID: 5e4902138883b0958d873be3167bec31
at sun.reflect.NativeConstructorAccessorImpl.newInstance0(Native Method)
at sun.reflect.NativeConstructorAccessorImpl.newInstance(NativeConstructorAccessorImpl.java:62)
at sun.reflect.DelegatingConstructorAccessorImpl.newInstance(DelegatingConstructorAccessorImpl.java:45)
at java.lang.reflect.Constructor.newInstance(Constructor.java:423)
at org.openqa.selenium.remote.http.W3CHttpResponseCodec.createException(W3CHttpResponseCodec.java:187)
at org.openqa.selenium.remote.http.W3CHttpResponseCodec.decode(W3CHttpResponseCodec.java:122)
at org.openqa.selenium.remote.http.W3CHttpResponseCodec.decode(W3CHttpResponseCodec.java:49)
at org.openqa.selenium.remote.HttpCommandExecutor.execute(HttpCommandExecutor.java:158)
at org.openqa.selenium.remote.service.DriverCommandExecutor.execute(DriverCommandExecutor.java:83)
at org.openqa.selenium.remote.RemoteWebDriver.execute(RemoteWebDriver.java:552)
at org.openqa.selenium.remote.RemoteWebElement.execute(RemoteWebElement.java:285)
at org.openqa.selenium.remote.RemoteWebElement.click(RemoteWebElement.java:84)
at actions.FunctionalActionsSFDS.addProductToOppie(FunctionalActionsSFDS.java:96)
... 27 more
]]>
            </full-stacktrace>
          </exception> <!-- java.lang.Exception -->
          <reporter-output>
          </reporter-output>
        </test-method> <!-- step04 -->
        <test-method status="SKIP" signature="step05()[pri:0, instance:delivery01.soi_66.AgreementCreation_From_Oportunity_MobileVoice_EditAgreement@6adede5]" name="step05" duration-ms="0" started-at="2020-01-09T18:23:47Z" depends-on-methods="delivery01.soi_66.AgreementCreation_From_Oportunity_MobileVoice_EditAgreement.step04" finished-at="2020-01-09T18:23:47Z">
          <exception class="java.lang.Throwable">
            <message>
              <![CDATA[Method AgreementCreation_From_Oportunity_MobileVoice_EditAgreement.step05()[pri:0, instance:delivery01.soi_66.AgreementCreation_From_Oportunity_MobileVoice_EditAgreement@6adede5] depends on not successfully finished methods]]>
            </message>
            <full-stacktrace>
              <![CDATA[java.lang.Throwable: Method AgreementCreation_From_Oportunity_MobileVoice_EditAgreement.step05()[pri:0, instance:delivery01.soi_66.AgreementCreation_From_Oportunity_MobileVoice_EditAgreement@6adede5] depends on not successfully finished methods
at org.testng.internal.Invoker.invokeTestMethods(Invoker.java:888)
at org.testng.internal.TestMethodWorker.invokeTestMethods(TestMethodWorker.java:125)
at org.testng.internal.TestMethodWorker.run(TestMethodWorker.java:109)
at org.testng.TestRunner.privateRun(TestRunner.java:648)
at org.testng.TestRunner.run(TestRunner.java:505)
at org.testng.SuiteRunner.runTest(SuiteRunner.java:455)
at org.testng.SuiteRunner.runSequentially(SuiteRunner.java:450)
at org.testng.SuiteRunner.privateRun(SuiteRunner.java:415)
at org.testng.SuiteRunner.run(SuiteRunner.java:364)
at org.testng.SuiteRunnerWorker.runSuite(SuiteRunnerWorker.java:52)
at org.testng.SuiteRunnerWorker.run(SuiteRunnerWorker.java:84)
at org.testng.TestNG.runSuitesSequentially(TestNG.java:1208)
at org.testng.TestNG.runSuitesSequentially(TestNG.java:1204)
at org.testng.TestNG.runSuitesLocally(TestNG.java:1137)
at org.testng.TestNG.runSuites(TestNG.java:1049)
at org.testng.TestNG.run(TestNG.java:1017)
at org.testng.remote.AbstractRemoteTestNG.run(AbstractRemoteTestNG.java:115)
at org.testng.remote.RemoteTestNG.initAndRun(RemoteTestNG.java:251)
at org.testng.remote.RemoteTestNG.main(RemoteTestNG.java:77)
]]>
            </full-stacktrace>
          </exception> <!-- java.lang.Throwable -->
          <reporter-output>
          </reporter-output>
        </test-method> <!-- step05 -->
        <test-method status="SKIP" signature="step06()[pri:0, instance:delivery01.soi_66.AgreementCreation_From_Oportunity_MobileVoice_EditAgreement@6adede5]" name="step06" duration-ms="0" started-at="2020-01-09T18:23:47Z" depends-on-methods="delivery01.soi_66.AgreementCreation_From_Oportunity_MobileVoice_EditAgreement.step05" finished-at="2020-01-09T18:23:47Z">
          <exception class="java.lang.Throwable">
            <message>
              <![CDATA[Method AgreementCreation_From_Oportunity_MobileVoice_EditAgreement.step06()[pri:0, instance:delivery01.soi_66.AgreementCreation_From_Oportunity_MobileVoice_EditAgreement@6adede5] depends on not successfully finished methods]]>
            </message>
            <full-stacktrace>
              <![CDATA[java.lang.Throwable: Method AgreementCreation_From_Oportunity_MobileVoice_EditAgreement.step06()[pri:0, instance:delivery01.soi_66.AgreementCreation_From_Oportunity_MobileVoice_EditAgreement@6adede5] depends on not successfully finished methods
at org.testng.internal.Invoker.invokeTestMethods(Invoker.java:888)
at org.testng.internal.TestMethodWorker.invokeTestMethods(TestMethodWorker.java:125)
at org.testng.internal.TestMethodWorker.run(TestMethodWorker.java:109)
at org.testng.TestRunner.privateRun(TestRunner.java:648)
at org.testng.TestRunner.run(TestRunner.java:505)
at org.testng.SuiteRunner.runTest(SuiteRunner.java:455)
at org.testng.SuiteRunner.runSequentially(SuiteRunner.java:450)
at org.testng.SuiteRunner.privateRun(SuiteRunner.java:415)
at org.testng.SuiteRunner.run(SuiteRunner.java:364)
at org.testng.SuiteRunnerWorker.runSuite(SuiteRunnerWorker.java:52)
at org.testng.SuiteRunnerWorker.run(SuiteRunnerWorker.java:84)
at org.testng.TestNG.runSuitesSequentially(TestNG.java:1208)
at org.testng.TestNG.runSuitesSequentially(TestNG.java:1204)
at org.testng.TestNG.runSuitesLocally(TestNG.java:1137)
at org.testng.TestNG.runSuites(TestNG.java:1049)
at org.testng.TestNG.run(TestNG.java:1017)
at org.testng.remote.AbstractRemoteTestNG.run(AbstractRemoteTestNG.java:115)
at org.testng.remote.RemoteTestNG.initAndRun(RemoteTestNG.java:251)
at org.testng.remote.RemoteTestNG.main(RemoteTestNG.java:77)
]]>
            </full-stacktrace>
          </exception> <!-- java.lang.Throwable -->
          <reporter-output>
          </reporter-output>
        </test-method> <!-- step06 -->
        <test-method status="SKIP" signature="step07()[pri:0, instance:delivery01.soi_66.AgreementCreation_From_Oportunity_MobileVoice_EditAgreement@6adede5]" name="step07" duration-ms="0" started-at="2020-01-09T18:23:47Z" depends-on-methods="delivery01.soi_66.AgreementCreation_From_Oportunity_MobileVoice_EditAgreement.step06" finished-at="2020-01-09T18:23:47Z">
          <exception class="java.lang.Throwable">
            <message>
              <![CDATA[Method AgreementCreation_From_Oportunity_MobileVoice_EditAgreement.step07()[pri:0, instance:delivery01.soi_66.AgreementCreation_From_Oportunity_MobileVoice_EditAgreement@6adede5] depends on not successfully finished methods]]>
            </message>
            <full-stacktrace>
              <![CDATA[java.lang.Throwable: Method AgreementCreation_From_Oportunity_MobileVoice_EditAgreement.step07()[pri:0, instance:delivery01.soi_66.AgreementCreation_From_Oportunity_MobileVoice_EditAgreement@6adede5] depends on not successfully finished methods
at org.testng.internal.Invoker.invokeTestMethods(Invoker.java:888)
at org.testng.internal.TestMethodWorker.invokeTestMethods(TestMethodWorker.java:125)
at org.testng.internal.TestMethodWorker.run(TestMethodWorker.java:109)
at org.testng.TestRunner.privateRun(TestRunner.java:648)
at org.testng.TestRunner.run(TestRunner.java:505)
at org.testng.SuiteRunner.runTest(SuiteRunner.java:455)
at org.testng.SuiteRunner.runSequentially(SuiteRunner.java:450)
at org.testng.SuiteRunner.privateRun(SuiteRunner.java:415)
at org.testng.SuiteRunner.run(SuiteRunner.java:364)
at org.testng.SuiteRunnerWorker.runSuite(SuiteRunnerWorker.java:52)
at org.testng.SuiteRunnerWorker.run(SuiteRunnerWorker.java:84)
at org.testng.TestNG.runSuitesSequentially(TestNG.java:1208)
at org.testng.TestNG.runSuitesSequentially(TestNG.java:1204)
at org.testng.TestNG.runSuitesLocally(TestNG.java:1137)
at org.testng.TestNG.runSuites(TestNG.java:1049)
at org.testng.TestNG.run(TestNG.java:1017)
at org.testng.remote.AbstractRemoteTestNG.run(AbstractRemoteTestNG.java:115)
at org.testng.remote.RemoteTestNG.initAndRun(RemoteTestNG.java:251)
at org.testng.remote.RemoteTestNG.main(RemoteTestNG.java:77)
]]>
            </full-stacktrace>
          </exception> <!-- java.lang.Throwable -->
          <reporter-output>
          </reporter-output>
        </test-method> <!-- step07 -->
        <test-method status="PASS" signature="afterTest()[pri:0, instance:delivery01.soi_66.AgreementCreation_From_Oportunity_MobileVoice_EditAgreement@6adede5]" name="afterTest" is-config="true" duration-ms="2402" started-at="2020-01-09T18:23:47Z" finished-at="2020-01-09T18:23:49Z">
          <reporter-output>
          </reporter-output>
        </test-method> <!-- afterTest -->
      </class> <!-- delivery01.soi_66.AgreementCreation_From_Oportunity_MobileVoice_EditAgreement -->
    </test> <!-- AgreementCreation_From_Oportunity_MobileVoice_EditAgreement -->
  </suite> <!-- SOI-66 Direct Sales Suite -->
</testng-results>
