<?xml version="1.0" encoding="UTF-8"?>
<testng-results skipped="0" failed="0" ignored="0" total="7" passed="7">
  <reporter-output>
  </reporter-output>
  <suite name="Default suite" duration-ms="98517" started-at="2020-01-09T12:34:43Z" finished-at="2020-01-09T12:36:22Z">
    <groups>
    </groups>
    <test name="Default test" duration-ms="98517" started-at="2020-01-09T12:34:43Z" finished-at="2020-01-09T12:36:22Z">
      <class name="delivery01.soi_69.ServiceScreen_AddNewService">
        <test-method status="PASS" signature="beforeTest()[pri:0, instance:delivery01.soi_69.ServiceScreen_AddNewService@754ba872]" name="beforeTest" is-config="true" duration-ms="7330" started-at="2020-01-09T12:34:43Z" finished-at="2020-01-09T12:34:51Z">
          <reporter-output>
          </reporter-output>
        </test-method> <!-- beforeTest -->
        <test-method status="PASS" signature="step01()[pri:0, instance:delivery01.soi_69.ServiceScreen_AddNewService@754ba872]" name="step01" duration-ms="9901" started-at="2020-01-09T12:34:51Z" finished-at="2020-01-09T12:35:01Z">
          <reporter-output>
          </reporter-output>
        </test-method> <!-- step01 -->
        <test-method status="PASS" signature="step02()[pri:0, instance:delivery01.soi_69.ServiceScreen_AddNewService@754ba872]" name="step02" duration-ms="8930" started-at="2020-01-09T12:35:01Z" depends-on-methods="delivery01.soi_69.ServiceScreen_AddNewService.step01" finished-at="2020-01-09T12:35:10Z">
          <reporter-output>
          </reporter-output>
        </test-method> <!-- step02 -->
        <test-method status="PASS" signature="step03()[pri:0, instance:delivery01.soi_69.ServiceScreen_AddNewService@754ba872]" name="step03" duration-ms="12627" started-at="2020-01-09T12:35:10Z" depends-on-methods="delivery01.soi_69.ServiceScreen_AddNewService.step02" finished-at="2020-01-09T12:35:22Z">
          <reporter-output>
          </reporter-output>
        </test-method> <!-- step03 -->
        <test-method status="PASS" signature="step04()[pri:0, instance:delivery01.soi_69.ServiceScreen_AddNewService@754ba872]" name="step04" duration-ms="32627" started-at="2020-01-09T12:35:22Z" depends-on-methods="delivery01.soi_69.ServiceScreen_AddNewService.step03" finished-at="2020-01-09T12:35:55Z">
          <reporter-output>
          </reporter-output>
        </test-method> <!-- step04 -->
        <test-method status="PASS" signature="step05()[pri:0, instance:delivery01.soi_69.ServiceScreen_AddNewService@754ba872]" name="step05" duration-ms="2027" started-at="2020-01-09T12:35:55Z" depends-on-methods="delivery01.soi_69.ServiceScreen_AddNewService.step04" finished-at="2020-01-09T12:35:57Z">
          <reporter-output>
          </reporter-output>
        </test-method> <!-- step05 -->
        <test-method status="PASS" signature="step06()[pri:0, instance:delivery01.soi_69.ServiceScreen_AddNewService@754ba872]" name="step06" duration-ms="1677" started-at="2020-01-09T12:35:57Z" depends-on-methods="delivery01.soi_69.ServiceScreen_AddNewService.step05" finished-at="2020-01-09T12:35:59Z">
          <reporter-output>
          </reporter-output>
        </test-method> <!-- step06 -->
        <test-method status="PASS" signature="step07()[pri:0, instance:delivery01.soi_69.ServiceScreen_AddNewService@754ba872]" name="step07" duration-ms="18566" started-at="2020-01-09T12:35:59Z" depends-on-methods="delivery01.soi_69.ServiceScreen_AddNewService.step06" finished-at="2020-01-09T12:36:17Z">
          <reporter-output>
          </reporter-output>
        </test-method> <!-- step07 -->
        <test-method status="PASS" signature="afterTest()[pri:0, instance:delivery01.soi_69.ServiceScreen_AddNewService@754ba872]" name="afterTest" is-config="true" duration-ms="4755" started-at="2020-01-09T12:36:17Z" finished-at="2020-01-09T12:36:22Z">
          <reporter-output>
          </reporter-output>
        </test-method> <!-- afterTest -->
      </class> <!-- delivery01.soi_69.ServiceScreen_AddNewService -->
    </test> <!-- Default test -->
  </suite> <!-- Default suite -->
</testng-results>
