<?xml version="1.0" encoding="UTF-8"?>
<testng-results skipped="2" failed="1" ignored="0" total="11" passed="8">
  <reporter-output>
  </reporter-output>
  <suite name="Default suite" duration-ms="175607" started-at="2020-04-26T22:13:53Z" finished-at="2020-04-26T22:16:49Z">
    <groups>
    </groups>
    <test name="Default test" duration-ms="175607" started-at="2020-04-26T22:13:53Z" finished-at="2020-04-26T22:16:49Z">
      <class name="delivery01.soi_68.SOI_68_TC01_OrderCreation_From_OPTYClosure_Won_MobileVoice">
        <test-method status="PASS" signature="beforeTest()[pri:0, instance:delivery01.soi_68.SOI_68_TC01_OrderCreation_From_OPTYClosure_Won_MobileVoice@6eebc39e]" name="beforeTest" is-config="true" duration-ms="8303" started-at="2020-04-26T22:13:53Z" finished-at="2020-04-26T22:14:02Z">
          <reporter-output>
          </reporter-output>
        </test-method> <!-- beforeTest -->
        <test-method status="PASS" signature="step01()[pri:0, instance:delivery01.soi_68.SOI_68_TC01_OrderCreation_From_OPTYClosure_Won_MobileVoice@6eebc39e]" name="step01" duration-ms="13006" started-at="2020-04-26T22:14:02Z" finished-at="2020-04-26T22:14:15Z">
          <reporter-output>
          </reporter-output>
        </test-method> <!-- step01 -->
        <test-method status="PASS" signature="step02()[pri:0, instance:delivery01.soi_68.SOI_68_TC01_OrderCreation_From_OPTYClosure_Won_MobileVoice@6eebc39e]" name="step02" duration-ms="7738" started-at="2020-04-26T22:14:15Z" depends-on-methods="delivery01.soi_68.SOI_68_TC01_OrderCreation_From_OPTYClosure_Won_MobileVoice.step01" finished-at="2020-04-26T22:14:22Z">
          <reporter-output>
          </reporter-output>
        </test-method> <!-- step02 -->
        <test-method status="PASS" signature="step03()[pri:0, instance:delivery01.soi_68.SOI_68_TC01_OrderCreation_From_OPTYClosure_Won_MobileVoice@6eebc39e]" name="step03" duration-ms="17687" started-at="2020-04-26T22:14:22Z" depends-on-methods="delivery01.soi_68.SOI_68_TC01_OrderCreation_From_OPTYClosure_Won_MobileVoice.step02" finished-at="2020-04-26T22:14:40Z">
          <reporter-output>
          </reporter-output>
        </test-method> <!-- step03 -->
        <test-method status="PASS" signature="step04()[pri:0, instance:delivery01.soi_68.SOI_68_TC01_OrderCreation_From_OPTYClosure_Won_MobileVoice@6eebc39e]" name="step04" duration-ms="39513" started-at="2020-04-26T22:14:40Z" depends-on-methods="delivery01.soi_68.SOI_68_TC01_OrderCreation_From_OPTYClosure_Won_MobileVoice.step03" finished-at="2020-04-26T22:15:20Z">
          <reporter-output>
          </reporter-output>
        </test-method> <!-- step04 -->
        <test-method status="PASS" signature="step05()[pri:0, instance:delivery01.soi_68.SOI_68_TC01_OrderCreation_From_OPTYClosure_Won_MobileVoice@6eebc39e]" name="step05" duration-ms="10172" started-at="2020-04-26T22:15:20Z" depends-on-methods="delivery01.soi_68.SOI_68_TC01_OrderCreation_From_OPTYClosure_Won_MobileVoice.step04" finished-at="2020-04-26T22:15:30Z">
          <reporter-output>
          </reporter-output>
        </test-method> <!-- step05 -->
        <test-method status="PASS" signature="step06()[pri:0, instance:delivery01.soi_68.SOI_68_TC01_OrderCreation_From_OPTYClosure_Won_MobileVoice@6eebc39e]" name="step06" duration-ms="3840" started-at="2020-04-26T22:15:30Z" depends-on-methods="delivery01.soi_68.SOI_68_TC01_OrderCreation_From_OPTYClosure_Won_MobileVoice.step05" finished-at="2020-04-26T22:15:34Z">
          <reporter-output>
          </reporter-output>
        </test-method> <!-- step06 -->
        <test-method status="PASS" signature="step07()[pri:0, instance:delivery01.soi_68.SOI_68_TC01_OrderCreation_From_OPTYClosure_Won_MobileVoice@6eebc39e]" name="step07" duration-ms="21259" started-at="2020-04-26T22:15:34Z" depends-on-methods="delivery01.soi_68.SOI_68_TC01_OrderCreation_From_OPTYClosure_Won_MobileVoice.step06" finished-at="2020-04-26T22:15:55Z">
          <reporter-output>
          </reporter-output>
        </test-method> <!-- step07 -->
        <test-method status="PASS" signature="step08()[pri:0, instance:delivery01.soi_68.SOI_68_TC01_OrderCreation_From_OPTYClosure_Won_MobileVoice@6eebc39e]" name="step08" duration-ms="3580" started-at="2020-04-26T22:15:55Z" depends-on-methods="delivery01.soi_68.SOI_68_TC01_OrderCreation_From_OPTYClosure_Won_MobileVoice.step07" finished-at="2020-04-26T22:15:59Z">
          <reporter-output>
          </reporter-output>
        </test-method> <!-- step08 -->
        <test-method status="FAIL" signature="step09()[pri:0, instance:delivery01.soi_68.SOI_68_TC01_OrderCreation_From_OPTYClosure_Won_MobileVoice@6eebc39e]" name="step09" duration-ms="45764" started-at="2020-04-26T22:15:59Z" depends-on-methods="delivery01.soi_68.SOI_68_TC01_OrderCreation_From_OPTYClosure_Won_MobileVoice.step08" finished-at="2020-04-26T22:16:44Z">
          <exception class="java.lang.Exception">
            <message>
              <![CDATA[Test Failed on Step 9]]>
            </message>
            <full-stacktrace>
              <![CDATA[java.lang.Exception: Test Failed on Step 9
at delivery01.soi_68.SOI_68_TC01_OrderCreation_From_OPTYClosure_Won_MobileVoice.step09(SOI_68_TC01_OrderCreation_From_OPTYClosure_Won_MobileVoice.java:320)
at sun.reflect.NativeMethodAccessorImpl.invoke0(Native Method)
at sun.reflect.NativeMethodAccessorImpl.invoke(NativeMethodAccessorImpl.java:62)
at sun.reflect.DelegatingMethodAccessorImpl.invoke(DelegatingMethodAccessorImpl.java:43)
at java.lang.reflect.Method.invoke(Method.java:498)
at org.testng.internal.MethodInvocationHelper.invokeMethod(MethodInvocationHelper.java:124)
at org.testng.internal.Invoker.invokeMethod(Invoker.java:583)
at org.testng.internal.Invoker.invokeTestMethod(Invoker.java:719)
at org.testng.internal.Invoker.invokeTestMethods(Invoker.java:989)
at org.testng.internal.TestMethodWorker.invokeTestMethods(TestMethodWorker.java:125)
at org.testng.internal.TestMethodWorker.run(TestMethodWorker.java:109)
at org.testng.TestRunner.privateRun(TestRunner.java:648)
at org.testng.TestRunner.run(TestRunner.java:505)
at org.testng.SuiteRunner.runTest(SuiteRunner.java:455)
at org.testng.SuiteRunner.runSequentially(SuiteRunner.java:450)
at org.testng.SuiteRunner.privateRun(SuiteRunner.java:415)
at org.testng.SuiteRunner.run(SuiteRunner.java:364)
at org.testng.SuiteRunnerWorker.runSuite(SuiteRunnerWorker.java:52)
at org.testng.SuiteRunnerWorker.run(SuiteRunnerWorker.java:84)
at org.testng.TestNG.runSuitesSequentially(TestNG.java:1208)
at org.testng.TestNG.runSuitesLocally(TestNG.java:1137)
at org.testng.TestNG.runSuites(TestNG.java:1049)
at org.testng.TestNG.run(TestNG.java:1017)
at org.testng.remote.AbstractRemoteTestNG.run(AbstractRemoteTestNG.java:115)
at org.testng.remote.RemoteTestNG.initAndRun(RemoteTestNG.java:251)
at org.testng.remote.RemoteTestNG.main(RemoteTestNG.java:77)
Caused by: java.lang.Exception: Validation Failed on Step 9
at delivery01.soi_68.SOI_68_TC01_OrderCreation_From_OPTYClosure_Won_MobileVoice.step09(SOI_68_TC01_OrderCreation_From_OPTYClosure_Won_MobileVoice.java:314)
... 25 more
]]>
            </full-stacktrace>
          </exception> <!-- java.lang.Exception -->
          <reporter-output>
          </reporter-output>
        </test-method> <!-- step09 -->
        <test-method status="SKIP" signature="step10()[pri:0, instance:delivery01.soi_68.SOI_68_TC01_OrderCreation_From_OPTYClosure_Won_MobileVoice@6eebc39e]" name="step10" duration-ms="0" started-at="2020-04-26T22:16:44Z" depends-on-methods="delivery01.soi_68.SOI_68_TC01_OrderCreation_From_OPTYClosure_Won_MobileVoice.step09" finished-at="2020-04-26T22:16:44Z">
          <exception class="java.lang.Throwable">
            <message>
              <![CDATA[Method SOI_68_TC01_OrderCreation_From_OPTYClosure_Won_MobileVoice.step10()[pri:0, instance:delivery01.soi_68.SOI_68_TC01_OrderCreation_From_OPTYClosure_Won_MobileVoice@6eebc39e] depends on not successfully finished methods]]>
            </message>
            <full-stacktrace>
              <![CDATA[java.lang.Throwable: Method SOI_68_TC01_OrderCreation_From_OPTYClosure_Won_MobileVoice.step10()[pri:0, instance:delivery01.soi_68.SOI_68_TC01_OrderCreation_From_OPTYClosure_Won_MobileVoice@6eebc39e] depends on not successfully finished methods
at org.testng.internal.Invoker.invokeTestMethods(Invoker.java:888)
at org.testng.internal.TestMethodWorker.invokeTestMethods(TestMethodWorker.java:125)
at org.testng.internal.TestMethodWorker.run(TestMethodWorker.java:109)
at org.testng.TestRunner.privateRun(TestRunner.java:648)
at org.testng.TestRunner.run(TestRunner.java:505)
at org.testng.SuiteRunner.runTest(SuiteRunner.java:455)
at org.testng.SuiteRunner.runSequentially(SuiteRunner.java:450)
at org.testng.SuiteRunner.privateRun(SuiteRunner.java:415)
at org.testng.SuiteRunner.run(SuiteRunner.java:364)
at org.testng.SuiteRunnerWorker.runSuite(SuiteRunnerWorker.java:52)
at org.testng.SuiteRunnerWorker.run(SuiteRunnerWorker.java:84)
at org.testng.TestNG.runSuitesSequentially(TestNG.java:1208)
at org.testng.TestNG.runSuitesLocally(TestNG.java:1137)
at org.testng.TestNG.runSuites(TestNG.java:1049)
at org.testng.TestNG.run(TestNG.java:1017)
at org.testng.remote.AbstractRemoteTestNG.run(AbstractRemoteTestNG.java:115)
at org.testng.remote.RemoteTestNG.initAndRun(RemoteTestNG.java:251)
at org.testng.remote.RemoteTestNG.main(RemoteTestNG.java:77)
]]>
            </full-stacktrace>
          </exception> <!-- java.lang.Throwable -->
          <reporter-output>
          </reporter-output>
        </test-method> <!-- step10 -->
        <test-method status="SKIP" signature="step11()[pri:0, instance:delivery01.soi_68.SOI_68_TC01_OrderCreation_From_OPTYClosure_Won_MobileVoice@6eebc39e]" name="step11" duration-ms="0" started-at="2020-04-26T22:16:44Z" depends-on-methods="delivery01.soi_68.SOI_68_TC01_OrderCreation_From_OPTYClosure_Won_MobileVoice.step10" finished-at="2020-04-26T22:16:44Z">
          <exception class="java.lang.Throwable">
            <message>
              <![CDATA[Method SOI_68_TC01_OrderCreation_From_OPTYClosure_Won_MobileVoice.step11()[pri:0, instance:delivery01.soi_68.SOI_68_TC01_OrderCreation_From_OPTYClosure_Won_MobileVoice@6eebc39e] depends on not successfully finished methods]]>
            </message>
            <full-stacktrace>
              <![CDATA[java.lang.Throwable: Method SOI_68_TC01_OrderCreation_From_OPTYClosure_Won_MobileVoice.step11()[pri:0, instance:delivery01.soi_68.SOI_68_TC01_OrderCreation_From_OPTYClosure_Won_MobileVoice@6eebc39e] depends on not successfully finished methods
at org.testng.internal.Invoker.invokeTestMethods(Invoker.java:888)
at org.testng.internal.TestMethodWorker.invokeTestMethods(TestMethodWorker.java:125)
at org.testng.internal.TestMethodWorker.run(TestMethodWorker.java:109)
at org.testng.TestRunner.privateRun(TestRunner.java:648)
at org.testng.TestRunner.run(TestRunner.java:505)
at org.testng.SuiteRunner.runTest(SuiteRunner.java:455)
at org.testng.SuiteRunner.runSequentially(SuiteRunner.java:450)
at org.testng.SuiteRunner.privateRun(SuiteRunner.java:415)
at org.testng.SuiteRunner.run(SuiteRunner.java:364)
at org.testng.SuiteRunnerWorker.runSuite(SuiteRunnerWorker.java:52)
at org.testng.SuiteRunnerWorker.run(SuiteRunnerWorker.java:84)
at org.testng.TestNG.runSuitesSequentially(TestNG.java:1208)
at org.testng.TestNG.runSuitesLocally(TestNG.java:1137)
at org.testng.TestNG.runSuites(TestNG.java:1049)
at org.testng.TestNG.run(TestNG.java:1017)
at org.testng.remote.AbstractRemoteTestNG.run(AbstractRemoteTestNG.java:115)
at org.testng.remote.RemoteTestNG.initAndRun(RemoteTestNG.java:251)
at org.testng.remote.RemoteTestNG.main(RemoteTestNG.java:77)
]]>
            </full-stacktrace>
          </exception> <!-- java.lang.Throwable -->
          <reporter-output>
          </reporter-output>
        </test-method> <!-- step11 -->
        <test-method status="PASS" signature="afterTest()[pri:0, instance:delivery01.soi_68.SOI_68_TC01_OrderCreation_From_OPTYClosure_Won_MobileVoice@6eebc39e]" name="afterTest" is-config="true" duration-ms="4666" started-at="2020-04-26T22:16:44Z" finished-at="2020-04-26T22:16:49Z">
          <reporter-output>
          </reporter-output>
        </test-method> <!-- afterTest -->
      </class> <!-- delivery01.soi_68.SOI_68_TC01_OrderCreation_From_OPTYClosure_Won_MobileVoice -->
    </test> <!-- Default test -->
  </suite> <!-- Default suite -->
</testng-results>
