<?xml version="1.0" encoding="UTF-8"?>
<testng-results skipped="0" failed="0" ignored="0" total="7" passed="7">
  <reporter-output>
  </reporter-output>
  <suite name="Default suite" duration-ms="104126" started-at="2020-04-23T00:06:01Z" finished-at="2020-04-23T00:07:45Z">
    <groups>
    </groups>
    <test name="Default test" duration-ms="104126" started-at="2020-04-23T00:06:01Z" finished-at="2020-04-23T00:07:45Z">
      <class name="delivery01.soi_68.SOI_68_TC8_PC_OrderCreationForNewContract_NegativeValidation_ManualCreation">
        <test-method status="PASS" signature="beforeTest()[pri:0, instance:delivery01.soi_68.SOI_68_TC8_PC_OrderCreationForNewContract_NegativeValidation_ManualCreation@4dfa3a9d]" name="beforeTest" is-config="true" duration-ms="7664" started-at="2020-04-23T00:06:01Z" finished-at="2020-04-23T00:06:09Z">
          <reporter-output>
          </reporter-output>
        </test-method> <!-- beforeTest -->
        <test-method status="PASS" signature="step01()[pri:0, instance:delivery01.soi_68.SOI_68_TC8_PC_OrderCreationForNewContract_NegativeValidation_ManualCreation@4dfa3a9d]" name="step01" duration-ms="6897" started-at="2020-04-23T00:06:09Z" finished-at="2020-04-23T00:06:16Z">
          <reporter-output>
          </reporter-output>
        </test-method> <!-- step01 -->
        <test-method status="PASS" signature="step02()[pri:0, instance:delivery01.soi_68.SOI_68_TC8_PC_OrderCreationForNewContract_NegativeValidation_ManualCreation@4dfa3a9d]" name="step02" duration-ms="5804" started-at="2020-04-23T00:06:16Z" depends-on-methods="delivery01.soi_68.SOI_68_TC8_PC_OrderCreationForNewContract_NegativeValidation_ManualCreation.step01" finished-at="2020-04-23T00:06:22Z">
          <reporter-output>
          </reporter-output>
        </test-method> <!-- step02 -->
        <test-method status="PASS" signature="step03()[pri:0, instance:delivery01.soi_68.SOI_68_TC8_PC_OrderCreationForNewContract_NegativeValidation_ManualCreation@4dfa3a9d]" name="step03" duration-ms="9539" started-at="2020-04-23T00:06:22Z" depends-on-methods="delivery01.soi_68.SOI_68_TC8_PC_OrderCreationForNewContract_NegativeValidation_ManualCreation.step02" finished-at="2020-04-23T00:06:31Z">
          <reporter-output>
          </reporter-output>
        </test-method> <!-- step03 -->
        <test-method status="PASS" signature="step04()[pri:0, instance:delivery01.soi_68.SOI_68_TC8_PC_OrderCreationForNewContract_NegativeValidation_ManualCreation@4dfa3a9d]" name="step04" duration-ms="11650" started-at="2020-04-23T00:06:31Z" depends-on-methods="delivery01.soi_68.SOI_68_TC8_PC_OrderCreationForNewContract_NegativeValidation_ManualCreation.step03" finished-at="2020-04-23T00:06:43Z">
          <reporter-output>
          </reporter-output>
        </test-method> <!-- step04 -->
        <test-method status="PASS" signature="step05()[pri:0, instance:delivery01.soi_68.SOI_68_TC8_PC_OrderCreationForNewContract_NegativeValidation_ManualCreation@4dfa3a9d]" name="step05" duration-ms="10030" started-at="2020-04-23T00:06:43Z" depends-on-methods="delivery01.soi_68.SOI_68_TC8_PC_OrderCreationForNewContract_NegativeValidation_ManualCreation.step04" finished-at="2020-04-23T00:06:53Z">
          <reporter-output>
          </reporter-output>
        </test-method> <!-- step05 -->
        <test-method status="PASS" signature="step06()[pri:0, instance:delivery01.soi_68.SOI_68_TC8_PC_OrderCreationForNewContract_NegativeValidation_ManualCreation@4dfa3a9d]" name="step06" duration-ms="26784" started-at="2020-04-23T00:06:53Z" depends-on-methods="delivery01.soi_68.SOI_68_TC8_PC_OrderCreationForNewContract_NegativeValidation_ManualCreation.step05" finished-at="2020-04-23T00:07:20Z">
          <reporter-output>
          </reporter-output>
        </test-method> <!-- step06 -->
        <test-method status="PASS" signature="step07()[pri:0, instance:delivery01.soi_68.SOI_68_TC8_PC_OrderCreationForNewContract_NegativeValidation_ManualCreation@4dfa3a9d]" name="step07" duration-ms="20617" started-at="2020-04-23T00:07:20Z" depends-on-methods="delivery01.soi_68.SOI_68_TC8_PC_OrderCreationForNewContract_NegativeValidation_ManualCreation.step06" finished-at="2020-04-23T00:07:40Z">
          <reporter-output>
          </reporter-output>
        </test-method> <!-- step07 -->
        <test-method status="PASS" signature="afterTest()[pri:0, instance:delivery01.soi_68.SOI_68_TC8_PC_OrderCreationForNewContract_NegativeValidation_ManualCreation@4dfa3a9d]" name="afterTest" is-config="true" duration-ms="5082" started-at="2020-04-23T00:07:40Z" finished-at="2020-04-23T00:07:45Z">
          <reporter-output>
          </reporter-output>
        </test-method> <!-- afterTest -->
      </class> <!-- delivery01.soi_68.SOI_68_TC8_PC_OrderCreationForNewContract_NegativeValidation_ManualCreation -->
    </test> <!-- Default test -->
  </suite> <!-- Default suite -->
</testng-results>
