<?xml version="1.0" encoding="UTF-8"?>
<testng-results skipped="0" failed="0" ignored="0" total="5" passed="5">
  <reporter-output>
  </reporter-output>
  <suite name="Default suite" duration-ms="47410" started-at="2020-07-20T10:57:55Z" finished-at="2020-07-20T10:58:42Z">
    <groups>
    </groups>
    <test name="Default test" duration-ms="47410" started-at="2020-07-20T10:57:55Z" finished-at="2020-07-20T10:58:42Z">
      <class name="delivery02.soi_1312.SOI_1312_TC03_DS_ChineseWallsDuringQuoting_SalesUserProfile">
        <test-method status="PASS" signature="setupDriver()[pri:0, instance:delivery02.soi_1312.SOI_1312_TC03_DS_ChineseWallsDuringQuoting_SalesUserProfile@464bee09]" name="setupDriver" is-config="true" duration-ms="6864" started-at="2020-07-20T10:57:48Z" finished-at="2020-07-20T10:57:55Z">
          <reporter-output>
          </reporter-output>
        </test-method> <!-- setupDriver -->
        <test-method status="PASS" signature="beforeTest()[pri:0, instance:delivery02.soi_1312.SOI_1312_TC03_DS_ChineseWallsDuringQuoting_SalesUserProfile@464bee09]" name="beforeTest" is-config="true" duration-ms="4" started-at="2020-07-20T10:57:55Z" finished-at="2020-07-20T10:57:55Z">
          <reporter-output>
          </reporter-output>
        </test-method> <!-- beforeTest -->
        <test-method status="PASS" signature="step01()[pri:0, instance:delivery02.soi_1312.SOI_1312_TC03_DS_ChineseWallsDuringQuoting_SalesUserProfile@464bee09]" name="step01" duration-ms="14168" started-at="2020-07-20T10:57:55Z" finished-at="2020-07-20T10:58:09Z">
          <reporter-output>
          </reporter-output>
        </test-method> <!-- step01 -->
        <test-method status="PASS" signature="step02()[pri:0, instance:delivery02.soi_1312.SOI_1312_TC03_DS_ChineseWallsDuringQuoting_SalesUserProfile@464bee09]" name="step02" duration-ms="11244" started-at="2020-07-20T10:58:09Z" depends-on-methods="delivery02.soi_1312.SOI_1312_TC03_DS_ChineseWallsDuringQuoting_SalesUserProfile.step01" finished-at="2020-07-20T10:58:20Z">
          <reporter-output>
          </reporter-output>
        </test-method> <!-- step02 -->
        <test-method status="PASS" signature="step03()[pri:0, instance:delivery02.soi_1312.SOI_1312_TC03_DS_ChineseWallsDuringQuoting_SalesUserProfile@464bee09]" name="step03" duration-ms="11020" started-at="2020-07-20T10:58:20Z" depends-on-methods="delivery02.soi_1312.SOI_1312_TC03_DS_ChineseWallsDuringQuoting_SalesUserProfile.step02" finished-at="2020-07-20T10:58:31Z">
          <reporter-output>
          </reporter-output>
        </test-method> <!-- step03 -->
        <test-method status="PASS" signature="step04()[pri:0, instance:delivery02.soi_1312.SOI_1312_TC03_DS_ChineseWallsDuringQuoting_SalesUserProfile@464bee09]" name="step04" duration-ms="7757" started-at="2020-07-20T10:58:31Z" depends-on-methods="delivery02.soi_1312.SOI_1312_TC03_DS_ChineseWallsDuringQuoting_SalesUserProfile.step03" finished-at="2020-07-20T10:58:39Z">
          <reporter-output>
          </reporter-output>
        </test-method> <!-- step04 -->
        <test-method status="PASS" signature="step05()[pri:0, instance:delivery02.soi_1312.SOI_1312_TC03_DS_ChineseWallsDuringQuoting_SalesUserProfile@464bee09]" name="step05" duration-ms="1375" started-at="2020-07-20T10:58:39Z" depends-on-methods="delivery02.soi_1312.SOI_1312_TC03_DS_ChineseWallsDuringQuoting_SalesUserProfile.step04" finished-at="2020-07-20T10:58:41Z">
          <reporter-output>
          </reporter-output>
        </test-method> <!-- step05 -->
        <test-method status="PASS" signature="afterClass()[pri:0, instance:delivery02.soi_1312.SOI_1312_TC03_DS_ChineseWallsDuringQuoting_SalesUserProfile@464bee09]" name="afterClass" is-config="true" duration-ms="1753" started-at="2020-07-20T10:58:41Z" finished-at="2020-07-20T10:58:42Z">
          <reporter-output>
          </reporter-output>
        </test-method> <!-- afterClass -->
      </class> <!-- delivery02.soi_1312.SOI_1312_TC03_DS_ChineseWallsDuringQuoting_SalesUserProfile -->
    </test> <!-- Default test -->
  </suite> <!-- Default suite -->
</testng-results>
