<?xml version="1.0" encoding="UTF-8"?>
<testng-results skipped="1" failed="1" ignored="0" total="7" passed="5">
  <reporter-output>
  </reporter-output>
  <suite name="Default suite" duration-ms="124058" started-at="2019-12-11T13:01:07Z" finished-at="2019-12-11T13:03:11Z">
    <groups>
    </groups>
    <test name="Default test" duration-ms="124058" started-at="2019-12-11T13:01:07Z" finished-at="2019-12-11T13:03:11Z">
      <class name="delivery01.soi_66.AgreementCreation_From_Oportunity_MobileVoice_EditAgreement">
        <test-method status="PASS" signature="beforeTest()[pri:0, instance:delivery01.soi_66.AgreementCreation_From_Oportunity_MobileVoice_EditAgreement@5e3a8624]" name="beforeTest" is-config="true" duration-ms="7559" started-at="2019-12-11T13:01:07Z" finished-at="2019-12-11T13:01:15Z">
          <reporter-output>
          </reporter-output>
        </test-method> <!-- beforeTest -->
        <test-method status="PASS" signature="step01()[pri:0, instance:delivery01.soi_66.AgreementCreation_From_Oportunity_MobileVoice_EditAgreement@5e3a8624]" name="step01" duration-ms="19395" started-at="2019-12-11T13:01:15Z" finished-at="2019-12-11T13:01:34Z">
          <reporter-output>
          </reporter-output>
        </test-method> <!-- step01 -->
        <test-method status="PASS" signature="step02()[pri:0, instance:delivery01.soi_66.AgreementCreation_From_Oportunity_MobileVoice_EditAgreement@5e3a8624]" name="step02" duration-ms="16200" started-at="2019-12-11T13:01:34Z" depends-on-methods="delivery01.soi_66.AgreementCreation_From_Oportunity_MobileVoice_EditAgreement.step01" finished-at="2019-12-11T13:01:50Z">
          <reporter-output>
          </reporter-output>
        </test-method> <!-- step02 -->
        <test-method status="PASS" signature="step03()[pri:0, instance:delivery01.soi_66.AgreementCreation_From_Oportunity_MobileVoice_EditAgreement@5e3a8624]" name="step03" duration-ms="19841" started-at="2019-12-11T13:01:50Z" depends-on-methods="delivery01.soi_66.AgreementCreation_From_Oportunity_MobileVoice_EditAgreement.step02" finished-at="2019-12-11T13:02:10Z">
          <reporter-output>
          </reporter-output>
        </test-method> <!-- step03 -->
        <test-method status="PASS" signature="step04()[pri:0, instance:delivery01.soi_66.AgreementCreation_From_Oportunity_MobileVoice_EditAgreement@5e3a8624]" name="step04" duration-ms="37607" started-at="2019-12-11T13:02:10Z" depends-on-methods="delivery01.soi_66.AgreementCreation_From_Oportunity_MobileVoice_EditAgreement.step03" finished-at="2019-12-11T13:02:48Z">
          <reporter-output>
          </reporter-output>
        </test-method> <!-- step04 -->
        <test-method status="PASS" signature="step05()[pri:0, instance:delivery01.soi_66.AgreementCreation_From_Oportunity_MobileVoice_EditAgreement@5e3a8624]" name="step05" duration-ms="2486" started-at="2019-12-11T13:02:48Z" depends-on-methods="delivery01.soi_66.AgreementCreation_From_Oportunity_MobileVoice_EditAgreement.step04" finished-at="2019-12-11T13:02:50Z">
          <reporter-output>
          </reporter-output>
        </test-method> <!-- step05 -->
        <test-method status="FAIL" signature="step06()[pri:0, instance:delivery01.soi_66.AgreementCreation_From_Oportunity_MobileVoice_EditAgreement@5e3a8624]" name="step06" duration-ms="16176" started-at="2019-12-11T13:02:50Z" depends-on-methods="delivery01.soi_66.AgreementCreation_From_Oportunity_MobileVoice_EditAgreement.step05" finished-at="2019-12-11T13:03:06Z">
          <exception class="java.lang.Exception">
            <message>
              <![CDATA[Test Failed on Step 6]]>
            </message>
            <full-stacktrace>
              <![CDATA[java.lang.Exception: Test Failed on Step 6
at delivery01.soi_66.AgreementCreation_From_Oportunity_MobileVoice_EditAgreement.step06(AgreementCreation_From_Oportunity_MobileVoice_EditAgreement.java:275)
at sun.reflect.NativeMethodAccessorImpl.invoke0(Native Method)
at sun.reflect.NativeMethodAccessorImpl.invoke(NativeMethodAccessorImpl.java:62)
at sun.reflect.DelegatingMethodAccessorImpl.invoke(DelegatingMethodAccessorImpl.java:43)
at java.lang.reflect.Method.invoke(Method.java:498)
at org.testng.internal.MethodInvocationHelper.invokeMethod(MethodInvocationHelper.java:124)
at org.testng.internal.Invoker.invokeMethod(Invoker.java:583)
at org.testng.internal.Invoker.invokeTestMethod(Invoker.java:719)
at org.testng.internal.Invoker.invokeTestMethods(Invoker.java:989)
at org.testng.internal.TestMethodWorker.invokeTestMethods(TestMethodWorker.java:125)
at org.testng.internal.TestMethodWorker.run(TestMethodWorker.java:109)
at org.testng.TestRunner.privateRun(TestRunner.java:648)
at org.testng.TestRunner.run(TestRunner.java:505)
at org.testng.SuiteRunner.runTest(SuiteRunner.java:455)
at org.testng.SuiteRunner.runSequentially(SuiteRunner.java:450)
at org.testng.SuiteRunner.privateRun(SuiteRunner.java:415)
at org.testng.SuiteRunner.run(SuiteRunner.java:364)
at org.testng.SuiteRunnerWorker.runSuite(SuiteRunnerWorker.java:52)
at org.testng.SuiteRunnerWorker.run(SuiteRunnerWorker.java:84)
at org.testng.TestNG.runSuitesSequentially(TestNG.java:1208)
at org.testng.TestNG.runSuitesLocally(TestNG.java:1137)
at org.testng.TestNG.runSuites(TestNG.java:1049)
at org.testng.TestNG.run(TestNG.java:1017)
at org.testng.remote.AbstractRemoteTestNG.run(AbstractRemoteTestNG.java:115)
at org.testng.remote.RemoteTestNG.initAndRun(RemoteTestNG.java:251)
at org.testng.remote.RemoteTestNG.main(RemoteTestNG.java:77)
Caused by: org.openqa.selenium.TimeoutException: Expected condition failed: waiting for visibility of element located by By.xpath: /html/body/div[5]/div[1]/section/div/div/div[1]/div[2]/div/div[1]/div/div[2]/div[1]/div/div (tried for 15 second(s) with 500 milliseconds interval)
Build info: version: '3.141.59', revision: 'e82be7d358', time: '2018-11-14T08:17:03'
System info: host: 'INNOWAVE-383', ip: '10.247.176.10', os.name: 'Windows 10', os.arch: 'amd64', os.version: '10.0', java.version: '1.8.0_212'
Driver info: org.openqa.selenium.chrome.ChromeDriver
Capabilities {acceptInsecureCerts: false, browserName: chrome, browserVersion: 78.0.3904.108, chrome: {chromedriverVersion: 78.0.3904.70 (edb9c9f3de024..., userDataDir: C:\Users\luis.achas\AppData...}, goog:chromeOptions: {debuggerAddress: localhost:54912}, javascriptEnabled: true, networkConnectionEnabled: false, pageLoadStrategy: normal, platform: XP, platformName: XP, proxy: Proxy(), setWindowRect: true, strictFileInteractability: false, timeouts: {implicit: 0, pageLoad: 300000, script: 30000}, unhandledPromptBehavior: dismiss and notify}
Session ID: af2fad341175ffa0c10ab579a77083bb
at org.openqa.selenium.support.ui.WebDriverWait.timeoutException(WebDriverWait.java:95)
at org.openqa.selenium.support.ui.FluentWait.until(FluentWait.java:272)
at delivery01.soi_66.AgreementCreation_From_Oportunity_MobileVoice_EditAgreement.step06(AgreementCreation_From_Oportunity_MobileVoice_EditAgreement.java:256)
... 25 more
]]>
            </full-stacktrace>
          </exception> <!-- java.lang.Exception -->
          <reporter-output>
          </reporter-output>
        </test-method> <!-- step06 -->
        <test-method status="SKIP" signature="step07()[pri:0, instance:delivery01.soi_66.AgreementCreation_From_Oportunity_MobileVoice_EditAgreement@5e3a8624]" name="step07" duration-ms="0" started-at="2019-12-11T13:03:06Z" depends-on-methods="delivery01.soi_66.AgreementCreation_From_Oportunity_MobileVoice_EditAgreement.step06" finished-at="2019-12-11T13:03:06Z">
          <exception class="java.lang.Throwable">
            <message>
              <![CDATA[Method AgreementCreation_From_Oportunity_MobileVoice_EditAgreement.step07()[pri:0, instance:delivery01.soi_66.AgreementCreation_From_Oportunity_MobileVoice_EditAgreement@5e3a8624] depends on not successfully finished methods]]>
            </message>
            <full-stacktrace>
              <![CDATA[java.lang.Throwable: Method AgreementCreation_From_Oportunity_MobileVoice_EditAgreement.step07()[pri:0, instance:delivery01.soi_66.AgreementCreation_From_Oportunity_MobileVoice_EditAgreement@5e3a8624] depends on not successfully finished methods
at org.testng.internal.Invoker.invokeTestMethods(Invoker.java:888)
at org.testng.internal.TestMethodWorker.invokeTestMethods(TestMethodWorker.java:125)
at org.testng.internal.TestMethodWorker.run(TestMethodWorker.java:109)
at org.testng.TestRunner.privateRun(TestRunner.java:648)
at org.testng.TestRunner.run(TestRunner.java:505)
at org.testng.SuiteRunner.runTest(SuiteRunner.java:455)
at org.testng.SuiteRunner.runSequentially(SuiteRunner.java:450)
at org.testng.SuiteRunner.privateRun(SuiteRunner.java:415)
at org.testng.SuiteRunner.run(SuiteRunner.java:364)
at org.testng.SuiteRunnerWorker.runSuite(SuiteRunnerWorker.java:52)
at org.testng.SuiteRunnerWorker.run(SuiteRunnerWorker.java:84)
at org.testng.TestNG.runSuitesSequentially(TestNG.java:1208)
at org.testng.TestNG.runSuitesLocally(TestNG.java:1137)
at org.testng.TestNG.runSuites(TestNG.java:1049)
at org.testng.TestNG.run(TestNG.java:1017)
at org.testng.remote.AbstractRemoteTestNG.run(AbstractRemoteTestNG.java:115)
at org.testng.remote.RemoteTestNG.initAndRun(RemoteTestNG.java:251)
at org.testng.remote.RemoteTestNG.main(RemoteTestNG.java:77)
]]>
            </full-stacktrace>
          </exception> <!-- java.lang.Throwable -->
          <reporter-output>
          </reporter-output>
        </test-method> <!-- step07 -->
        <test-method status="PASS" signature="afterTest()[pri:0, instance:delivery01.soi_66.AgreementCreation_From_Oportunity_MobileVoice_EditAgreement@5e3a8624]" name="afterTest" is-config="true" duration-ms="4713" started-at="2019-12-11T13:03:06Z" finished-at="2019-12-11T13:03:11Z">
          <reporter-output>
          </reporter-output>
        </test-method> <!-- afterTest -->
      </class> <!-- delivery01.soi_66.AgreementCreation_From_Oportunity_MobileVoice_EditAgreement -->
    </test> <!-- Default test -->
  </suite> <!-- Default suite -->
</testng-results>
