<?xml version="1.0" encoding="UTF-8"?>
<testng-results skipped="0" failed="0" ignored="0" total="3" passed="3">
  <reporter-output>
  </reporter-output>
  <suite name="Default suite" duration-ms="40470" started-at="2020-07-14T17:20:57Z" finished-at="2020-07-14T17:21:38Z">
    <groups>
    </groups>
    <test name="Default test" duration-ms="40470" started-at="2020-07-14T17:20:57Z" finished-at="2020-07-14T17:21:38Z">
      <class name="delivery02.soi_1312.SOI_1312_TC03_DS_ChineseWallsDuringQuoting_SalesUserProfile">
        <test-method status="PASS" signature="setupDriver()[pri:0, instance:delivery02.soi_1312.SOI_1312_TC03_DS_ChineseWallsDuringQuoting_SalesUserProfile@464bee09]" name="setupDriver" is-config="true" duration-ms="6106" started-at="2020-07-14T17:20:51Z" finished-at="2020-07-14T17:20:57Z">
          <reporter-output>
          </reporter-output>
        </test-method> <!-- setupDriver -->
        <test-method status="PASS" signature="beforeTest()[pri:0, instance:delivery02.soi_1312.SOI_1312_TC03_DS_ChineseWallsDuringQuoting_SalesUserProfile@464bee09]" name="beforeTest" is-config="true" duration-ms="6" started-at="2020-07-14T17:20:57Z" finished-at="2020-07-14T17:20:57Z">
          <reporter-output>
          </reporter-output>
        </test-method> <!-- beforeTest -->
        <test-method status="PASS" signature="step01()[pri:0, instance:delivery02.soi_1312.SOI_1312_TC03_DS_ChineseWallsDuringQuoting_SalesUserProfile@464bee09]" name="step01" duration-ms="14804" started-at="2020-07-14T17:20:57Z" finished-at="2020-07-14T17:21:12Z">
          <reporter-output>
          </reporter-output>
        </test-method> <!-- step01 -->
        <test-method status="PASS" signature="step02()[pri:0, instance:delivery02.soi_1312.SOI_1312_TC03_DS_ChineseWallsDuringQuoting_SalesUserProfile@464bee09]" name="step02" duration-ms="10244" started-at="2020-07-14T17:21:12Z" depends-on-methods="delivery02.soi_1312.SOI_1312_TC03_DS_ChineseWallsDuringQuoting_SalesUserProfile.step01" finished-at="2020-07-14T17:21:22Z">
          <reporter-output>
          </reporter-output>
        </test-method> <!-- step02 -->
        <test-method status="PASS" signature="step03()[pri:0, instance:delivery02.soi_1312.SOI_1312_TC03_DS_ChineseWallsDuringQuoting_SalesUserProfile@464bee09]" name="step03" duration-ms="10600" started-at="2020-07-14T17:21:22Z" depends-on-methods="delivery02.soi_1312.SOI_1312_TC03_DS_ChineseWallsDuringQuoting_SalesUserProfile.step02" finished-at="2020-07-14T17:21:33Z">
          <reporter-output>
          </reporter-output>
        </test-method> <!-- step03 -->
        <test-method status="PASS" signature="afterClass()[pri:0, instance:delivery02.soi_1312.SOI_1312_TC03_DS_ChineseWallsDuringQuoting_SalesUserProfile@464bee09]" name="afterClass" is-config="true" duration-ms="4752" started-at="2020-07-14T17:21:33Z" finished-at="2020-07-14T17:21:38Z">
          <reporter-output>
          </reporter-output>
        </test-method> <!-- afterClass -->
      </class> <!-- delivery02.soi_1312.SOI_1312_TC03_DS_ChineseWallsDuringQuoting_SalesUserProfile -->
    </test> <!-- Default test -->
  </suite> <!-- Default suite -->
</testng-results>
