<?xml version="1.0" encoding="UTF-8"?>
<testng-results ignored="0" total="1" passed="0" failed="1" skipped="0">
  <reporter-output>
  </reporter-output>
  <suite started-at="2021-01-11T18:30:57Z" name="Default suite" finished-at="2021-01-11T18:34:41Z" duration-ms="224283">
    <groups>
    </groups>
    <test started-at="2021-01-11T18:30:57Z" name="Default test" finished-at="2021-01-11T18:34:41Z" duration-ms="224283">
      <class name="testingFrameworkPackage.GeneralTestingClass">
        <test-method is-config="true" signature="beforeClass()[pri:0, instance:testingFrameworkPackage.GeneralTestingClass@5117dd67]" started-at="2021-01-11T18:30:57Z" name="beforeClass" finished-at="2021-01-11T18:31:04Z" duration-ms="6845" status="PASS">
          <reporter-output>
          </reporter-output>
        </test-method> <!-- beforeClass -->
        <test-method signature="ProductInProductBasket()[pri:0, instance:testingFrameworkPackage.GeneralTestingClass@5117dd67]" started-at="2021-01-11T18:31:04Z" name="ProductInProductBasket" finished-at="2021-01-11T18:34:37Z" duration-ms="213223" status="FAIL">
          <exception class="java.lang.Exception">
            <message>
              <![CDATA[GeneralTestingClass_D02_TC01_ProductInProductBasket: Test Case Failed on Test Model - E2E Flow in D02 with Voice Continuity]]>
            </message>
            <full-stacktrace>
              <![CDATA[java.lang.Exception: GeneralTestingClass_D02_TC01_ProductInProductBasket: Test Case Failed on Test Model - E2E Flow in D02 with Voice Continuity
at testFrameworkLibrary.D02Models.E2FFlowForD02(D02Models.java:267)
at testingFrameworkPackage.GeneralTestingClass.ProductInProductBasket(GeneralTestingClass.java:57)
at java.base/jdk.internal.reflect.NativeMethodAccessorImpl.invoke0(Native Method)
at java.base/jdk.internal.reflect.NativeMethodAccessorImpl.invoke(NativeMethodAccessorImpl.java:62)
at java.base/jdk.internal.reflect.DelegatingMethodAccessorImpl.invoke(DelegatingMethodAccessorImpl.java:43)
at java.base/java.lang.reflect.Method.invoke(Method.java:566)
at org.testng.internal.MethodInvocationHelper.invokeMethod(MethodInvocationHelper.java:124)
at org.testng.internal.Invoker.invokeMethod(Invoker.java:583)
at org.testng.internal.Invoker.invokeTestMethod(Invoker.java:719)
at org.testng.internal.Invoker.invokeTestMethods(Invoker.java:989)
at org.testng.internal.TestMethodWorker.invokeTestMethods(TestMethodWorker.java:125)
at org.testng.internal.TestMethodWorker.run(TestMethodWorker.java:109)
at org.testng.TestRunner.privateRun(TestRunner.java:648)
at org.testng.TestRunner.run(TestRunner.java:505)
at org.testng.SuiteRunner.runTest(SuiteRunner.java:455)
at org.testng.SuiteRunner.runSequentially(SuiteRunner.java:450)
at org.testng.SuiteRunner.privateRun(SuiteRunner.java:415)
at org.testng.SuiteRunner.run(SuiteRunner.java:364)
at org.testng.SuiteRunnerWorker.runSuite(SuiteRunnerWorker.java:52)
at org.testng.SuiteRunnerWorker.run(SuiteRunnerWorker.java:84)
at org.testng.TestNG.runSuitesSequentially(TestNG.java:1208)
at org.testng.TestNG.runSuitesLocally(TestNG.java:1137)
at org.testng.TestNG.runSuites(TestNG.java:1049)
at org.testng.TestNG.run(TestNG.java:1017)
at org.testng.remote.AbstractRemoteTestNG.run(AbstractRemoteTestNG.java:115)
at org.testng.remote.RemoteTestNG.initAndRun(RemoteTestNG.java:251)
at org.testng.remote.RemoteTestNG.main(RemoteTestNG.java:77)
]]>
            </full-stacktrace>
          </exception> <!-- java.lang.Exception -->
          <reporter-output>
          </reporter-output>
        </test-method> <!-- ProductInProductBasket -->
        <test-method is-config="true" signature="afterClass()[pri:0, instance:testingFrameworkPackage.GeneralTestingClass@5117dd67]" started-at="2021-01-11T18:34:37Z" name="afterClass" finished-at="2021-01-11T18:34:41Z" duration-ms="4150" status="PASS">
          <reporter-output>
          </reporter-output>
        </test-method> <!-- afterClass -->
      </class> <!-- testingFrameworkPackage.GeneralTestingClass -->
    </test> <!-- Default test -->
  </suite> <!-- Default suite -->
</testng-results>
