<?xml version="1.0" encoding="UTF-8"?>
<testng-results skipped="0" failed="0" ignored="0" total="5" passed="5">
  <reporter-output>
  </reporter-output>
  <suite name="Default suite" duration-ms="64613" started-at="2020-07-30T13:15:56Z" finished-at="2020-07-30T13:17:00Z">
    <groups>
    </groups>
    <test name="Default test" duration-ms="64613" started-at="2020-07-30T13:15:56Z" finished-at="2020-07-30T13:17:00Z">
      <class name="delivery01.soi_273.SOI_273_TC01_NoContactPerson_SalesUser">
        <test-method status="PASS" signature="setupDriver()[pri:0, instance:delivery01.soi_273.SOI_273_TC01_NoContactPerson_SalesUser@77cd7a0]" name="setupDriver" is-config="true" duration-ms="4336" started-at="2020-07-30T13:15:51Z" finished-at="2020-07-30T13:15:56Z">
          <reporter-output>
          </reporter-output>
        </test-method> <!-- setupDriver -->
        <test-method status="PASS" signature="beforeTest()[pri:0, instance:delivery01.soi_273.SOI_273_TC01_NoContactPerson_SalesUser@77cd7a0]" name="beforeTest" is-config="true" duration-ms="3" started-at="2020-07-30T13:15:56Z" finished-at="2020-07-30T13:15:56Z">
          <reporter-output>
          </reporter-output>
        </test-method> <!-- beforeTest -->
        <test-method status="PASS" signature="step01()[pri:0, instance:delivery01.soi_273.SOI_273_TC01_NoContactPerson_SalesUser@77cd7a0]" name="step01" duration-ms="7338" started-at="2020-07-30T13:15:56Z" finished-at="2020-07-30T13:16:03Z">
          <reporter-output>
          </reporter-output>
        </test-method> <!-- step01 -->
        <test-method status="PASS" signature="step02()[pri:0, instance:delivery01.soi_273.SOI_273_TC01_NoContactPerson_SalesUser@77cd7a0]" name="step02" duration-ms="4402" started-at="2020-07-30T13:16:03Z" depends-on-methods="delivery01.soi_273.SOI_273_TC01_NoContactPerson_SalesUser.step01" finished-at="2020-07-30T13:16:07Z">
          <reporter-output>
          </reporter-output>
        </test-method> <!-- step02 -->
        <test-method status="PASS" signature="step03()[pri:0, instance:delivery01.soi_273.SOI_273_TC01_NoContactPerson_SalesUser@77cd7a0]" name="step03" duration-ms="12936" started-at="2020-07-30T13:16:07Z" depends-on-methods="delivery01.soi_273.SOI_273_TC01_NoContactPerson_SalesUser.step02" finished-at="2020-07-30T13:16:20Z">
          <reporter-output>
          </reporter-output>
        </test-method> <!-- step03 -->
        <test-method status="PASS" signature="step04()[pri:0, instance:delivery01.soi_273.SOI_273_TC01_NoContactPerson_SalesUser@77cd7a0]" name="step04" duration-ms="32600" started-at="2020-07-30T13:16:20Z" depends-on-methods="delivery01.soi_273.SOI_273_TC01_NoContactPerson_SalesUser.step03" finished-at="2020-07-30T13:16:53Z">
          <reporter-output>
          </reporter-output>
        </test-method> <!-- step04 -->
        <test-method status="PASS" signature="step05()[pri:0, instance:delivery01.soi_273.SOI_273_TC01_NoContactPerson_SalesUser@77cd7a0]" name="step05" duration-ms="2625" started-at="2020-07-30T13:16:53Z" depends-on-methods="delivery01.soi_273.SOI_273_TC01_NoContactPerson_SalesUser.step04" finished-at="2020-07-30T13:16:55Z">
          <reporter-output>
          </reporter-output>
        </test-method> <!-- step05 -->
        <test-method status="PASS" signature="afterClass()[pri:0, instance:delivery01.soi_273.SOI_273_TC01_NoContactPerson_SalesUser@77cd7a0]" name="afterClass" is-config="true" duration-ms="4682" started-at="2020-07-30T13:16:55Z" finished-at="2020-07-30T13:17:00Z">
          <reporter-output>
          </reporter-output>
        </test-method> <!-- afterClass -->
      </class> <!-- delivery01.soi_273.SOI_273_TC01_NoContactPerson_SalesUser -->
    </test> <!-- Default test -->
  </suite> <!-- Default suite -->
</testng-results>
