<?xml version="1.0" encoding="UTF-8"?>
<testng-results skipped="0" failed="0" ignored="0" total="11" passed="11">
  <reporter-output>
  </reporter-output>
  <suite name="Default suite" duration-ms="170778" started-at="2020-04-27T09:21:28Z" finished-at="2020-04-27T09:24:19Z">
    <groups>
    </groups>
    <test name="Default test" duration-ms="170778" started-at="2020-04-27T09:21:28Z" finished-at="2020-04-27T09:24:19Z">
      <class name="delivery01.soi_68.SOI_68_TC01_OrderCreation_From_OPTYClosure_Won_MobileVoice">
        <test-method status="PASS" signature="beforeTest()[pri:0, instance:delivery01.soi_68.SOI_68_TC01_OrderCreation_From_OPTYClosure_Won_MobileVoice@6eebc39e]" name="beforeTest" is-config="true" duration-ms="9263" started-at="2020-04-27T09:21:28Z" finished-at="2020-04-27T09:21:38Z">
          <reporter-output>
          </reporter-output>
        </test-method> <!-- beforeTest -->
        <test-method status="PASS" signature="step01()[pri:0, instance:delivery01.soi_68.SOI_68_TC01_OrderCreation_From_OPTYClosure_Won_MobileVoice@6eebc39e]" name="step01" duration-ms="18215" started-at="2020-04-27T09:21:38Z" finished-at="2020-04-27T09:21:56Z">
          <reporter-output>
          </reporter-output>
        </test-method> <!-- step01 -->
        <test-method status="PASS" signature="step02()[pri:0, instance:delivery01.soi_68.SOI_68_TC01_OrderCreation_From_OPTYClosure_Won_MobileVoice@6eebc39e]" name="step02" duration-ms="11410" started-at="2020-04-27T09:21:56Z" depends-on-methods="delivery01.soi_68.SOI_68_TC01_OrderCreation_From_OPTYClosure_Won_MobileVoice.step01" finished-at="2020-04-27T09:22:07Z">
          <reporter-output>
          </reporter-output>
        </test-method> <!-- step02 -->
        <test-method status="PASS" signature="step03()[pri:0, instance:delivery01.soi_68.SOI_68_TC01_OrderCreation_From_OPTYClosure_Won_MobileVoice@6eebc39e]" name="step03" duration-ms="20859" started-at="2020-04-27T09:22:07Z" depends-on-methods="delivery01.soi_68.SOI_68_TC01_OrderCreation_From_OPTYClosure_Won_MobileVoice.step02" finished-at="2020-04-27T09:22:28Z">
          <reporter-output>
          </reporter-output>
        </test-method> <!-- step03 -->
        <test-method status="PASS" signature="step04()[pri:0, instance:delivery01.soi_68.SOI_68_TC01_OrderCreation_From_OPTYClosure_Won_MobileVoice@6eebc39e]" name="step04" duration-ms="41268" started-at="2020-04-27T09:22:28Z" depends-on-methods="delivery01.soi_68.SOI_68_TC01_OrderCreation_From_OPTYClosure_Won_MobileVoice.step03" finished-at="2020-04-27T09:23:09Z">
          <reporter-output>
          </reporter-output>
        </test-method> <!-- step04 -->
        <test-method status="PASS" signature="step05()[pri:0, instance:delivery01.soi_68.SOI_68_TC01_OrderCreation_From_OPTYClosure_Won_MobileVoice@6eebc39e]" name="step05" duration-ms="10440" started-at="2020-04-27T09:23:09Z" depends-on-methods="delivery01.soi_68.SOI_68_TC01_OrderCreation_From_OPTYClosure_Won_MobileVoice.step04" finished-at="2020-04-27T09:23:20Z">
          <reporter-output>
          </reporter-output>
        </test-method> <!-- step05 -->
        <test-method status="PASS" signature="step06()[pri:0, instance:delivery01.soi_68.SOI_68_TC01_OrderCreation_From_OPTYClosure_Won_MobileVoice@6eebc39e]" name="step06" duration-ms="5583" started-at="2020-04-27T09:23:20Z" depends-on-methods="delivery01.soi_68.SOI_68_TC01_OrderCreation_From_OPTYClosure_Won_MobileVoice.step05" finished-at="2020-04-27T09:23:25Z">
          <reporter-output>
          </reporter-output>
        </test-method> <!-- step06 -->
        <test-method status="PASS" signature="step07()[pri:0, instance:delivery01.soi_68.SOI_68_TC01_OrderCreation_From_OPTYClosure_Won_MobileVoice@6eebc39e]" name="step07" duration-ms="22673" started-at="2020-04-27T09:23:25Z" depends-on-methods="delivery01.soi_68.SOI_68_TC01_OrderCreation_From_OPTYClosure_Won_MobileVoice.step06" finished-at="2020-04-27T09:23:48Z">
          <reporter-output>
          </reporter-output>
        </test-method> <!-- step07 -->
        <test-method status="PASS" signature="step08()[pri:0, instance:delivery01.soi_68.SOI_68_TC01_OrderCreation_From_OPTYClosure_Won_MobileVoice@6eebc39e]" name="step08" duration-ms="3409" started-at="2020-04-27T09:23:48Z" depends-on-methods="delivery01.soi_68.SOI_68_TC01_OrderCreation_From_OPTYClosure_Won_MobileVoice.step07" finished-at="2020-04-27T09:23:52Z">
          <reporter-output>
          </reporter-output>
        </test-method> <!-- step08 -->
        <test-method status="PASS" signature="step09()[pri:0, instance:delivery01.soi_68.SOI_68_TC01_OrderCreation_From_OPTYClosure_Won_MobileVoice@6eebc39e]" name="step09" duration-ms="15292" started-at="2020-04-27T09:23:52Z" depends-on-methods="delivery01.soi_68.SOI_68_TC01_OrderCreation_From_OPTYClosure_Won_MobileVoice.step08" finished-at="2020-04-27T09:24:07Z">
          <reporter-output>
          </reporter-output>
        </test-method> <!-- step09 -->
        <test-method status="PASS" signature="step10()[pri:0, instance:delivery01.soi_68.SOI_68_TC01_OrderCreation_From_OPTYClosure_Won_MobileVoice@6eebc39e]" name="step10" duration-ms="604" started-at="2020-04-27T09:24:07Z" depends-on-methods="delivery01.soi_68.SOI_68_TC01_OrderCreation_From_OPTYClosure_Won_MobileVoice.step09" finished-at="2020-04-27T09:24:07Z">
          <reporter-output>
          </reporter-output>
        </test-method> <!-- step10 -->
        <test-method status="PASS" signature="step11()[pri:0, instance:delivery01.soi_68.SOI_68_TC01_OrderCreation_From_OPTYClosure_Won_MobileVoice@6eebc39e]" name="step11" duration-ms="6359" started-at="2020-04-27T09:24:07Z" depends-on-methods="delivery01.soi_68.SOI_68_TC01_OrderCreation_From_OPTYClosure_Won_MobileVoice.step10" finished-at="2020-04-27T09:24:14Z">
          <reporter-output>
          </reporter-output>
        </test-method> <!-- step11 -->
        <test-method status="PASS" signature="afterTest()[pri:0, instance:delivery01.soi_68.SOI_68_TC01_OrderCreation_From_OPTYClosure_Won_MobileVoice@6eebc39e]" name="afterTest" is-config="true" duration-ms="5311" started-at="2020-04-27T09:24:14Z" finished-at="2020-04-27T09:24:19Z">
          <reporter-output>
          </reporter-output>
        </test-method> <!-- afterTest -->
      </class> <!-- delivery01.soi_68.SOI_68_TC01_OrderCreation_From_OPTYClosure_Won_MobileVoice -->
    </test> <!-- Default test -->
  </suite> <!-- Default suite -->
</testng-results>
